
The following have been reloaded with a version change:
  1) snakemake/7.12.1 => snakemake/6.4.1

Building DAG of jobs...
Using shell: /usr/bin/bash
Provided cluster nodes: 4
Job counts:
	count	jobs
	1	all
	1	cmboutput
	1	joininginR
	1	summaryoutputs
	4

[Mon Jan 23 11:26:45 2023]
rule summaryoutputs:
    input: /uufs/chpc.utah.edu/common/home/kapheim-group2/kate_projects/nmel_tagseq/analysis/GSAF_files_prac/original_files/10_S102_L001_R1_001.fastq.gz, /uufs/chpc.utah.edu/common/home/kapheim-group2/kate_projects/nmel_tagseq/analysis/GSAF_files_prac/original_files/29_S67_L001_R1_001.fastq.gz, /uufs/chpc.utah.edu/common/home/kapheim-group2/kate_projects/nmel_tagseq/analysis/GSAF_files_prac/original_files/11_S109_L001_R1_001.fastq.gz, /uufs/chpc.utah.edu/common/home/kapheim-group2/kate_projects/nmel_tagseq/analysis/GSAF_files_prac/concatenated/10_S102.cmb.fastq.gz, /uufs/chpc.utah.edu/common/home/kapheim-group2/kate_projects/nmel_tagseq/analysis/GSAF_files_prac/concatenated/29_S67.cmb.fastq.gz, /uufs/chpc.utah.edu/common/home/kapheim-group2/kate_projects/nmel_tagseq/analysis/GSAF_files_prac/concatenated/11_S109.cmb.fastq.gz, /uufs/chpc.utah.edu/common/home/kapheim-group2/kate_projects/nmel_tagseq/analysis/GSAF_files_prac/trimmed/10_S102.trim.fastq, /uufs/chpc.utah.edu/common/home/kapheim-group2/kate_projects/nmel_tagseq/analysis/GSAF_files_prac/trimmed/29_S67.trim.fastq, /uufs/chpc.utah.edu/common/home/kapheim-group2/kate_projects/nmel_tagseq/analysis/GSAF_files_prac/trimmed/11_S109.trim.fastq, /uufs/chpc.utah.edu/common/home/kapheim-group2/kate_projects/nmel_tagseq/analysis/GSAF_files_prac/qual_filter/cutadapt/10_S102.qualfilt, /uufs/chpc.utah.edu/common/home/kapheim-group2/kate_projects/nmel_tagseq/analysis/GSAF_files_prac/qual_filter/cutadapt/29_S67.qualfilt, /uufs/chpc.utah.edu/common/home/kapheim-group2/kate_projects/nmel_tagseq/analysis/GSAF_files_prac/qual_filter/cutadapt/11_S109.qualfilt, /uufs/chpc.utah.edu/common/home/kapheim-group2/kate_projects/nmel_tagseq/analysis/GSAF_files_prac/SAM/10_S102/10_S102_Aligned.out.sam, /uufs/chpc.utah.edu/common/home/kapheim-group2/kate_projects/nmel_tagseq/analysis/GSAF_files_prac/SAM/29_S67/29_S67_Aligned.out.sam, /uufs/chpc.utah.edu/common/home/kapheim-group2/kate_projects/nmel_tagseq/analysis/GSAF_files_prac/SAM/11_S109/11_S109_Aligned.out.sam
    output: /uufs/chpc.utah.edu/common/home/kapheim-group2/kate_projects/nmel_tagseq/analysis/GSAF_files_prac/outputsfolder/seqcounts.txt, /uufs/chpc.utah.edu/common/home/kapheim-group2/kate_projects/nmel_tagseq/analysis/GSAF_files_prac/outputsfolder/concat.txt, /uufs/chpc.utah.edu/common/home/kapheim-group2/kate_projects/nmel_tagseq/analysis/GSAF_files_prac/outputsfolder/trim.txt, /uufs/chpc.utah.edu/common/home/kapheim-group2/kate_projects/nmel_tagseq/analysis/GSAF_files_prac/outputsfolder/qual.txt, /uufs/chpc.utah.edu/common/home/kapheim-group2/kate_projects/nmel_tagseq/analysis/GSAF_files_prac/outputsfolder/align.txt, /uufs/chpc.utah.edu/common/home/kapheim-group2/kate_projects/nmel_tagseq/analysis/GSAF_files_prac/outputsfolder/featurecounts.txt
    jobid: 20
    resources: mem_mb=1000

Submitted job 20 with external jobid 'Submitted batch job 6880611 on cluster notchpeak'.
[Mon Jan 23 11:28:05 2023]
Finished job 20.
1 of 4 steps (25%) done

[Mon Jan 23 11:28:05 2023]
rule cmboutput:
    input: /uufs/chpc.utah.edu/common/home/kapheim-group2/kate_projects/nmel_tagseq/analysis/GSAF_files_prac/outputsfolder/seqcounts.txt
    output: /uufs/chpc.utah.edu/common/home/kapheim-group2/kate_projects/nmel_tagseq/analysis/GSAF_files_prac/outputsfolder/cmb_orig.txt
    jobid: 21
    resources: mem_mb=1000

Submitted job 21 with external jobid 'Submitted batch job 6880614 on cluster notchpeak'.
[Mon Jan 23 11:28:15 2023]
Finished job 21.
2 of 4 steps (50%) done

[Mon Jan 23 11:28:15 2023]
rule joininginR:
    input: /uufs/chpc.utah.edu/common/home/kapheim-group2/kate_projects/nmel_tagseq/analysis/GSAF_files_prac/outputsfolder/cmb_orig.txt, /uufs/chpc.utah.edu/common/home/kapheim-group2/kate_projects/nmel_tagseq/analysis/GSAF_files_prac/outputsfolder/concat.txt, /uufs/chpc.utah.edu/common/home/kapheim-group2/kate_projects/nmel_tagseq/analysis/GSAF_files_prac/outputsfolder/trim.txt, /uufs/chpc.utah.edu/common/home/kapheim-group2/kate_projects/nmel_tagseq/analysis/GSAF_files_prac/outputsfolder/qual.txt, /uufs/chpc.utah.edu/common/home/kapheim-group2/kate_projects/nmel_tagseq/analysis/GSAF_files_prac/outputsfolder/align.txt
    output: /uufs/chpc.utah.edu/common/home/kapheim-group2/kate_projects/nmel_tagseq/analysis/GSAF_files_prac/outputsfolder/Rcombtable.txt, /uufs/chpc.utah.edu/common/home/kapheim-group2/kate_projects/nmel_tagseq/analysis/GSAF_files_prac/outputsfolder/joined_tables.txt, /uufs/chpc.utah.edu/common/home/kapheim-group2/kate_projects/nmel_tagseq/analysis/GSAF_files_prac/outputsfolder/joined_long.txt
    jobid: 22
    resources: mem_mb=1000

Submitted job 22 with external jobid 'Submitted batch job 6880615 on cluster notchpeak'.
[Mon Jan 23 11:28:25 2023]
Finished job 22.
3 of 4 steps (75%) done

[Mon Jan 23 11:28:25 2023]
localrule all:
    input: /uufs/chpc.utah.edu/common/home/kapheim-group2/kate_projects/nmel_tagseq/genome/index_done.txt, /uufs/chpc.utah.edu/common/home/kapheim-group2/kate_projects/nmel_tagseq/analysis/GSAF_files_prac/original_files/10_S102_L001_R1_001.fastq.gz, /uufs/chpc.utah.edu/common/home/kapheim-group2/kate_projects/nmel_tagseq/analysis/GSAF_files_prac/original_files/29_S67_L001_R1_001.fastq.gz, /uufs/chpc.utah.edu/common/home/kapheim-group2/kate_projects/nmel_tagseq/analysis/GSAF_files_prac/original_files/11_S109_L001_R1_001.fastq.gz, /uufs/chpc.utah.edu/common/home/kapheim-group2/kate_projects/nmel_tagseq/analysis/GSAF_files_prac/concatenated/10_S102.cmb.fastq.gz, /uufs/chpc.utah.edu/common/home/kapheim-group2/kate_projects/nmel_tagseq/analysis/GSAF_files_prac/concatenated/29_S67.cmb.fastq.gz, /uufs/chpc.utah.edu/common/home/kapheim-group2/kate_projects/nmel_tagseq/analysis/GSAF_files_prac/concatenated/11_S109.cmb.fastq.gz, /uufs/chpc.utah.edu/common/home/kapheim-group2/kate_projects/nmel_tagseq/analysis/GSAF_files_prac/trimmed/10_S102.trim.fastq, /uufs/chpc.utah.edu/common/home/kapheim-group2/kate_projects/nmel_tagseq/analysis/GSAF_files_prac/trimmed/29_S67.trim.fastq, /uufs/chpc.utah.edu/common/home/kapheim-group2/kate_projects/nmel_tagseq/analysis/GSAF_files_prac/trimmed/11_S109.trim.fastq, /uufs/chpc.utah.edu/common/home/kapheim-group2/kate_projects/nmel_tagseq/analysis/GSAF_files_prac/qual_filter/cutadapt/10_S102.qualfilt, /uufs/chpc.utah.edu/common/home/kapheim-group2/kate_projects/nmel_tagseq/analysis/GSAF_files_prac/qual_filter/cutadapt/29_S67.qualfilt, /uufs/chpc.utah.edu/common/home/kapheim-group2/kate_projects/nmel_tagseq/analysis/GSAF_files_prac/qual_filter/cutadapt/11_S109.qualfilt, /uufs/chpc.utah.edu/common/home/kapheim-group2/kate_projects/nmel_tagseq/analysis/GSAF_files_prac/SAM/10_S102/10_S102_Aligned.out.sam, /uufs/chpc.utah.edu/common/home/kapheim-group2/kate_projects/nmel_tagseq/analysis/GSAF_files_prac/SAM/29_S67/29_S67_Aligned.out.sam, /uufs/chpc.utah.edu/common/home/kapheim-group2/kate_projects/nmel_tagseq/analysis/GSAF_files_prac/SAM/11_S109/11_S109_Aligned.out.sam, /uufs/chpc.utah.edu/common/home/kapheim-group2/kate_projects/nmel_tagseq/analysis/GSAF_files_prac/BAM/10_S102/10_S102_Aligned.out.bam, /uufs/chpc.utah.edu/common/home/kapheim-group2/kate_projects/nmel_tagseq/analysis/GSAF_files_prac/BAM/29_S67/29_S67_Aligned.out.bam, /uufs/chpc.utah.edu/common/home/kapheim-group2/kate_projects/nmel_tagseq/analysis/GSAF_files_prac/BAM/11_S109/11_S109_Aligned.out.bam, /uufs/chpc.utah.edu/common/home/kapheim-group2/kate_projects/nmel_tagseq/analysis/GSAF_files_prac/BAM/10_S102/sortedbycoord/10_S102namesort.bam, /uufs/chpc.utah.edu/common/home/kapheim-group2/kate_projects/nmel_tagseq/analysis/GSAF_files_prac/BAM/29_S67/sortedbycoord/29_S67namesort.bam, /uufs/chpc.utah.edu/common/home/kapheim-group2/kate_projects/nmel_tagseq/analysis/GSAF_files_prac/BAM/11_S109/sortedbycoord/11_S109namesort.bam, /uufs/chpc.utah.edu/common/home/kapheim-group2/kate_projects/nmel_tagseq/analysis/GSAF_files_prac/featurecounts/10_S102.txt, /uufs/chpc.utah.edu/common/home/kapheim-group2/kate_projects/nmel_tagseq/analysis/GSAF_files_prac/featurecounts/29_S67.txt, /uufs/chpc.utah.edu/common/home/kapheim-group2/kate_projects/nmel_tagseq/analysis/GSAF_files_prac/featurecounts/11_S109.txt, /uufs/chpc.utah.edu/common/home/kapheim-group2/kate_projects/nmel_tagseq/analysis/GSAF_files_prac/outputsfolder/seqcounts.txt, /uufs/chpc.utah.edu/common/home/kapheim-group2/kate_projects/nmel_tagseq/analysis/GSAF_files_prac/outputsfolder/concat.txt, /uufs/chpc.utah.edu/common/home/kapheim-group2/kate_projects/nmel_tagseq/analysis/GSAF_files_prac/outputsfolder/cmb_orig.txt, /uufs/chpc.utah.edu/common/home/kapheim-group2/kate_projects/nmel_tagseq/analysis/GSAF_files_prac/outputsfolder/trim.txt, /uufs/chpc.utah.edu/common/home/kapheim-group2/kate_projects/nmel_tagseq/analysis/GSAF_files_prac/outputsfolder/qual.txt, /uufs/chpc.utah.edu/common/home/kapheim-group2/kate_projects/nmel_tagseq/analysis/GSAF_files_prac/outputsfolder/align.txt, /uufs/chpc.utah.edu/common/home/kapheim-group2/kate_projects/nmel_tagseq/analysis/GSAF_files_prac/outputsfolder/featurecounts.txt, /uufs/chpc.utah.edu/common/home/kapheim-group2/kate_projects/nmel_tagseq/analysis/GSAF_files_prac/outputsfolder/joined_tables.txt, /uufs/chpc.utah.edu/common/home/kapheim-group2/kate_projects/nmel_tagseq/analysis/GSAF_files_prac/outputsfolder/joined_long.txt
    jobid: 0

[Mon Jan 23 11:28:25 2023]
Finished job 0.
4 of 4 steps (100%) done
Complete log: /uufs/chpc.utah.edu/common/home/kapheim-group2/kate_projects/nmel_tagseq/scripts/snake/kh_snakes/.snakemake/log/2023-01-23T112644.837420.snakemake.log
