Building DAG of jobs...
Using shell: /usr/bin/bash
Provided cluster nodes: 14
Job counts:
	count	jobs
	1	all
	1	combine_matrices_htseq
	3	counting
	5

[Mon Sep 12 14:49:22 2022]
rule counting:
    input: /uufs/chpc.utah.edu/common/home/kapheim-group2/nmel_immune_tagseq/kate_practice/nmel_tagseq/fastq_files/GSAF_files_prac/SAM/12_S116/12_S116_Aligned.out.sam
    output: /uufs/chpc.utah.edu/common/home/kapheim-group2/nmel_immune_tagseq/kate_practice/nmel_tagseq/fastq_files/GSAF_files_prac/htseq/strandedisreverse/12_S116_coord.txt
    jobid: 12
    wildcards: sample=12_S116
    resources: mem_mb=1000

Submitted job 12 with external jobid 'Submitted batch job 5696503 on cluster notchpeak'.

[Mon Sep 12 14:49:22 2022]
rule counting:
    input: /uufs/chpc.utah.edu/common/home/kapheim-group2/nmel_immune_tagseq/kate_practice/nmel_tagseq/fastq_files/GSAF_files_prac/SAM/10_S111/10_S111_Aligned.out.sam
    output: /uufs/chpc.utah.edu/common/home/kapheim-group2/nmel_immune_tagseq/kate_practice/nmel_tagseq/fastq_files/GSAF_files_prac/htseq/strandedisreverse/10_S111_coord.txt
    jobid: 13
    wildcards: sample=10_S111
    resources: mem_mb=1000

Submitted job 13 with external jobid 'Submitted batch job 5696504 on cluster notchpeak'.

[Mon Sep 12 14:49:22 2022]
rule combine_matrices_htseq:
    input: /uufs/chpc.utah.edu/common/home/kapheim-group2/nmel_immune_tagseq/kate_practice/nmel_tagseq/fastq_files/GSAF_files_prac/htseq/strandedisreverse
    output: /uufs/chpc.utah.edu/common/home/kapheim-group2/nmel_immune_tagseq/kate_practice/nmel_tagseq/fastq_files/GSAF_files_prac/htseq/strandedisreverse/matrix.csv
    jobid: 14
    resources: mem_mb=1000

Submitted job 14 with external jobid 'Submitted batch job 5696505 on cluster notchpeak'.

[Mon Sep 12 14:49:22 2022]
rule counting:
    input: /uufs/chpc.utah.edu/common/home/kapheim-group2/nmel_immune_tagseq/kate_practice/nmel_tagseq/fastq_files/GSAF_files_prac/SAM/11_S109/11_S109_Aligned.out.sam
    output: /uufs/chpc.utah.edu/common/home/kapheim-group2/nmel_immune_tagseq/kate_practice/nmel_tagseq/fastq_files/GSAF_files_prac/htseq/strandedisreverse/11_S109_coord.txt
    jobid: 11
    wildcards: sample=11_S109
    resources: mem_mb=1000

Submitted job 11 with external jobid 'Submitted batch job 5696506 on cluster notchpeak'.
[Mon Sep 12 14:49:32 2022]
Error in rule combine_matrices_htseq:
    jobid: 14
    output: /uufs/chpc.utah.edu/common/home/kapheim-group2/nmel_immune_tagseq/kate_practice/nmel_tagseq/fastq_files/GSAF_files_prac/htseq/strandedisreverse/matrix.csv
    shell:
        
              cd /uufs/chpc.utah.edu/common/home/kapheim-group2/nmel_immune_tagseq/kate_practice/nmel_tagseq/fastq_files/GSAF_files_prac/htseq/strandedisreverse
              module load R
              Rscript /uufs/chpc.utah.edu/common/home/kapheim-group2/nmel_immune_tagseq/kate_practice/nmel_tagseq/scripts/snake/khprac/Rstuff/htseq_scriptconcat.R
              
        (one of the commands exited with non-zero exit code; note that snakemake uses bash strict mode!)
    cluster_jobid: Submitted batch job 5696505 on cluster notchpeak

Error executing rule combine_matrices_htseq on cluster (jobid: 14, external: Submitted batch job 5696505 on cluster notchpeak, jobscript: /uufs/chpc.utah.edu/common/home/kapheim-group2/nmel_immune_tagseq/kate_practice/nmel_tagseq/scripts/snake/khprac/.snakemake/tmp.ydkgkaas/snakejob.combine_matrices_htseq.14.sh). For error details see the cluster log and the log files of the involved rule(s).
[Mon Sep 12 14:51:02 2022]
Finished job 11.
1 of 5 steps (20%) done
[Mon Sep 12 14:51:12 2022]
Finished job 12.
2 of 5 steps (40%) done
[Mon Sep 12 14:51:12 2022]
Finished job 13.
3 of 5 steps (60%) done
Shutting down, this might take some time.
Exiting because a job execution failed. Look above for error message
Complete log: /uufs/chpc.utah.edu/common/home/kapheim-group2/nmel_immune_tagseq/kate_practice/nmel_tagseq/scripts/snake/khprac/.snakemake/log/2022-09-12T144921.592420.snakemake.log
