Building DAG of jobs...
Using shell: /usr/bin/bash
Provided cluster nodes: 8
Job counts:
	count	jobs
	1	all
	3	counting
	4

[Thu Mar 17 16:31:25 2022]
rule counting:
    input: /uufs/chpc.utah.edu/common/home/kapheim-group2/nmel_immune_tagseq/kate_practice/nmel_tagseq/fastq_files/GSAF_files_prac/SAM/11_S109/11_S109_Aligned.out.sam
    output: /uufs/chpc.utah.edu/common/home/kapheim-group2/nmel_immune_tagseq/kate_practice/nmel_tagseq/fastq_files/GSAF_files_prac/htseq/11_S109.txt
    jobid: 8
    wildcards: sample=11_S109
    resources: mem_mb=1000

Submitted job 8 with external jobid 'Submitted batch job 4152506 on cluster notchpeak'.

[Thu Mar 17 16:31:25 2022]
rule counting:
    input: /uufs/chpc.utah.edu/common/home/kapheim-group2/nmel_immune_tagseq/kate_practice/nmel_tagseq/fastq_files/GSAF_files_prac/SAM/10_S111/10_S111_Aligned.out.sam
    output: /uufs/chpc.utah.edu/common/home/kapheim-group2/nmel_immune_tagseq/kate_practice/nmel_tagseq/fastq_files/GSAF_files_prac/htseq/10_S111.txt
    jobid: 10
    wildcards: sample=10_S111
    resources: mem_mb=1000

Submitted job 10 with external jobid 'Submitted batch job 4152507 on cluster notchpeak'.

[Thu Mar 17 16:31:26 2022]
rule counting:
    input: /uufs/chpc.utah.edu/common/home/kapheim-group2/nmel_immune_tagseq/kate_practice/nmel_tagseq/fastq_files/GSAF_files_prac/SAM/12_S116/12_S116_Aligned.out.sam
    output: /uufs/chpc.utah.edu/common/home/kapheim-group2/nmel_immune_tagseq/kate_practice/nmel_tagseq/fastq_files/GSAF_files_prac/htseq/12_S116.txt
    jobid: 9
    wildcards: sample=12_S116
    resources: mem_mb=1000

Submitted job 9 with external jobid 'Submitted batch job 4152508 on cluster notchpeak'.
[Thu Mar 17 16:32:35 2022]
Error in rule counting:
    jobid: 8
    output: /uufs/chpc.utah.edu/common/home/kapheim-group2/nmel_immune_tagseq/kate_practice/nmel_tagseq/fastq_files/GSAF_files_prac/htseq/11_S109.txt
    shell:
        
              module load python/3.6.3
              python -m HTSeq.scripts.count               -m intersection-nonempty               -s yes               -t exon               -i Parent               /uufs/chpc.utah.edu/common/home/kapheim-group2/nmel_immune_tagseq/kate_practice/nmel_tagseq/fastq_files/GSAF_files_prac/SAM/11_S109/11_S109_Aligned.out.sam /uufs/chpc.utah.edu/common/home/kapheim-group2/nmel_immune_tagseq/kate_practice/nmel_tagseq/genome/genome_files/NMEL_OGS_v2.1.0.gff3 > /uufs/chpc.utah.edu/common/home/kapheim-group2/nmel_immune_tagseq/kate_practice/nmel_tagseq/fastq_files/GSAF_files_prac/htseq/11_S109.txt
              
        (exited with non-zero exit code)
    cluster_jobid: Submitted batch job 4152506 on cluster notchpeak

Error executing rule counting on cluster (jobid: 8, external: Submitted batch job 4152506 on cluster notchpeak, jobscript: /uufs/chpc.utah.edu/common/home/kapheim-group2/nmel_immune_tagseq/kate_practice/nmel_tagseq/scripts/snake/khprac/.snakemake/tmp.65ve6_d9/snakejob.counting.8.sh). For error details see the cluster log and the log files of the involved rule(s).
[Thu Mar 17 16:32:45 2022]
Error in rule counting:
    jobid: 10
    output: /uufs/chpc.utah.edu/common/home/kapheim-group2/nmel_immune_tagseq/kate_practice/nmel_tagseq/fastq_files/GSAF_files_prac/htseq/10_S111.txt
    shell:
        
              module load python/3.6.3
              python -m HTSeq.scripts.count               -m intersection-nonempty               -s yes               -t exon               -i Parent               /uufs/chpc.utah.edu/common/home/kapheim-group2/nmel_immune_tagseq/kate_practice/nmel_tagseq/fastq_files/GSAF_files_prac/SAM/10_S111/10_S111_Aligned.out.sam /uufs/chpc.utah.edu/common/home/kapheim-group2/nmel_immune_tagseq/kate_practice/nmel_tagseq/genome/genome_files/NMEL_OGS_v2.1.0.gff3 > /uufs/chpc.utah.edu/common/home/kapheim-group2/nmel_immune_tagseq/kate_practice/nmel_tagseq/fastq_files/GSAF_files_prac/htseq/10_S111.txt
              
        (exited with non-zero exit code)
    cluster_jobid: Submitted batch job 4152507 on cluster notchpeak

Error executing rule counting on cluster (jobid: 10, external: Submitted batch job 4152507 on cluster notchpeak, jobscript: /uufs/chpc.utah.edu/common/home/kapheim-group2/nmel_immune_tagseq/kate_practice/nmel_tagseq/scripts/snake/khprac/.snakemake/tmp.65ve6_d9/snakejob.counting.10.sh). For error details see the cluster log and the log files of the involved rule(s).
[Thu Mar 17 16:32:45 2022]
Error in rule counting:
    jobid: 9
    output: /uufs/chpc.utah.edu/common/home/kapheim-group2/nmel_immune_tagseq/kate_practice/nmel_tagseq/fastq_files/GSAF_files_prac/htseq/12_S116.txt
    shell:
        
              module load python/3.6.3
              python -m HTSeq.scripts.count               -m intersection-nonempty               -s yes               -t exon               -i Parent               /uufs/chpc.utah.edu/common/home/kapheim-group2/nmel_immune_tagseq/kate_practice/nmel_tagseq/fastq_files/GSAF_files_prac/SAM/12_S116/12_S116_Aligned.out.sam /uufs/chpc.utah.edu/common/home/kapheim-group2/nmel_immune_tagseq/kate_practice/nmel_tagseq/genome/genome_files/NMEL_OGS_v2.1.0.gff3 > /uufs/chpc.utah.edu/common/home/kapheim-group2/nmel_immune_tagseq/kate_practice/nmel_tagseq/fastq_files/GSAF_files_prac/htseq/12_S116.txt
              
        (exited with non-zero exit code)
    cluster_jobid: Submitted batch job 4152508 on cluster notchpeak

Error executing rule counting on cluster (jobid: 9, external: Submitted batch job 4152508 on cluster notchpeak, jobscript: /uufs/chpc.utah.edu/common/home/kapheim-group2/nmel_immune_tagseq/kate_practice/nmel_tagseq/scripts/snake/khprac/.snakemake/tmp.65ve6_d9/snakejob.counting.9.sh). For error details see the cluster log and the log files of the involved rule(s).
Shutting down, this might take some time.
Exiting because a job execution failed. Look above for error message
Complete log: /uufs/chpc.utah.edu/common/home/kapheim-group2/nmel_immune_tagseq/kate_practice/nmel_tagseq/scripts/snake/khprac/.snakemake/log/2022-03-17T163125.659147.snakemake.log
