Building DAG of jobs...
Using shell: /usr/bin/bash
Provided cluster nodes: 14
Job counts:
	count	jobs
	1	all
	3	convertBAMtosort
	4

[Tue Sep 13 11:05:18 2022]
rule convertBAMtosort:
    input: /uufs/chpc.utah.edu/common/home/kapheim-group2/nmel_immune_tagseq/kate_practice/nmel_tagseq/fastq_files/GSAF_files_prac/BAM/11_S109/11_S109_Aligned.out.bam
    output: /uufs/chpc.utah.edu/common/home/kapheim-group2/nmel_immune_tagseq/kate_practice/nmel_tagseq/fastq_files/GSAF_files_prac/BAM/11_S109/sortedbyname/11_S109namesort.bam
    jobid: 11
    wildcards: sample=11_S109
    resources: mem_mb=40000

Submitted job 11 with external jobid 'Submitted batch job 5702047 on cluster notchpeak'.

[Tue Sep 13 11:05:18 2022]
rule convertBAMtosort:
    input: /uufs/chpc.utah.edu/common/home/kapheim-group2/nmel_immune_tagseq/kate_practice/nmel_tagseq/fastq_files/GSAF_files_prac/BAM/10_S111/10_S111_Aligned.out.bam
    output: /uufs/chpc.utah.edu/common/home/kapheim-group2/nmel_immune_tagseq/kate_practice/nmel_tagseq/fastq_files/GSAF_files_prac/BAM/10_S111/sortedbyname/10_S111namesort.bam
    jobid: 13
    wildcards: sample=10_S111
    resources: mem_mb=40000

Submitted job 13 with external jobid 'Submitted batch job 5702048 on cluster notchpeak'.

[Tue Sep 13 11:05:18 2022]
rule convertBAMtosort:
    input: /uufs/chpc.utah.edu/common/home/kapheim-group2/nmel_immune_tagseq/kate_practice/nmel_tagseq/fastq_files/GSAF_files_prac/BAM/12_S116/12_S116_Aligned.out.bam
    output: /uufs/chpc.utah.edu/common/home/kapheim-group2/nmel_immune_tagseq/kate_practice/nmel_tagseq/fastq_files/GSAF_files_prac/BAM/12_S116/sortedbyname/12_S116namesort.bam
    jobid: 12
    wildcards: sample=12_S116
    resources: mem_mb=40000

Submitted job 12 with external jobid 'Submitted batch job 5702049 on cluster notchpeak'.
[Tue Sep 13 11:05:28 2022]
Error in rule convertBAMtosort:
    jobid: 11
    output: /uufs/chpc.utah.edu/common/home/kapheim-group2/nmel_immune_tagseq/kate_practice/nmel_tagseq/fastq_files/GSAF_files_prac/BAM/11_S109/sortedbyname/11_S109namesort.bam
    shell:
        
              module load samtools/1.5
              samtools sort -n /uufs/chpc.utah.edu/common/home/kapheim-group2/nmel_immune_tagseq/kate_practice/nmel_tagseq/fastq_files/GSAF_files_prac/BAM/11_S109/11_S109_Aligned.out.bam /uufs/chpc.utah.edu/common/home/kapheim-group2/nmel_immune_tagseq/kate_practice/nmel_tagseq/fastq_files/GSAF_files_prac/BAM/11_S109/sortedbyname/11_S109namesort.bam
              
        (one of the commands exited with non-zero exit code; note that snakemake uses bash strict mode!)
    cluster_jobid: Submitted batch job 5702047 on cluster notchpeak

Error executing rule convertBAMtosort on cluster (jobid: 11, external: Submitted batch job 5702047 on cluster notchpeak, jobscript: /uufs/chpc.utah.edu/common/home/kapheim-group2/nmel_immune_tagseq/kate_practice/nmel_tagseq/scripts/snake/khprac/.snakemake/tmp.e3o9f2ve/snakejob.convertBAMtosort.11.sh). For error details see the cluster log and the log files of the involved rule(s).
[Tue Sep 13 11:05:28 2022]
Error in rule convertBAMtosort:
    jobid: 13
    output: /uufs/chpc.utah.edu/common/home/kapheim-group2/nmel_immune_tagseq/kate_practice/nmel_tagseq/fastq_files/GSAF_files_prac/BAM/10_S111/sortedbyname/10_S111namesort.bam
    shell:
        
              module load samtools/1.5
              samtools sort -n /uufs/chpc.utah.edu/common/home/kapheim-group2/nmel_immune_tagseq/kate_practice/nmel_tagseq/fastq_files/GSAF_files_prac/BAM/10_S111/10_S111_Aligned.out.bam /uufs/chpc.utah.edu/common/home/kapheim-group2/nmel_immune_tagseq/kate_practice/nmel_tagseq/fastq_files/GSAF_files_prac/BAM/10_S111/sortedbyname/10_S111namesort.bam
              
        (one of the commands exited with non-zero exit code; note that snakemake uses bash strict mode!)
    cluster_jobid: Submitted batch job 5702048 on cluster notchpeak

Error executing rule convertBAMtosort on cluster (jobid: 13, external: Submitted batch job 5702048 on cluster notchpeak, jobscript: /uufs/chpc.utah.edu/common/home/kapheim-group2/nmel_immune_tagseq/kate_practice/nmel_tagseq/scripts/snake/khprac/.snakemake/tmp.e3o9f2ve/snakejob.convertBAMtosort.13.sh). For error details see the cluster log and the log files of the involved rule(s).
[Tue Sep 13 11:05:28 2022]
Error in rule convertBAMtosort:
    jobid: 12
    output: /uufs/chpc.utah.edu/common/home/kapheim-group2/nmel_immune_tagseq/kate_practice/nmel_tagseq/fastq_files/GSAF_files_prac/BAM/12_S116/sortedbyname/12_S116namesort.bam
    shell:
        
              module load samtools/1.5
              samtools sort -n /uufs/chpc.utah.edu/common/home/kapheim-group2/nmel_immune_tagseq/kate_practice/nmel_tagseq/fastq_files/GSAF_files_prac/BAM/12_S116/12_S116_Aligned.out.bam /uufs/chpc.utah.edu/common/home/kapheim-group2/nmel_immune_tagseq/kate_practice/nmel_tagseq/fastq_files/GSAF_files_prac/BAM/12_S116/sortedbyname/12_S116namesort.bam
              
        (one of the commands exited with non-zero exit code; note that snakemake uses bash strict mode!)
    cluster_jobid: Submitted batch job 5702049 on cluster notchpeak

Error executing rule convertBAMtosort on cluster (jobid: 12, external: Submitted batch job 5702049 on cluster notchpeak, jobscript: /uufs/chpc.utah.edu/common/home/kapheim-group2/nmel_immune_tagseq/kate_practice/nmel_tagseq/scripts/snake/khprac/.snakemake/tmp.e3o9f2ve/snakejob.convertBAMtosort.12.sh). For error details see the cluster log and the log files of the involved rule(s).
Shutting down, this might take some time.
Exiting because a job execution failed. Look above for error message
Complete log: /uufs/chpc.utah.edu/common/home/kapheim-group2/nmel_immune_tagseq/kate_practice/nmel_tagseq/scripts/snake/khprac/.snakemake/log/2022-09-13T110517.965125.snakemake.log
