Building DAG of jobs...
Using shell: /usr/bin/bash
Provided cluster nodes: 8
Job counts:
	count	jobs
	1	all
	1	genome_index
	2

[Tue Feb 15 16:26:01 2022]
rule genome_index:
    input: /uufs/chpc.utah.edu/common/home/kapheim-group2/nmel_immune_tagseq/kate_practice/nmel_tagseq/genome/NMEL_genome_v2.1.0.fasta
    output: /uufs/chpc.utah.edu/common/home/kapheim-group2/nmel_immune_tagseq/kate_practice/nmel_tagseq/genome/index_done.txt
    jobid: 4
    resources: mem_mb=40000

Submitted job 4 with external jobid 'Submitted batch job 3937576 on cluster notchpeak'.
[Tue Feb 15 16:33:32 2022]
Error in rule genome_index:
    jobid: 4
    output: /uufs/chpc.utah.edu/common/home/kapheim-group2/nmel_immune_tagseq/kate_practice/nmel_tagseq/genome/index_done.txt
    shell:
        
              module load star
              STAR --runThreadN 2               --runMode genomeGenerate               --genomeDir genome               --genomeFastaFiles /uufs/chpc.utah.edu/common/home/kapheim-group2/nmel_immune_tagseq/kate_practice/nmel_tagseq/genome/NMEL_genome_v2.1.0.fasta               --sjdbGTFfile /uufs/chpc.utah.edu/common/home/kapheim-group2/nmel_immune_tagseq/kate_practice/nmel_tagseq/genome/NMEL_OGS_v2.1.0.gff3               --sjdbGTFtagExonParentTranscript Parent               --sjdbOverhang 99               touch/uufs/chpc.utah.edu/common/home/kapheim-group2/nmel_immune_tagseq/kate_practice/nmel_tagseq/genome/index_done.txt
              
        (exited with non-zero exit code)
    cluster_jobid: Submitted batch job 3937576 on cluster notchpeak

Error executing rule genome_index on cluster (jobid: 4, external: Submitted batch job 3937576 on cluster notchpeak, jobscript: /uufs/chpc.utah.edu/common/home/kapheim-group2/nmel_immune_tagseq/kate_practice/nmel_tagseq/scripts/snake/khprac/.snakemake/tmp.u1n0qnlt/snakejob.genome_index.4.sh). For error details see the cluster log and the log files of the involved rule(s).
Shutting down, this might take some time.
Exiting because a job execution failed. Look above for error message
Complete log: /uufs/chpc.utah.edu/common/home/kapheim-group2/nmel_immune_tagseq/kate_practice/nmel_tagseq/scripts/snake/khprac/.snakemake/log/2022-02-15T162601.717251.snakemake.log
