Building DAG of jobs...
Using shell: /usr/bin/bash
Provided cluster nodes: 8
Job counts:
	count	jobs
	3	align_reads
	1	all
	4

[Thu Feb 17 15:02:25 2022]
rule align_reads:
    input: /uufs/chpc.utah.edu/common/home/kapheim-group2/nmel_immune_tagseq/kate_practice/nmel_tagseq/fastq_files/GSAF_files_prac/unzipped/10_S111.trim.fastq
    output: /uufs/chpc.utah.edu/common/home/kapheim-group2/nmel_immune_tagseq/kate_practice/nmel_tagseq/fastq_files/GSAF_files_prac/unzipped/10_S111_BAM_done.txt
    jobid: 7
    wildcards: sample=10_S111
    resources: mem_mb=40000

Submitted job 7 with external jobid 'Submitted batch job 3966252 on cluster notchpeak'.

[Thu Feb 17 15:02:26 2022]
rule align_reads:
    input: /uufs/chpc.utah.edu/common/home/kapheim-group2/nmel_immune_tagseq/kate_practice/nmel_tagseq/fastq_files/GSAF_files_prac/unzipped/12_S116.trim.fastq
    output: /uufs/chpc.utah.edu/common/home/kapheim-group2/nmel_immune_tagseq/kate_practice/nmel_tagseq/fastq_files/GSAF_files_prac/unzipped/12_S116_BAM_done.txt
    jobid: 6
    wildcards: sample=12_S116
    resources: mem_mb=40000

Submitted job 6 with external jobid 'Submitted batch job 3966253 on cluster notchpeak'.

[Thu Feb 17 15:02:26 2022]
rule align_reads:
    input: /uufs/chpc.utah.edu/common/home/kapheim-group2/nmel_immune_tagseq/kate_practice/nmel_tagseq/fastq_files/GSAF_files_prac/unzipped/11_S109.trim.fastq
    output: /uufs/chpc.utah.edu/common/home/kapheim-group2/nmel_immune_tagseq/kate_practice/nmel_tagseq/fastq_files/GSAF_files_prac/unzipped/11_S109_BAM_done.txt
    jobid: 5
    wildcards: sample=11_S109
    resources: mem_mb=40000

Submitted job 5 with external jobid 'Submitted batch job 3966254 on cluster notchpeak'.
[Thu Feb 17 15:02:45 2022]
Error in rule align_reads:
    jobid: 7
    output: /uufs/chpc.utah.edu/common/home/kapheim-group2/nmel_immune_tagseq/kate_practice/nmel_tagseq/fastq_files/GSAF_files_prac/unzipped/10_S111_BAM_done.txt
    shell:
        
              module load star
              STAR --runThreadN 12               --runMode alignReads               --genomeDir /uufs/chpc.utah.edu/common/home/kapheim-group2/nmel_immune_tagseq/kate_practice/nmel_tagseq/genome/indexing               --outputSAMtype BAM Unsorted               --readFilesIn /uufs/chpc.utah.edu/common/home/kapheim-group2/nmel_immune_tagseq/kate_practice/nmel_tagseq/fastq_files/GSAF_files_prac/unzipped/10_S111.trim.fastq               --outFileNamePrefix /uufs/chpc.utah.edu/common/home/kapheim-group2/nmel_immune_tagseq/kate_practice/nmel_tagseq/fastq_files/GSAF_files_prac/unzipped/10_S111.trim.fastq
              touch /uufs/chpc.utah.edu/common/home/kapheim-group2/nmel_immune_tagseq/kate_practice/nmel_tagseq/fastq_files/GSAF_files_prac/unzipped/10_S111_BAM_done.txt
              
        (exited with non-zero exit code)
    cluster_jobid: Submitted batch job 3966252 on cluster notchpeak

Error executing rule align_reads on cluster (jobid: 7, external: Submitted batch job 3966252 on cluster notchpeak, jobscript: /uufs/chpc.utah.edu/common/home/kapheim-group2/nmel_immune_tagseq/kate_practice/nmel_tagseq/scripts/snake/khprac/.snakemake/tmp.ijt6se6z/snakejob.align_reads.7.sh). For error details see the cluster log and the log files of the involved rule(s).
[Thu Feb 17 15:02:45 2022]
Error in rule align_reads:
    jobid: 6
    output: /uufs/chpc.utah.edu/common/home/kapheim-group2/nmel_immune_tagseq/kate_practice/nmel_tagseq/fastq_files/GSAF_files_prac/unzipped/12_S116_BAM_done.txt
    shell:
        
              module load star
              STAR --runThreadN 12               --runMode alignReads               --genomeDir /uufs/chpc.utah.edu/common/home/kapheim-group2/nmel_immune_tagseq/kate_practice/nmel_tagseq/genome/indexing               --outputSAMtype BAM Unsorted               --readFilesIn /uufs/chpc.utah.edu/common/home/kapheim-group2/nmel_immune_tagseq/kate_practice/nmel_tagseq/fastq_files/GSAF_files_prac/unzipped/12_S116.trim.fastq               --outFileNamePrefix /uufs/chpc.utah.edu/common/home/kapheim-group2/nmel_immune_tagseq/kate_practice/nmel_tagseq/fastq_files/GSAF_files_prac/unzipped/12_S116.trim.fastq
              touch /uufs/chpc.utah.edu/common/home/kapheim-group2/nmel_immune_tagseq/kate_practice/nmel_tagseq/fastq_files/GSAF_files_prac/unzipped/12_S116_BAM_done.txt
              
        (exited with non-zero exit code)
    cluster_jobid: Submitted batch job 3966253 on cluster notchpeak

Error executing rule align_reads on cluster (jobid: 6, external: Submitted batch job 3966253 on cluster notchpeak, jobscript: /uufs/chpc.utah.edu/common/home/kapheim-group2/nmel_immune_tagseq/kate_practice/nmel_tagseq/scripts/snake/khprac/.snakemake/tmp.ijt6se6z/snakejob.align_reads.6.sh). For error details see the cluster log and the log files of the involved rule(s).
[Thu Feb 17 15:02:45 2022]
Error in rule align_reads:
    jobid: 5
    output: /uufs/chpc.utah.edu/common/home/kapheim-group2/nmel_immune_tagseq/kate_practice/nmel_tagseq/fastq_files/GSAF_files_prac/unzipped/11_S109_BAM_done.txt
    shell:
        
              module load star
              STAR --runThreadN 12               --runMode alignReads               --genomeDir /uufs/chpc.utah.edu/common/home/kapheim-group2/nmel_immune_tagseq/kate_practice/nmel_tagseq/genome/indexing               --outputSAMtype BAM Unsorted               --readFilesIn /uufs/chpc.utah.edu/common/home/kapheim-group2/nmel_immune_tagseq/kate_practice/nmel_tagseq/fastq_files/GSAF_files_prac/unzipped/11_S109.trim.fastq               --outFileNamePrefix /uufs/chpc.utah.edu/common/home/kapheim-group2/nmel_immune_tagseq/kate_practice/nmel_tagseq/fastq_files/GSAF_files_prac/unzipped/11_S109.trim.fastq
              touch /uufs/chpc.utah.edu/common/home/kapheim-group2/nmel_immune_tagseq/kate_practice/nmel_tagseq/fastq_files/GSAF_files_prac/unzipped/11_S109_BAM_done.txt
              
        (exited with non-zero exit code)
    cluster_jobid: Submitted batch job 3966254 on cluster notchpeak

Error executing rule align_reads on cluster (jobid: 5, external: Submitted batch job 3966254 on cluster notchpeak, jobscript: /uufs/chpc.utah.edu/common/home/kapheim-group2/nmel_immune_tagseq/kate_practice/nmel_tagseq/scripts/snake/khprac/.snakemake/tmp.ijt6se6z/snakejob.align_reads.5.sh). For error details see the cluster log and the log files of the involved rule(s).
Shutting down, this might take some time.
Exiting because a job execution failed. Look above for error message
Complete log: /uufs/chpc.utah.edu/common/home/kapheim-group2/nmel_immune_tagseq/kate_practice/nmel_tagseq/scripts/snake/khprac/.snakemake/log/2022-02-17T150225.709729.snakemake.log
