Building DAG of jobs...
Using shell: /usr/bin/bash
Provided cluster nodes: 3
Job counts:
	count	jobs
	1	all
	2	combine
	3

[Mon Oct 17 15:42:41 2022]
rule combine:
    input: /uufs/chpc.utah.edu/common/home/kapheim-group2/nmel_immune_tagseq/kate_practice/nmel_tagseq/fastq_files/GSAF_files_prac/original_files/10_S102_L001_R1_001.fastq.gz, /uufs/chpc.utah.edu/common/home/kapheim-group2/nmel_immune_tagseq/kate_practice/nmel_tagseq/fastq_files/GSAF_files_prac/original_files/10_S102_L002_R1_001.fastq.gz
    output: /uufs/chpc.utah.edu/common/home/kapheim-group2/nmel_immune_tagseq/kate_practice/nmel_tagseq/fastq_files/GSAF_files_prac/concatenated/10_S102.cmb.fastq.gz
    jobid: 1
    wildcards: sample=10_S102
    resources: mem_mb=1000

Submitted job 1 with external jobid 'Submitted batch job 5941744 on cluster notchpeak'.

[Mon Oct 17 15:42:41 2022]
rule combine:
    input: /uufs/chpc.utah.edu/common/home/kapheim-group2/nmel_immune_tagseq/kate_practice/nmel_tagseq/fastq_files/GSAF_files_prac/original_files/11_S109_L001_R1_001.fastq.gz, /uufs/chpc.utah.edu/common/home/kapheim-group2/nmel_immune_tagseq/kate_practice/nmel_tagseq/fastq_files/GSAF_files_prac/original_files/11_S109_L002_R1_001.fastq.gz
    output: /uufs/chpc.utah.edu/common/home/kapheim-group2/nmel_immune_tagseq/kate_practice/nmel_tagseq/fastq_files/GSAF_files_prac/concatenated/11_S109.cmb.fastq.gz
    jobid: 2
    wildcards: sample=11_S109
    resources: mem_mb=1000

Submitted job 2 with external jobid 'Submitted batch job 5941745 on cluster notchpeak'.
[Mon Oct 17 15:45:21 2022]
Finished job 2.
1 of 3 steps (33%) done
[Mon Oct 17 15:45:51 2022]
Finished job 1.
2 of 3 steps (67%) done

[Mon Oct 17 15:45:51 2022]
localrule all:
    input: /uufs/chpc.utah.edu/common/home/kapheim-group2/nmel_immune_tagseq/kate_practice/nmel_tagseq/fastq_files/GSAF_files_prac/original_files/10_S102_L001_R1_001.fastq.gz, /uufs/chpc.utah.edu/common/home/kapheim-group2/nmel_immune_tagseq/kate_practice/nmel_tagseq/fastq_files/GSAF_files_prac/original_files/11_S109_L001_R1_001.fastq.gz, /uufs/chpc.utah.edu/common/home/kapheim-group2/nmel_immune_tagseq/kate_practice/nmel_tagseq/fastq_files/GSAF_files_prac/concatenated/10_S102.cmb.fastq.gz, /uufs/chpc.utah.edu/common/home/kapheim-group2/nmel_immune_tagseq/kate_practice/nmel_tagseq/fastq_files/GSAF_files_prac/concatenated/11_S109.cmb.fastq.gz
    jobid: 0

[Mon Oct 17 15:45:51 2022]
Finished job 0.
3 of 3 steps (100%) done
Complete log: /uufs/chpc.utah.edu/common/home/kapheim-group2/nmel_immune_tagseq/kate_practice/nmel_tagseq/scripts/snake/khprac/.snakemake/log/2022-10-17T154241.106184.snakemake.log
