Building DAG of jobs...
Using shell: /usr/bin/bash
Provided cluster nodes: 8
Job counts:
	count	jobs
	1	all
	1	cat_summary
	2

[Thu Jan 20 22:18:59 2022]
rule cat_summary:
    input: /uufs/chpc.utah.edu/common/home/kapheim-group2/nmel_immune_tagseq/kate_practice/nmel_tagseq/fastq_practice/clipped_tags/summaries/10_S102.fastq.summary.txt, /uufs/chpc.utah.edu/common/home/kapheim-group2/nmel_immune_tagseq/kate_practice/nmel_tagseq/fastq_practice/clipped_tags/summaries/10_S102.fastq.summary.txt, /uufs/chpc.utah.edu/common/home/kapheim-group2/nmel_immune_tagseq/kate_practice/nmel_tagseq/fastq_practice/clipped_tags/summaries/11_S109.fastq.summary.txt, /uufs/chpc.utah.edu/common/home/kapheim-group2/nmel_immune_tagseq/kate_practice/nmel_tagseq/fastq_practice/clipped_tags/summaries/11_S109.fastq.summary.txt
    output: /uufs/chpc.utah.edu/common/home/kapheim-group2/nmel_immune_tagseq/kate_practice/nmel_tagseq/fastq_practice/clipped_tags/summaries/summaries.txt
    jobid: 9
    resources: mem_mb=1000

Submitted job 9 with external jobid 'Submitted batch job 3818010 on cluster notchpeak'.
[Thu Jan 20 22:19:09 2022]
Error in rule cat_summary:
    jobid: 9
    output: /uufs/chpc.utah.edu/common/home/kapheim-group2/nmel_immune_tagseq/kate_practice/nmel_tagseq/fastq_practice/clipped_tags/summaries/summaries.txt
    shell:
        
              cat /uufs/chpc.utah.edu/common/home/kapheim-group2/nmel_immune_tagseq/kate_practice/nmel_tagseq/fastq_practice/clipped_tags/summaries/10_S102.fastq.summary.txt /uufs/chpc.utah.edu/common/home/kapheim-group2/nmel_immune_tagseq/kate_practice/nmel_tagseq/fastq_practice/clipped_tags/summaries/10_S102.fastq.summary.txt /uufs/chpc.utah.edu/common/home/kapheim-group2/nmel_immune_tagseq/kate_practice/nmel_tagseq/fastq_practice/clipped_tags/summaries/11_S109.fastq.summary.txt /uufs/chpc.utah.edu/common/home/kapheim-group2/nmel_immune_tagseq/kate_practice/nmel_tagseq/fastq_practice/clipped_tags/summaries/11_S109.fastq.summary.txt> concat
              sort -u concat> sorted |
              sed 's//uufs/chpc.utah.edu/common/home/kapheim-group2/nmel_immune_tagseq/kate_practice/nmel_tagseq/fastq_practice/concatenated///' sorted >/uufs/chpc.utah.edu/common/home/kapheim-group2/nmel_immune_tagseq/kate_practice/nmel_tagseq/fastq_practice/clipped_tags/summaries/summaries.txt
              
        (exited with non-zero exit code)
    cluster_jobid: Submitted batch job 3818010 on cluster notchpeak

Error executing rule cat_summary on cluster (jobid: 9, external: Submitted batch job 3818010 on cluster notchpeak, jobscript: /uufs/chpc.utah.edu/common/home/kapheim-group2/nmel_immune_tagseq/kate_practice/nmel_tagseq/scripts/snake/khprac/.snakemake/tmp.w3gfddm5/snakejob.cat_summary.9.sh). For error details see the cluster log and the log files of the involved rule(s).
Shutting down, this might take some time.
Exiting because a job execution failed. Look above for error message
Complete log: /uufs/chpc.utah.edu/common/home/kapheim-group2/nmel_immune_tagseq/kate_practice/nmel_tagseq/scripts/snake/khprac/.snakemake/log/2022-01-20T221859.601001.snakemake.log
