Building DAG of jobs...
Using shell: /usr/bin/bash
Provided cluster nodes: 14
Job counts:
	count	jobs
	1	all
	1	combine_matrices_htseq
	3	featurecounts
	5

[Fri Sep  9 12:50:23 2022]
rule combine_matrices_htseq:
    input: /uufs/chpc.utah.edu/common/home/kapheim-group2/nmel_immune_tagseq/kate_practice/nmel_tagseq/fastq_files/GSAF_files_prac/htseq/strandedisreverse
    output: /uufs/chpc.utah.edu/common/home/kapheim-group2/nmel_immune_tagseq/kate_practice/nmel_tagseq/fastq_files/GSAF_files_prac/htseq/matrix.csv
    jobid: 14
    resources: mem_mb=1000

Submitted job 14 with external jobid 'Submitted batch job 5675027 on cluster notchpeak'.

[Fri Sep  9 12:50:24 2022]
rule featurecounts:
    input: /uufs/chpc.utah.edu/common/home/kapheim-group2/nmel_immune_tagseq/kate_practice/nmel_tagseq/genome/genome_files/NMEL_OGS_v2.1.0.gff3, /uufs/chpc.utah.edu/common/home/kapheim-group2/nmel_immune_tagseq/kate_practice/nmel_tagseq/fastq_files/GSAF_files_prac/BAM/12_S116/12_S116_Aligned.sortedByCoord.out.bam
    output: /uufs/chpc.utah.edu/common/home/kapheim-group2/nmel_immune_tagseq/kate_practice/nmel_tagseq/fastq_files/GSAF_files_prac/featurecounts/12_S116.txt
    jobid: 16
    wildcards: sample=12_S116
    resources: mem_mb=1000

Submitted job 16 with external jobid 'Submitted batch job 5675028 on cluster notchpeak'.

[Fri Sep  9 12:50:24 2022]
rule featurecounts:
    input: /uufs/chpc.utah.edu/common/home/kapheim-group2/nmel_immune_tagseq/kate_practice/nmel_tagseq/genome/genome_files/NMEL_OGS_v2.1.0.gff3, /uufs/chpc.utah.edu/common/home/kapheim-group2/nmel_immune_tagseq/kate_practice/nmel_tagseq/fastq_files/GSAF_files_prac/BAM/10_S111/10_S111_Aligned.sortedByCoord.out.bam
    output: /uufs/chpc.utah.edu/common/home/kapheim-group2/nmel_immune_tagseq/kate_practice/nmel_tagseq/fastq_files/GSAF_files_prac/featurecounts/10_S111.txt
    jobid: 17
    wildcards: sample=10_S111
    resources: mem_mb=1000

Submitted job 17 with external jobid 'Submitted batch job 5675029 on cluster notchpeak'.

[Fri Sep  9 12:50:24 2022]
rule featurecounts:
    input: /uufs/chpc.utah.edu/common/home/kapheim-group2/nmel_immune_tagseq/kate_practice/nmel_tagseq/genome/genome_files/NMEL_OGS_v2.1.0.gff3, /uufs/chpc.utah.edu/common/home/kapheim-group2/nmel_immune_tagseq/kate_practice/nmel_tagseq/fastq_files/GSAF_files_prac/BAM/11_S109/11_S109_Aligned.sortedByCoord.out.bam
    output: /uufs/chpc.utah.edu/common/home/kapheim-group2/nmel_immune_tagseq/kate_practice/nmel_tagseq/fastq_files/GSAF_files_prac/featurecounts/11_S109.txt
    jobid: 15
    wildcards: sample=11_S109
    resources: mem_mb=1000

Submitted job 15 with external jobid 'Submitted batch job 5675030 on cluster notchpeak'.
[Fri Sep  9 12:50:33 2022]
Error in rule combine_matrices_htseq:
    jobid: 14
    output: /uufs/chpc.utah.edu/common/home/kapheim-group2/nmel_immune_tagseq/kate_practice/nmel_tagseq/fastq_files/GSAF_files_prac/htseq/matrix.csv
    shell:
        
              cd /uufs/chpc.utah.edu/common/home/kapheim-group2/nmel_immune_tagseq/kate_practice/nmel_tagseq/fastq_files/GSAF_files_prac/htseq/strandedisreverse
              module load R
              Rscript /uufs/chpc.utah.edu/common/home/kapheim-group2/nmel_immune_tagseq/kate_practice/nmel_tagseq/scripts/snake/khprac/Rstuff/htseq_scriptconcat.R
              
        (one of the commands exited with non-zero exit code; note that snakemake uses bash strict mode!)
    cluster_jobid: Submitted batch job 5675027 on cluster notchpeak

Error executing rule combine_matrices_htseq on cluster (jobid: 14, external: Submitted batch job 5675027 on cluster notchpeak, jobscript: /uufs/chpc.utah.edu/common/home/kapheim-group2/nmel_immune_tagseq/kate_practice/nmel_tagseq/scripts/snake/khprac/.snakemake/tmp.uzxvu0y3/snakejob.combine_matrices_htseq.14.sh). For error details see the cluster log and the log files of the involved rule(s).
[Fri Sep  9 12:50:43 2022]
Finished job 16.
1 of 5 steps (20%) done
[Fri Sep  9 12:50:43 2022]
Finished job 17.
2 of 5 steps (40%) done
[Fri Sep  9 12:50:43 2022]
Finished job 15.
3 of 5 steps (60%) done
Shutting down, this might take some time.
Exiting because a job execution failed. Look above for error message
Complete log: /uufs/chpc.utah.edu/common/home/kapheim-group2/nmel_immune_tagseq/kate_practice/nmel_tagseq/scripts/snake/khprac/.snakemake/log/2022-09-09T125022.945114.snakemake.log
