Building DAG of jobs...
Using shell: /usr/bin/bash
Provided cluster nodes: 8
Job counts:
	count	jobs
	1	all
	1	cat_summary
	2

[Thu Jan 20 20:17:47 2022]
rule cat_summary:
    input: /uufs/chpc.utah.edu/common/home/kapheim-group2/nmel_immune_tagseq/kate_practice/nmel_tagseq/fastq_practice/clipped_tags/summaries/10_S102.fastq.summary.txt, /uufs/chpc.utah.edu/common/home/kapheim-group2/nmel_immune_tagseq/kate_practice/nmel_tagseq/fastq_practice/clipped_tags/summaries/10_S102.fastq.summary.txt, /uufs/chpc.utah.edu/common/home/kapheim-group2/nmel_immune_tagseq/kate_practice/nmel_tagseq/fastq_practice/clipped_tags/summaries/11_S109.fastq.summary.txt, /uufs/chpc.utah.edu/common/home/kapheim-group2/nmel_immune_tagseq/kate_practice/nmel_tagseq/fastq_practice/clipped_tags/summaries/11_S109.fastq.summary.txt
    output: /uufs/chpc.utah.edu/common/home/kapheim-group2/nmel_immune_tagseq/kate_practice/nmel_tagseq/fastq_practice/clipped_tags/summaries/summaries.txt
    jobid: 9
    resources: mem_mb=1000

Submitted job 9 with external jobid 'Submitted batch job 3817807 on cluster notchpeak'.
[Thu Jan 20 20:17:57 2022]
Finished job 9.
1 of 2 steps (50%) done

[Thu Jan 20 20:17:57 2022]
localrule all:
    input: /uufs/chpc.utah.edu/common/home/kapheim-group2/nmel_immune_tagseq/kate_practice/nmel_tagseq/fastq_practice/unzipped/10_S102_L001_R1_001.fastq, /uufs/chpc.utah.edu/common/home/kapheim-group2/nmel_immune_tagseq/kate_practice/nmel_tagseq/fastq_practice/unzipped/10_S102_L002_R1_001.fastq, /uufs/chpc.utah.edu/common/home/kapheim-group2/nmel_immune_tagseq/kate_practice/nmel_tagseq/fastq_practice/unzipped/10_S102_L001_R1_001.fastq, /uufs/chpc.utah.edu/common/home/kapheim-group2/nmel_immune_tagseq/kate_practice/nmel_tagseq/fastq_practice/unzipped/10_S102_L002_R1_001.fastq, /uufs/chpc.utah.edu/common/home/kapheim-group2/nmel_immune_tagseq/kate_practice/nmel_tagseq/fastq_practice/unzipped/10_S102_L001_R1_001.fastq, /uufs/chpc.utah.edu/common/home/kapheim-group2/nmel_immune_tagseq/kate_practice/nmel_tagseq/fastq_practice/unzipped/10_S102_L002_R1_001.fastq, /uufs/chpc.utah.edu/common/home/kapheim-group2/nmel_immune_tagseq/kate_practice/nmel_tagseq/fastq_practice/unzipped/10_S102_L001_R1_001.fastq, /uufs/chpc.utah.edu/common/home/kapheim-group2/nmel_immune_tagseq/kate_practice/nmel_tagseq/fastq_practice/unzipped/10_S102_L002_R1_001.fastq, /uufs/chpc.utah.edu/common/home/kapheim-group2/nmel_immune_tagseq/kate_practice/nmel_tagseq/fastq_practice/unzipped/11_S109_L001_R1_001.fastq, /uufs/chpc.utah.edu/common/home/kapheim-group2/nmel_immune_tagseq/kate_practice/nmel_tagseq/fastq_practice/unzipped/11_S109_L002_R1_001.fastq, /uufs/chpc.utah.edu/common/home/kapheim-group2/nmel_immune_tagseq/kate_practice/nmel_tagseq/fastq_practice/unzipped/11_S109_L001_R1_001.fastq, /uufs/chpc.utah.edu/common/home/kapheim-group2/nmel_immune_tagseq/kate_practice/nmel_tagseq/fastq_practice/unzipped/11_S109_L002_R1_001.fastq, /uufs/chpc.utah.edu/common/home/kapheim-group2/nmel_immune_tagseq/kate_practice/nmel_tagseq/fastq_practice/unzipped/11_S109_L001_R1_001.fastq, /uufs/chpc.utah.edu/common/home/kapheim-group2/nmel_immune_tagseq/kate_practice/nmel_tagseq/fastq_practice/unzipped/11_S109_L002_R1_001.fastq, /uufs/chpc.utah.edu/common/home/kapheim-group2/nmel_immune_tagseq/kate_practice/nmel_tagseq/fastq_practice/unzipped/11_S109_L001_R1_001.fastq, /uufs/chpc.utah.edu/common/home/kapheim-group2/nmel_immune_tagseq/kate_practice/nmel_tagseq/fastq_practice/unzipped/11_S109_L002_R1_001.fastq, /uufs/chpc.utah.edu/common/home/kapheim-group2/nmel_immune_tagseq/kate_practice/nmel_tagseq/fastq_practice/concatenated/10_S102.fastq, /uufs/chpc.utah.edu/common/home/kapheim-group2/nmel_immune_tagseq/kate_practice/nmel_tagseq/fastq_practice/concatenated/10_S102.fastq, /uufs/chpc.utah.edu/common/home/kapheim-group2/nmel_immune_tagseq/kate_practice/nmel_tagseq/fastq_practice/concatenated/11_S109.fastq, /uufs/chpc.utah.edu/common/home/kapheim-group2/nmel_immune_tagseq/kate_practice/nmel_tagseq/fastq_practice/concatenated/11_S109.fastq, /uufs/chpc.utah.edu/common/home/kapheim-group2/nmel_immune_tagseq/kate_practice/nmel_tagseq/fastq_practice/clipped_tags/10_S102_clip.fastq, /uufs/chpc.utah.edu/common/home/kapheim-group2/nmel_immune_tagseq/kate_practice/nmel_tagseq/fastq_practice/clipped_tags/10_S102_clip.fastq, /uufs/chpc.utah.edu/common/home/kapheim-group2/nmel_immune_tagseq/kate_practice/nmel_tagseq/fastq_practice/clipped_tags/11_S109_clip.fastq, /uufs/chpc.utah.edu/common/home/kapheim-group2/nmel_immune_tagseq/kate_practice/nmel_tagseq/fastq_practice/clipped_tags/11_S109_clip.fastq, /uufs/chpc.utah.edu/common/home/kapheim-group2/nmel_immune_tagseq/kate_practice/nmel_tagseq/fastq_practice/clipped_tags/summaries/10_S102.fastq.summary.txt, /uufs/chpc.utah.edu/common/home/kapheim-group2/nmel_immune_tagseq/kate_practice/nmel_tagseq/fastq_practice/clipped_tags/summaries/10_S102.fastq.summary.txt, /uufs/chpc.utah.edu/common/home/kapheim-group2/nmel_immune_tagseq/kate_practice/nmel_tagseq/fastq_practice/clipped_tags/summaries/11_S109.fastq.summary.txt, /uufs/chpc.utah.edu/common/home/kapheim-group2/nmel_immune_tagseq/kate_practice/nmel_tagseq/fastq_practice/clipped_tags/summaries/11_S109.fastq.summary.txt, /uufs/chpc.utah.edu/common/home/kapheim-group2/nmel_immune_tagseq/kate_practice/nmel_tagseq/fastq_practice/clipped_tags/summaries/summaries.txt
    jobid: 0

[Thu Jan 20 20:17:57 2022]
Finished job 0.
2 of 2 steps (100%) done
Complete log: /uufs/chpc.utah.edu/common/home/kapheim-group2/nmel_immune_tagseq/kate_practice/nmel_tagseq/scripts/snake/khprac/.snakemake/log/2022-01-20T201747.837454.snakemake.log
