Building DAG of jobs...
Using shell: /usr/bin/bash
Provided cluster nodes: 8
Job counts:
	count	jobs
	1	all
	1	cat_summary
	2	trim_seq_fil
	4

[Fri Jan 21 00:16:51 2022]
rule trim_seq_fil:
    input: /uufs/chpc.utah.edu/common/home/kapheim-group2/nmel_immune_tagseq/kate_practice/nmel_tagseq/fastq_practice/concatenated/11_S109.fastq
    output: /uufs/chpc.utah.edu/common/home/kapheim-group2/nmel_immune_tagseq/kate_practice/nmel_tagseq/fastq_practice/clipped_tags/11_S109.fastq.trim
    jobid: 6
    wildcards: sample=11_S109
    resources: mem_mb=1000

Submitted job 6 with external jobid 'Submitted batch job 3818171 on cluster notchpeak'.

[Fri Jan 21 00:16:52 2022]
rule cat_summary:
    input: /uufs/chpc.utah.edu/common/home/kapheim-group2/nmel_immune_tagseq/kate_practice/nmel_tagseq/fastq_practice/clipped_tags/summaries/10_S102.fastq.summary.txt, /uufs/chpc.utah.edu/common/home/kapheim-group2/nmel_immune_tagseq/kate_practice/nmel_tagseq/fastq_practice/clipped_tags/summaries/10_S102.fastq.summary.txt, /uufs/chpc.utah.edu/common/home/kapheim-group2/nmel_immune_tagseq/kate_practice/nmel_tagseq/fastq_practice/clipped_tags/summaries/11_S109.fastq.summary.txt, /uufs/chpc.utah.edu/common/home/kapheim-group2/nmel_immune_tagseq/kate_practice/nmel_tagseq/fastq_practice/clipped_tags/summaries/11_S109.fastq.summary.txt
    output: /uufs/chpc.utah.edu/common/home/kapheim-group2/nmel_immune_tagseq/kate_practice/nmel_tagseq/fastq_practice/clipped_tags/summaries/summaries.txt
    jobid: 9
    resources: mem_mb=1000

Submitted job 9 with external jobid 'Submitted batch job 3818172 on cluster notchpeak'.

[Fri Jan 21 00:16:52 2022]
rule trim_seq_fil:
    input: /uufs/chpc.utah.edu/common/home/kapheim-group2/nmel_immune_tagseq/kate_practice/nmel_tagseq/fastq_practice/concatenated/10_S102.fastq
    output: /uufs/chpc.utah.edu/common/home/kapheim-group2/nmel_immune_tagseq/kate_practice/nmel_tagseq/fastq_practice/clipped_tags/10_S102.fastq.trim
    jobid: 5
    wildcards: sample=10_S102
    resources: mem_mb=1000

Submitted job 5 with external jobid 'Submitted batch job 3818173 on cluster notchpeak'.
[Fri Jan 21 00:17:01 2022]
Error in rule trim_seq_fil:
    jobid: 6
    output: /uufs/chpc.utah.edu/common/home/kapheim-group2/nmel_immune_tagseq/kate_practice/nmel_tagseq/fastq_practice/clipped_tags/11_S109.fastq.trim
    shell:
        
              module load perl
              module load cutadapt
              perl /uufs/chpc.utah.edu/common/home/kapheim-group2/nmel_immune_tagseq/kate_practice/nmel_tagseq/scripts/perl_scripts/tagseq_clipper.pl /uufs/chpc.utah.edu/common/home/kapheim-group2/nmel_immune_tagseq/kate_practice/nmel_tagseq/fastq_practice/concatenated/11_S109.fastq |              cutadapt - -a AAAAAAAA -a AGATCGG               -q 15 -m 25 -o" > /uufs/chpc.utah.edu/common/home/kapheim-group2/nmel_immune_tagseq/kate_practice/nmel_tagseq/fastq_practice/clipped_tags/11_S109.fastq.trim
			  
        (exited with non-zero exit code)
    cluster_jobid: Submitted batch job 3818171 on cluster notchpeak

Error executing rule trim_seq_fil on cluster (jobid: 6, external: Submitted batch job 3818171 on cluster notchpeak, jobscript: /uufs/chpc.utah.edu/common/home/kapheim-group2/nmel_immune_tagseq/kate_practice/nmel_tagseq/scripts/snake/khprac/.snakemake/tmp.aydkdsbz/snakejob.trim_seq_fil.6.sh). For error details see the cluster log and the log files of the involved rule(s).
[Fri Jan 21 00:17:01 2022]
Finished job 9.
1 of 4 steps (25%) done
[Fri Jan 21 00:17:01 2022]
Error in rule trim_seq_fil:
    jobid: 5
    output: /uufs/chpc.utah.edu/common/home/kapheim-group2/nmel_immune_tagseq/kate_practice/nmel_tagseq/fastq_practice/clipped_tags/10_S102.fastq.trim
    shell:
        
              module load perl
              module load cutadapt
              perl /uufs/chpc.utah.edu/common/home/kapheim-group2/nmel_immune_tagseq/kate_practice/nmel_tagseq/scripts/perl_scripts/tagseq_clipper.pl /uufs/chpc.utah.edu/common/home/kapheim-group2/nmel_immune_tagseq/kate_practice/nmel_tagseq/fastq_practice/concatenated/10_S102.fastq |              cutadapt - -a AAAAAAAA -a AGATCGG               -q 15 -m 25 -o" > /uufs/chpc.utah.edu/common/home/kapheim-group2/nmel_immune_tagseq/kate_practice/nmel_tagseq/fastq_practice/clipped_tags/10_S102.fastq.trim
			  
        (exited with non-zero exit code)
    cluster_jobid: Submitted batch job 3818173 on cluster notchpeak

Error executing rule trim_seq_fil on cluster (jobid: 5, external: Submitted batch job 3818173 on cluster notchpeak, jobscript: /uufs/chpc.utah.edu/common/home/kapheim-group2/nmel_immune_tagseq/kate_practice/nmel_tagseq/scripts/snake/khprac/.snakemake/tmp.aydkdsbz/snakejob.trim_seq_fil.5.sh). For error details see the cluster log and the log files of the involved rule(s).
Shutting down, this might take some time.
Exiting because a job execution failed. Look above for error message
Complete log: /uufs/chpc.utah.edu/common/home/kapheim-group2/nmel_immune_tagseq/kate_practice/nmel_tagseq/scripts/snake/khprac/.snakemake/log/2022-01-21T001651.779522.snakemake.log
