Building DAG of jobs...
Using shell: /usr/bin/bash
Provided cluster nodes: 14
Job counts:
	count	jobs
	1	all
	3	combine_outputs
	4

[Tue Sep 13 12:34:26 2022]
rule combine_outputs:
    input: /uufs/chpc.utah.edu/common/home/kapheim-group2/nmel_immune_tagseq/kate_practice/nmel_tagseq/fastq_files/GSAF_files_prac/SAM/11_S109/11_S109_Log.final.out, /uufs/chpc.utah.edu/common/home/kapheim-group2/nmel_immune_tagseq/kate_practice/nmel_tagseq/fastq_files/GSAF_files_prac/htseq/strandedisreverse/11_S109.txt, /uufs/chpc.utah.edu/common/home/kapheim-group2/nmel_immune_tagseq/kate_practice/nmel_tagseq/fastq_files/GSAF_files_prac/featurecounts/strandedisrev/11_S109.txt.summary
    output: /uufs/chpc.utah.edu/common/home/kapheim-group2/nmel_immune_tagseq/kate_practice/nmel_tagseq/fastq_files/GSAF_files_prac/outputsfolder/11_S109.txt
    jobid: 18
    wildcards: sample=11_S109
    resources: mem_mb=1000

Submitted job 18 with external jobid 'Submitted batch job 5702548 on cluster notchpeak'.

[Tue Sep 13 12:34:26 2022]
rule combine_outputs:
    input: /uufs/chpc.utah.edu/common/home/kapheim-group2/nmel_immune_tagseq/kate_practice/nmel_tagseq/fastq_files/GSAF_files_prac/SAM/12_S116/12_S116_Log.final.out, /uufs/chpc.utah.edu/common/home/kapheim-group2/nmel_immune_tagseq/kate_practice/nmel_tagseq/fastq_files/GSAF_files_prac/htseq/strandedisreverse/12_S116.txt, /uufs/chpc.utah.edu/common/home/kapheim-group2/nmel_immune_tagseq/kate_practice/nmel_tagseq/fastq_files/GSAF_files_prac/featurecounts/strandedisrev/12_S116.txt.summary
    output: /uufs/chpc.utah.edu/common/home/kapheim-group2/nmel_immune_tagseq/kate_practice/nmel_tagseq/fastq_files/GSAF_files_prac/outputsfolder/12_S116.txt
    jobid: 19
    wildcards: sample=12_S116
    resources: mem_mb=1000

Submitted job 19 with external jobid 'Submitted batch job 5702549 on cluster notchpeak'.

[Tue Sep 13 12:34:26 2022]
rule combine_outputs:
    input: /uufs/chpc.utah.edu/common/home/kapheim-group2/nmel_immune_tagseq/kate_practice/nmel_tagseq/fastq_files/GSAF_files_prac/SAM/10_S111/10_S111_Log.final.out, /uufs/chpc.utah.edu/common/home/kapheim-group2/nmel_immune_tagseq/kate_practice/nmel_tagseq/fastq_files/GSAF_files_prac/htseq/strandedisreverse/10_S111.txt, /uufs/chpc.utah.edu/common/home/kapheim-group2/nmel_immune_tagseq/kate_practice/nmel_tagseq/fastq_files/GSAF_files_prac/featurecounts/strandedisrev/10_S111.txt.summary
    output: /uufs/chpc.utah.edu/common/home/kapheim-group2/nmel_immune_tagseq/kate_practice/nmel_tagseq/fastq_files/GSAF_files_prac/outputsfolder/10_S111.txt
    jobid: 20
    wildcards: sample=10_S111
    resources: mem_mb=1000

Submitted job 20 with external jobid 'Submitted batch job 5702550 on cluster notchpeak'.
[Tue Sep 13 12:34:36 2022]
Error in rule combine_outputs:
    jobid: 18
    output: /uufs/chpc.utah.edu/common/home/kapheim-group2/nmel_immune_tagseq/kate_practice/nmel_tagseq/fastq_files/GSAF_files_prac/outputsfolder/11_S109.txt
    shell:
        
              tail -n 5 /uufs/chpc.utah.edu/common/home/kapheim-group2/nmel_immune_tagseq/kate_practice/nmel_tagseq/fastq_files/GSAF_files_prac/htseq/strandedisreverse/11_S109.txt> temp
              sed -e '1i\#############SAM.log_data##############' /uufs/chpc.utah.edu/common/home/kapheim-group2/nmel_immune_tagseq/kate_practice/nmel_tagseq/fastq_files/GSAF_files_prac/SAM/11_S109/11_S109_Log.final.out 
              sed -e '1i\#############HTSEQ_data################' temp> temp2
              sed -e '1i\#############featurecounts.log##############' /uufs/chpc.utah.edu/common/home/kapheim-group2/nmel_immune_tagseq/kate_practice/nmel_tagseq/fastq_files/GSAF_files_prac/featurecounts/strandedisrev/11_S109.txt.summary>temp3
              sed r temp1 temp2 temp 3> /uufs/chpc.utah.edu/common/home/kapheim-group2/nmel_immune_tagseq/kate_practice/nmel_tagseq/fastq_files/GSAF_files_prac/outputsfolder/11_S109.txt
              
        (one of the commands exited with non-zero exit code; note that snakemake uses bash strict mode!)
    cluster_jobid: Submitted batch job 5702548 on cluster notchpeak

Error executing rule combine_outputs on cluster (jobid: 18, external: Submitted batch job 5702548 on cluster notchpeak, jobscript: /uufs/chpc.utah.edu/common/home/kapheim-group2/nmel_immune_tagseq/kate_practice/nmel_tagseq/scripts/snake/khprac/.snakemake/tmp.rk9gjrvu/snakejob.combine_outputs.18.sh). For error details see the cluster log and the log files of the involved rule(s).
[Tue Sep 13 12:34:36 2022]
Error in rule combine_outputs:
    jobid: 19
    output: /uufs/chpc.utah.edu/common/home/kapheim-group2/nmel_immune_tagseq/kate_practice/nmel_tagseq/fastq_files/GSAF_files_prac/outputsfolder/12_S116.txt
    shell:
        
              tail -n 5 /uufs/chpc.utah.edu/common/home/kapheim-group2/nmel_immune_tagseq/kate_practice/nmel_tagseq/fastq_files/GSAF_files_prac/htseq/strandedisreverse/12_S116.txt> temp
              sed -e '1i\#############SAM.log_data##############' /uufs/chpc.utah.edu/common/home/kapheim-group2/nmel_immune_tagseq/kate_practice/nmel_tagseq/fastq_files/GSAF_files_prac/SAM/12_S116/12_S116_Log.final.out 
              sed -e '1i\#############HTSEQ_data################' temp> temp2
              sed -e '1i\#############featurecounts.log##############' /uufs/chpc.utah.edu/common/home/kapheim-group2/nmel_immune_tagseq/kate_practice/nmel_tagseq/fastq_files/GSAF_files_prac/featurecounts/strandedisrev/12_S116.txt.summary>temp3
              sed r temp1 temp2 temp 3> /uufs/chpc.utah.edu/common/home/kapheim-group2/nmel_immune_tagseq/kate_practice/nmel_tagseq/fastq_files/GSAF_files_prac/outputsfolder/12_S116.txt
              
        (one of the commands exited with non-zero exit code; note that snakemake uses bash strict mode!)
    cluster_jobid: Submitted batch job 5702549 on cluster notchpeak

Error executing rule combine_outputs on cluster (jobid: 19, external: Submitted batch job 5702549 on cluster notchpeak, jobscript: /uufs/chpc.utah.edu/common/home/kapheim-group2/nmel_immune_tagseq/kate_practice/nmel_tagseq/scripts/snake/khprac/.snakemake/tmp.rk9gjrvu/snakejob.combine_outputs.19.sh). For error details see the cluster log and the log files of the involved rule(s).
[Tue Sep 13 12:34:36 2022]
Error in rule combine_outputs:
    jobid: 20
    output: /uufs/chpc.utah.edu/common/home/kapheim-group2/nmel_immune_tagseq/kate_practice/nmel_tagseq/fastq_files/GSAF_files_prac/outputsfolder/10_S111.txt
    shell:
        
              tail -n 5 /uufs/chpc.utah.edu/common/home/kapheim-group2/nmel_immune_tagseq/kate_practice/nmel_tagseq/fastq_files/GSAF_files_prac/htseq/strandedisreverse/10_S111.txt> temp
              sed -e '1i\#############SAM.log_data##############' /uufs/chpc.utah.edu/common/home/kapheim-group2/nmel_immune_tagseq/kate_practice/nmel_tagseq/fastq_files/GSAF_files_prac/SAM/10_S111/10_S111_Log.final.out 
              sed -e '1i\#############HTSEQ_data################' temp> temp2
              sed -e '1i\#############featurecounts.log##############' /uufs/chpc.utah.edu/common/home/kapheim-group2/nmel_immune_tagseq/kate_practice/nmel_tagseq/fastq_files/GSAF_files_prac/featurecounts/strandedisrev/10_S111.txt.summary>temp3
              sed r temp1 temp2 temp 3> /uufs/chpc.utah.edu/common/home/kapheim-group2/nmel_immune_tagseq/kate_practice/nmel_tagseq/fastq_files/GSAF_files_prac/outputsfolder/10_S111.txt
              
        (one of the commands exited with non-zero exit code; note that snakemake uses bash strict mode!)
    cluster_jobid: Submitted batch job 5702550 on cluster notchpeak

Error executing rule combine_outputs on cluster (jobid: 20, external: Submitted batch job 5702550 on cluster notchpeak, jobscript: /uufs/chpc.utah.edu/common/home/kapheim-group2/nmel_immune_tagseq/kate_practice/nmel_tagseq/scripts/snake/khprac/.snakemake/tmp.rk9gjrvu/snakejob.combine_outputs.20.sh). For error details see the cluster log and the log files of the involved rule(s).
Shutting down, this might take some time.
Exiting because a job execution failed. Look above for error message
Complete log: /uufs/chpc.utah.edu/common/home/kapheim-group2/nmel_immune_tagseq/kate_practice/nmel_tagseq/scripts/snake/khprac/.snakemake/log/2022-09-13T123425.846828.snakemake.log
