Building DAG of jobs...
Using shell: /usr/bin/bash
Provided cluster nodes: 8
Job counts:
	count	jobs
	1	all
	2	clip_5pldr_dups
	3

[Thu Jan 20 14:13:48 2022]
rule clip_5pldr_dups:
    input: /uufs/chpc.utah.edu/common/home/kapheim-group2/nmel_immune_tagseq/kate_practice/nmel_tagseq/fastq_practice/concatenated/10_S102.fastq
    output: /uufs/chpc.utah.edu/common/home/kapheim-group2/nmel_immune_tagseq/kate_practice/nmel_tagseq/fastq_practice/clipped_tags/10_S102_clip.fastq
    jobid: 5
    wildcards: sample=10_S102
    resources: mem_mb=1000

Submitted job 5 with external jobid 'Submitted batch job 3817188 on cluster notchpeak'.

[Thu Jan 20 14:13:48 2022]
rule clip_5pldr_dups:
    input: /uufs/chpc.utah.edu/common/home/kapheim-group2/nmel_immune_tagseq/kate_practice/nmel_tagseq/fastq_practice/concatenated/11_S109.fastq
    output: /uufs/chpc.utah.edu/common/home/kapheim-group2/nmel_immune_tagseq/kate_practice/nmel_tagseq/fastq_practice/clipped_tags/11_S109_clip.fastq
    jobid: 6
    wildcards: sample=11_S109
    resources: mem_mb=1000

Submitted job 6 with external jobid 'Submitted batch job 3817189 on cluster notchpeak'.
[Thu Jan 20 14:14:18 2022]
Finished job 5.
1 of 3 steps (33%) done
[Thu Jan 20 14:14:18 2022]
Finished job 6.
2 of 3 steps (67%) done

[Thu Jan 20 14:14:18 2022]
localrule all:
    input: /uufs/chpc.utah.edu/common/home/kapheim-group2/nmel_immune_tagseq/kate_practice/nmel_tagseq/fastq_practice/unzipped/10_S102_L001_R1_001.fastq, /uufs/chpc.utah.edu/common/home/kapheim-group2/nmel_immune_tagseq/kate_practice/nmel_tagseq/fastq_practice/unzipped/10_S102_L002_R1_001.fastq, /uufs/chpc.utah.edu/common/home/kapheim-group2/nmel_immune_tagseq/kate_practice/nmel_tagseq/fastq_practice/unzipped/10_S102_L001_R1_001.fastq, /uufs/chpc.utah.edu/common/home/kapheim-group2/nmel_immune_tagseq/kate_practice/nmel_tagseq/fastq_practice/unzipped/10_S102_L002_R1_001.fastq, /uufs/chpc.utah.edu/common/home/kapheim-group2/nmel_immune_tagseq/kate_practice/nmel_tagseq/fastq_practice/unzipped/10_S102_L001_R1_001.fastq, /uufs/chpc.utah.edu/common/home/kapheim-group2/nmel_immune_tagseq/kate_practice/nmel_tagseq/fastq_practice/unzipped/10_S102_L002_R1_001.fastq, /uufs/chpc.utah.edu/common/home/kapheim-group2/nmel_immune_tagseq/kate_practice/nmel_tagseq/fastq_practice/unzipped/10_S102_L001_R1_001.fastq, /uufs/chpc.utah.edu/common/home/kapheim-group2/nmel_immune_tagseq/kate_practice/nmel_tagseq/fastq_practice/unzipped/10_S102_L002_R1_001.fastq, /uufs/chpc.utah.edu/common/home/kapheim-group2/nmel_immune_tagseq/kate_practice/nmel_tagseq/fastq_practice/unzipped/11_S109_L001_R1_001.fastq, /uufs/chpc.utah.edu/common/home/kapheim-group2/nmel_immune_tagseq/kate_practice/nmel_tagseq/fastq_practice/unzipped/11_S109_L002_R1_001.fastq, /uufs/chpc.utah.edu/common/home/kapheim-group2/nmel_immune_tagseq/kate_practice/nmel_tagseq/fastq_practice/unzipped/11_S109_L001_R1_001.fastq, /uufs/chpc.utah.edu/common/home/kapheim-group2/nmel_immune_tagseq/kate_practice/nmel_tagseq/fastq_practice/unzipped/11_S109_L002_R1_001.fastq, /uufs/chpc.utah.edu/common/home/kapheim-group2/nmel_immune_tagseq/kate_practice/nmel_tagseq/fastq_practice/unzipped/11_S109_L001_R1_001.fastq, /uufs/chpc.utah.edu/common/home/kapheim-group2/nmel_immune_tagseq/kate_practice/nmel_tagseq/fastq_practice/unzipped/11_S109_L002_R1_001.fastq, /uufs/chpc.utah.edu/common/home/kapheim-group2/nmel_immune_tagseq/kate_practice/nmel_tagseq/fastq_practice/unzipped/11_S109_L001_R1_001.fastq, /uufs/chpc.utah.edu/common/home/kapheim-group2/nmel_immune_tagseq/kate_practice/nmel_tagseq/fastq_practice/unzipped/11_S109_L002_R1_001.fastq, /uufs/chpc.utah.edu/common/home/kapheim-group2/nmel_immune_tagseq/kate_practice/nmel_tagseq/fastq_practice/concatenated/10_S102.fastq, /uufs/chpc.utah.edu/common/home/kapheim-group2/nmel_immune_tagseq/kate_practice/nmel_tagseq/fastq_practice/concatenated/10_S102.fastq, /uufs/chpc.utah.edu/common/home/kapheim-group2/nmel_immune_tagseq/kate_practice/nmel_tagseq/fastq_practice/concatenated/11_S109.fastq, /uufs/chpc.utah.edu/common/home/kapheim-group2/nmel_immune_tagseq/kate_practice/nmel_tagseq/fastq_practice/concatenated/11_S109.fastq, /uufs/chpc.utah.edu/common/home/kapheim-group2/nmel_immune_tagseq/kate_practice/nmel_tagseq/fastq_practice/clipped_tags/10_S102_clip.fastq, /uufs/chpc.utah.edu/common/home/kapheim-group2/nmel_immune_tagseq/kate_practice/nmel_tagseq/fastq_practice/clipped_tags/10_S102_clip.fastq, /uufs/chpc.utah.edu/common/home/kapheim-group2/nmel_immune_tagseq/kate_practice/nmel_tagseq/fastq_practice/clipped_tags/11_S109_clip.fastq, /uufs/chpc.utah.edu/common/home/kapheim-group2/nmel_immune_tagseq/kate_practice/nmel_tagseq/fastq_practice/clipped_tags/11_S109_clip.fastq
    jobid: 0

[Thu Jan 20 14:14:18 2022]
Finished job 0.
3 of 3 steps (100%) done
Complete log: /uufs/chpc.utah.edu/common/home/kapheim-group2/nmel_immune_tagseq/kate_practice/nmel_tagseq/scripts/snake/khprac/.snakemake/log/2022-01-20T141347.977157.snakemake.log
