Building DAG of jobs...
Job stats:
job                       count    min threads    max threads
----------------------  -------  -------------  -------------
align_reads_SAM               3              1              1
all                           1              1              1
combine_matrices_htseq        1              1              1
combine_outputs               3              1              1
convertSAMtoBAMsort           3              1              1
counting                      3              1              1
featurecounts                 3              1              1
genome_index                  1              1              1
unzip_files                   3              1              1
total                        21              1              1


[Tue Sep 13 12:33:45 2022]
rule unzip_files:
    input: /uufs/chpc.utah.edu/common/home/kapheim-group2/nmel_immune_tagseq/kate_practice/nmel_tagseq/fastq_files/GSAF_files_prac/11_S109_L099_R1_cmb.trim.fastq.gz
    output: /uufs/chpc.utah.edu/common/home/kapheim-group2/nmel_immune_tagseq/kate_practice/nmel_tagseq/fastq_files/GSAF_files_prac/unzipped/11_S109.trim.fastq
    jobid: 1
    reason: Code has changed since last execution
    wildcards: sample=11_S109
    resources: tmpdir=/tmp, mem_mb=1000


[Tue Sep 13 12:33:45 2022]
rule unzip_files:
    input: /uufs/chpc.utah.edu/common/home/kapheim-group2/nmel_immune_tagseq/kate_practice/nmel_tagseq/fastq_files/GSAF_files_prac/10_S111_L099_R1_cmb.trim.fastq.gz
    output: /uufs/chpc.utah.edu/common/home/kapheim-group2/nmel_immune_tagseq/kate_practice/nmel_tagseq/fastq_files/GSAF_files_prac/unzipped/10_S111.trim.fastq
    jobid: 3
    reason: Code has changed since last execution
    wildcards: sample=10_S111
    resources: tmpdir=/tmp, mem_mb=1000


[Tue Sep 13 12:33:45 2022]
rule counting:
    input: /uufs/chpc.utah.edu/common/home/kapheim-group2/nmel_immune_tagseq/kate_practice/nmel_tagseq/fastq_files/GSAF_files_prac/BAM/11_S109/sortedbyname/11_S109namesort.bam
    output: /uufs/chpc.utah.edu/common/home/kapheim-group2/nmel_immune_tagseq/kate_practice/nmel_tagseq/fastq_files/GSAF_files_prac/htseq/strandedisreverse/11_S109.txt
    jobid: 11
    reason: Code has changed since last execution
    wildcards: sample=11_S109
    resources: tmpdir=/tmp, mem_mb=1000


[Tue Sep 13 12:33:45 2022]
rule counting:
    input: /uufs/chpc.utah.edu/common/home/kapheim-group2/nmel_immune_tagseq/kate_practice/nmel_tagseq/fastq_files/GSAF_files_prac/BAM/10_S111/sortedbyname/10_S111namesort.bam
    output: /uufs/chpc.utah.edu/common/home/kapheim-group2/nmel_immune_tagseq/kate_practice/nmel_tagseq/fastq_files/GSAF_files_prac/htseq/strandedisreverse/10_S111.txt
    jobid: 13
    reason: Code has changed since last execution
    wildcards: sample=10_S111
    resources: tmpdir=/tmp, mem_mb=1000


[Tue Sep 13 12:33:45 2022]
rule unzip_files:
    input: /uufs/chpc.utah.edu/common/home/kapheim-group2/nmel_immune_tagseq/kate_practice/nmel_tagseq/fastq_files/GSAF_files_prac/12_S116_L099_R1_cmb.trim.fastq.gz
    output: /uufs/chpc.utah.edu/common/home/kapheim-group2/nmel_immune_tagseq/kate_practice/nmel_tagseq/fastq_files/GSAF_files_prac/unzipped/12_S116.trim.fastq
    jobid: 2
    reason: Code has changed since last execution
    wildcards: sample=12_S116
    resources: tmpdir=/tmp, mem_mb=1000


[Tue Sep 13 12:33:45 2022]
rule genome_index:
    input: /uufs/chpc.utah.edu/common/home/kapheim-group2/nmel_immune_tagseq/kate_practice/nmel_tagseq/genome/genome_files/NMEL_genome_v2.1.0.fasta
    output: /uufs/chpc.utah.edu/common/home/kapheim-group2/nmel_immune_tagseq/kate_practice/nmel_tagseq/genome/index_done.txt
    jobid: 4
    reason: Code has changed since last execution
    resources: tmpdir=/tmp, mem_mb=40000


[Tue Sep 13 12:33:45 2022]
rule counting:
    input: /uufs/chpc.utah.edu/common/home/kapheim-group2/nmel_immune_tagseq/kate_practice/nmel_tagseq/fastq_files/GSAF_files_prac/BAM/12_S116/sortedbyname/12_S116namesort.bam
    output: /uufs/chpc.utah.edu/common/home/kapheim-group2/nmel_immune_tagseq/kate_practice/nmel_tagseq/fastq_files/GSAF_files_prac/htseq/strandedisreverse/12_S116.txt
    jobid: 12
    reason: Code has changed since last execution
    wildcards: sample=12_S116
    resources: tmpdir=/tmp, mem_mb=1000


[Tue Sep 13 12:33:45 2022]
rule combine_matrices_htseq:
    input: /uufs/chpc.utah.edu/common/home/kapheim-group2/nmel_immune_tagseq/kate_practice/nmel_tagseq/fastq_files/GSAF_files_prac/htseq/strandedisreverse
    output: /uufs/chpc.utah.edu/common/home/kapheim-group2/nmel_immune_tagseq/kate_practice/nmel_tagseq/fastq_files/GSAF_files_prac/htseq/strandedisreverse/matrix.csv
    jobid: 14
    reason: Code has changed since last execution
    resources: tmpdir=/tmp, mem_mb=1000


[Tue Sep 13 12:33:45 2022]
rule combine_outputs:
    input: /uufs/chpc.utah.edu/common/home/kapheim-group2/nmel_immune_tagseq/kate_practice/nmel_tagseq/fastq_files/GSAF_files_prac/SAM/11_S109/11_S109_Log.final.out, /uufs/chpc.utah.edu/common/home/kapheim-group2/nmel_immune_tagseq/kate_practice/nmel_tagseq/fastq_files/GSAF_files_prac/htseq/strandedisreverse/11_S109.txt, /uufs/chpc.utah.edu/common/home/kapheim-group2/nmel_immune_tagseq/kate_practice/nmel_tagseq/fastq_files/GSAF_files_prac/featurecounts/strandedisrev/11_S109.txt.summary
    output: /uufs/chpc.utah.edu/common/home/kapheim-group2/nmel_immune_tagseq/kate_practice/nmel_tagseq/fastq_files/GSAF_files_prac/outputsfolder/11_S109.txt
    jobid: 18
    reason: Missing output files: /uufs/chpc.utah.edu/common/home/kapheim-group2/nmel_immune_tagseq/kate_practice/nmel_tagseq/fastq_files/GSAF_files_prac/outputsfolder/11_S109.txt; Input files updated by another job: /uufs/chpc.utah.edu/common/home/kapheim-group2/nmel_immune_tagseq/kate_practice/nmel_tagseq/fastq_files/GSAF_files_prac/htseq/strandedisreverse/11_S109.txt
    wildcards: sample=11_S109
    resources: tmpdir=/tmp, mem_mb=1000

Some jobs were triggered by provenance information, see 'reason' section in the rule displays above.
If you prefer that only modification time is used to determine whether a job shall be executed, use the command line option '--rerun-triggers mtime' (also see --help).
If you are sure that a change for a certain output file (say, <outfile>) won't change the result (e.g. because you just changed the formatting of a script or environment definition), you can also wipe its metadata to skip such a trigger via 'snakemake --cleanup-metadata <outfile>'. 
Rules with provenance triggered jobs: combine_matrices_htseq,counting,genome_index,unzip_files

RuleException in rule combine_outputs in line 190 of /uufs/chpc.utah.edu/common/home/kapheim-group2/nmel_immune_tagseq/kate_practice/nmel_tagseq/scripts/snake/khprac/snakefile:
NameError: The name 'wildcard' is unknown in this context. Please make sure that you defined that variable. Also note that braces not used for variable access have to be escaped by repeating them, i.e. {{print $1}}, when formatting the following:

              tail -n 5 {input.htseq_logs}> {wildcard.sample}.temp
              sed -e '1i\#############SAM.log_data##############' {input.samlogs} 
              sed -e '1i\#############HTSEQ_data################' {sample}.temp> {sample}.temp2
              sed -e '1i\#############featurecounts.log##############' {input.featurecounts_logs}>{sample}.temp3
              sed r {sample}.temp1 {sample}.temp2 {sample}.temp 3> {output.out}
              
