Building DAG of jobs...
Using shell: /usr/bin/bash
Provided cluster nodes: 5
Job counts:
	count	jobs
	1	all
	6	fastxtools
	7

[Tue Nov  1 17:08:21 2022]
rule fastxtools:
    input: /uufs/chpc.utah.edu/common/home/kapheim-group2/nmel_immune_tagseq/kate_practice/nmel_tagseq/fastq_files/GSAF_files_prac/trimmed/11_S109.trim.fastq
    output: /uufs/chpc.utah.edu/common/home/kapheim-group2/nmel_immune_tagseq/kate_practice/nmel_tagseq/fastq_files/GSAF_files_prac/qual_filter/cutadapt/11_S109.qualfilt
    jobid: 14
    wildcards: sample=11_S109
    resources: mem_mb=1000

Submitted job 14 with external jobid 'Submitted batch job 6066107 on cluster notchpeak'.

[Tue Nov  1 17:08:21 2022]
rule fastxtools:
    input: /uufs/chpc.utah.edu/common/home/kapheim-group2/nmel_immune_tagseq/kate_practice/nmel_tagseq/fastq_files/GSAF_files_prac/trimmed/29_S67.trim.fastq
    output: /uufs/chpc.utah.edu/common/home/kapheim-group2/nmel_immune_tagseq/kate_practice/nmel_tagseq/fastq_files/GSAF_files_prac/qual_filter/cutadapt/29_S67.qualfilt
    jobid: 16
    wildcards: sample=29_S67
    resources: mem_mb=1000

Submitted job 16 with external jobid 'Submitted batch job 6066108 on cluster notchpeak'.

[Tue Nov  1 17:08:21 2022]
rule fastxtools:
    input: /uufs/chpc.utah.edu/common/home/kapheim-group2/nmel_immune_tagseq/kate_practice/nmel_tagseq/fastq_files/GSAF_files_prac/trimmed/40_S60.trim.fastq
    output: /uufs/chpc.utah.edu/common/home/kapheim-group2/nmel_immune_tagseq/kate_practice/nmel_tagseq/fastq_files/GSAF_files_prac/qual_filter/cutadapt/40_S60.qualfilt
    jobid: 18
    wildcards: sample=40_S60
    resources: mem_mb=1000

Submitted job 18 with external jobid 'Submitted batch job 6066109 on cluster notchpeak'.

[Tue Nov  1 17:08:21 2022]
rule fastxtools:
    input: /uufs/chpc.utah.edu/common/home/kapheim-group2/nmel_immune_tagseq/kate_practice/nmel_tagseq/fastq_files/GSAF_files_prac/trimmed/10_S102.trim.fastq
    output: /uufs/chpc.utah.edu/common/home/kapheim-group2/nmel_immune_tagseq/kate_practice/nmel_tagseq/fastq_files/GSAF_files_prac/qual_filter/cutadapt/10_S102.qualfilt
    jobid: 13
    wildcards: sample=10_S102
    resources: mem_mb=1000

Submitted job 13 with external jobid 'Submitted batch job 6066110 on cluster notchpeak'.

[Tue Nov  1 17:08:21 2022]
rule fastxtools:
    input: /uufs/chpc.utah.edu/common/home/kapheim-group2/nmel_immune_tagseq/kate_practice/nmel_tagseq/fastq_files/GSAF_files_prac/trimmed/21_S96.trim.fastq
    output: /uufs/chpc.utah.edu/common/home/kapheim-group2/nmel_immune_tagseq/kate_practice/nmel_tagseq/fastq_files/GSAF_files_prac/qual_filter/cutadapt/21_S96.qualfilt
    jobid: 15
    wildcards: sample=21_S96
    resources: mem_mb=1000

Submitted job 15 with external jobid 'Submitted batch job 6066111 on cluster notchpeak'.
[Tue Nov  1 17:08:31 2022]
Error in rule fastxtools:
    jobid: 14
    output: /uufs/chpc.utah.edu/common/home/kapheim-group2/nmel_immune_tagseq/kate_practice/nmel_tagseq/fastq_files/GSAF_files_prac/qual_filter/cutadapt/11_S109.qualfilt
    shell:
        
             cd /uufs/chpc.utah.edu/common/home/kapheim-group2/nmel_immune_tagseq/kate_practice/nmel_tagseq/fastq_files/GSAF_files_prac/trimmed/
             module load fastx_toolkit
             module load cutadapt
             cutadapt -a AAAAAAAA -m 20 -O 4 -q 20 /uufs/chpc.utah.edu/common/home/kapheim-group2/nmel_immune_tagseq/kate_practice/nmel_tagseq/fastq_files/GSAF_files_prac/trimmed/11_S109.trim.fastq | -a AGATCGGAAG -m 20 -O 4 -q 20 - > /uufs/chpc.utah.edu/common/home/kapheim-group2/nmel_immune_tagseq/kate_practice/nmel_tagseq/fastq_files/GSAF_files_prac/qual_filter/cutadapt/11_S109.qualfilt
             
        (one of the commands exited with non-zero exit code; note that snakemake uses bash strict mode!)
    cluster_jobid: Submitted batch job 6066107 on cluster notchpeak

Error executing rule fastxtools on cluster (jobid: 14, external: Submitted batch job 6066107 on cluster notchpeak, jobscript: /uufs/chpc.utah.edu/common/home/kapheim-group2/nmel_immune_tagseq/kate_practice/nmel_tagseq/scripts/snake/khprac/.snakemake/tmp.e322bx8m/snakejob.fastxtools.14.sh). For error details see the cluster log and the log files of the involved rule(s).
[Tue Nov  1 17:08:31 2022]
Error in rule fastxtools:
    jobid: 16
    output: /uufs/chpc.utah.edu/common/home/kapheim-group2/nmel_immune_tagseq/kate_practice/nmel_tagseq/fastq_files/GSAF_files_prac/qual_filter/cutadapt/29_S67.qualfilt
    shell:
        
             cd /uufs/chpc.utah.edu/common/home/kapheim-group2/nmel_immune_tagseq/kate_practice/nmel_tagseq/fastq_files/GSAF_files_prac/trimmed/
             module load fastx_toolkit
             module load cutadapt
             cutadapt -a AAAAAAAA -m 20 -O 4 -q 20 /uufs/chpc.utah.edu/common/home/kapheim-group2/nmel_immune_tagseq/kate_practice/nmel_tagseq/fastq_files/GSAF_files_prac/trimmed/29_S67.trim.fastq | -a AGATCGGAAG -m 20 -O 4 -q 20 - > /uufs/chpc.utah.edu/common/home/kapheim-group2/nmel_immune_tagseq/kate_practice/nmel_tagseq/fastq_files/GSAF_files_prac/qual_filter/cutadapt/29_S67.qualfilt
             
        (one of the commands exited with non-zero exit code; note that snakemake uses bash strict mode!)
    cluster_jobid: Submitted batch job 6066108 on cluster notchpeak

Error executing rule fastxtools on cluster (jobid: 16, external: Submitted batch job 6066108 on cluster notchpeak, jobscript: /uufs/chpc.utah.edu/common/home/kapheim-group2/nmel_immune_tagseq/kate_practice/nmel_tagseq/scripts/snake/khprac/.snakemake/tmp.e322bx8m/snakejob.fastxtools.16.sh). For error details see the cluster log and the log files of the involved rule(s).
[Tue Nov  1 17:09:01 2022]
Error in rule fastxtools:
    jobid: 18
    output: /uufs/chpc.utah.edu/common/home/kapheim-group2/nmel_immune_tagseq/kate_practice/nmel_tagseq/fastq_files/GSAF_files_prac/qual_filter/cutadapt/40_S60.qualfilt
    shell:
        
             cd /uufs/chpc.utah.edu/common/home/kapheim-group2/nmel_immune_tagseq/kate_practice/nmel_tagseq/fastq_files/GSAF_files_prac/trimmed/
             module load fastx_toolkit
             module load cutadapt
             cutadapt -a AAAAAAAA -m 20 -O 4 -q 20 /uufs/chpc.utah.edu/common/home/kapheim-group2/nmel_immune_tagseq/kate_practice/nmel_tagseq/fastq_files/GSAF_files_prac/trimmed/40_S60.trim.fastq | -a AGATCGGAAG -m 20 -O 4 -q 20 - > /uufs/chpc.utah.edu/common/home/kapheim-group2/nmel_immune_tagseq/kate_practice/nmel_tagseq/fastq_files/GSAF_files_prac/qual_filter/cutadapt/40_S60.qualfilt
             
        (one of the commands exited with non-zero exit code; note that snakemake uses bash strict mode!)
    cluster_jobid: Submitted batch job 6066109 on cluster notchpeak

Error executing rule fastxtools on cluster (jobid: 18, external: Submitted batch job 6066109 on cluster notchpeak, jobscript: /uufs/chpc.utah.edu/common/home/kapheim-group2/nmel_immune_tagseq/kate_practice/nmel_tagseq/scripts/snake/khprac/.snakemake/tmp.e322bx8m/snakejob.fastxtools.18.sh). For error details see the cluster log and the log files of the involved rule(s).
[Tue Nov  1 17:09:01 2022]
Error in rule fastxtools:
    jobid: 13
    output: /uufs/chpc.utah.edu/common/home/kapheim-group2/nmel_immune_tagseq/kate_practice/nmel_tagseq/fastq_files/GSAF_files_prac/qual_filter/cutadapt/10_S102.qualfilt
    shell:
        
             cd /uufs/chpc.utah.edu/common/home/kapheim-group2/nmel_immune_tagseq/kate_practice/nmel_tagseq/fastq_files/GSAF_files_prac/trimmed/
             module load fastx_toolkit
             module load cutadapt
             cutadapt -a AAAAAAAA -m 20 -O 4 -q 20 /uufs/chpc.utah.edu/common/home/kapheim-group2/nmel_immune_tagseq/kate_practice/nmel_tagseq/fastq_files/GSAF_files_prac/trimmed/10_S102.trim.fastq | -a AGATCGGAAG -m 20 -O 4 -q 20 - > /uufs/chpc.utah.edu/common/home/kapheim-group2/nmel_immune_tagseq/kate_practice/nmel_tagseq/fastq_files/GSAF_files_prac/qual_filter/cutadapt/10_S102.qualfilt
             
        (one of the commands exited with non-zero exit code; note that snakemake uses bash strict mode!)
    cluster_jobid: Submitted batch job 6066110 on cluster notchpeak

Error executing rule fastxtools on cluster (jobid: 13, external: Submitted batch job 6066110 on cluster notchpeak, jobscript: /uufs/chpc.utah.edu/common/home/kapheim-group2/nmel_immune_tagseq/kate_practice/nmel_tagseq/scripts/snake/khprac/.snakemake/tmp.e322bx8m/snakejob.fastxtools.13.sh). For error details see the cluster log and the log files of the involved rule(s).
[Tue Nov  1 17:09:01 2022]
Error in rule fastxtools:
    jobid: 15
    output: /uufs/chpc.utah.edu/common/home/kapheim-group2/nmel_immune_tagseq/kate_practice/nmel_tagseq/fastq_files/GSAF_files_prac/qual_filter/cutadapt/21_S96.qualfilt
    shell:
        
             cd /uufs/chpc.utah.edu/common/home/kapheim-group2/nmel_immune_tagseq/kate_practice/nmel_tagseq/fastq_files/GSAF_files_prac/trimmed/
             module load fastx_toolkit
             module load cutadapt
             cutadapt -a AAAAAAAA -m 20 -O 4 -q 20 /uufs/chpc.utah.edu/common/home/kapheim-group2/nmel_immune_tagseq/kate_practice/nmel_tagseq/fastq_files/GSAF_files_prac/trimmed/21_S96.trim.fastq | -a AGATCGGAAG -m 20 -O 4 -q 20 - > /uufs/chpc.utah.edu/common/home/kapheim-group2/nmel_immune_tagseq/kate_practice/nmel_tagseq/fastq_files/GSAF_files_prac/qual_filter/cutadapt/21_S96.qualfilt
             
        (one of the commands exited with non-zero exit code; note that snakemake uses bash strict mode!)
    cluster_jobid: Submitted batch job 6066111 on cluster notchpeak

Error executing rule fastxtools on cluster (jobid: 15, external: Submitted batch job 6066111 on cluster notchpeak, jobscript: /uufs/chpc.utah.edu/common/home/kapheim-group2/nmel_immune_tagseq/kate_practice/nmel_tagseq/scripts/snake/khprac/.snakemake/tmp.e322bx8m/snakejob.fastxtools.15.sh). For error details see the cluster log and the log files of the involved rule(s).
Shutting down, this might take some time.
Exiting because a job execution failed. Look above for error message
Complete log: /uufs/chpc.utah.edu/common/home/kapheim-group2/nmel_immune_tagseq/kate_practice/nmel_tagseq/scripts/snake/khprac/.snakemake/log/2022-11-01T170820.921394.snakemake.log
