Building DAG of jobs...
Using shell: /usr/bin/bash
Provided cluster nodes: 8
Job counts:
	count	jobs
	3	align_reads
	1	all
	4

[Thu Feb 17 15:05:19 2022]
rule align_reads:
    input: /uufs/chpc.utah.edu/common/home/kapheim-group2/nmel_immune_tagseq/kate_practice/nmel_tagseq/fastq_files/GSAF_files_prac/unzipped/12_S116.trim.fastq
    output: /uufs/chpc.utah.edu/common/home/kapheim-group2/nmel_immune_tagseq/kate_practice/nmel_tagseq/fastq_files/GSAF_files_prac/unzipped/12_S116_BAM_done.txt
    jobid: 6
    wildcards: sample=12_S116
    resources: mem_mb=40000

Submitted job 6 with external jobid 'Submitted batch job 3966284 on cluster notchpeak'.

[Thu Feb 17 15:05:19 2022]
rule align_reads:
    input: /uufs/chpc.utah.edu/common/home/kapheim-group2/nmel_immune_tagseq/kate_practice/nmel_tagseq/fastq_files/GSAF_files_prac/unzipped/10_S111.trim.fastq
    output: /uufs/chpc.utah.edu/common/home/kapheim-group2/nmel_immune_tagseq/kate_practice/nmel_tagseq/fastq_files/GSAF_files_prac/unzipped/10_S111_BAM_done.txt
    jobid: 7
    wildcards: sample=10_S111
    resources: mem_mb=40000

Submitted job 7 with external jobid 'Submitted batch job 3966285 on cluster notchpeak'.

[Thu Feb 17 15:05:19 2022]
rule align_reads:
    input: /uufs/chpc.utah.edu/common/home/kapheim-group2/nmel_immune_tagseq/kate_practice/nmel_tagseq/fastq_files/GSAF_files_prac/unzipped/11_S109.trim.fastq
    output: /uufs/chpc.utah.edu/common/home/kapheim-group2/nmel_immune_tagseq/kate_practice/nmel_tagseq/fastq_files/GSAF_files_prac/unzipped/11_S109_BAM_done.txt
    jobid: 5
    wildcards: sample=11_S109
    resources: mem_mb=40000

Submitted job 5 with external jobid 'Submitted batch job 3966286 on cluster notchpeak'.
[Thu Feb 17 15:05:49 2022]
Finished job 6.
1 of 4 steps (25%) done
[Thu Feb 17 15:05:49 2022]
Finished job 7.
2 of 4 steps (50%) done
[Thu Feb 17 15:05:49 2022]
Finished job 5.
3 of 4 steps (75%) done

[Thu Feb 17 15:05:49 2022]
localrule all:
    input: /uufs/chpc.utah.edu/common/home/kapheim-group2/nmel_immune_tagseq/kate_practice/nmel_tagseq/fastq_files/GSAF_files_prac/11_S109_L099_R1_cmb.trim.fastq.gz, /uufs/chpc.utah.edu/common/home/kapheim-group2/nmel_immune_tagseq/kate_practice/nmel_tagseq/fastq_files/GSAF_files_prac/12_S116_L099_R1_cmb.trim.fastq.gz, /uufs/chpc.utah.edu/common/home/kapheim-group2/nmel_immune_tagseq/kate_practice/nmel_tagseq/fastq_files/GSAF_files_prac/10_S111_L099_R1_cmb.trim.fastq.gz, /uufs/chpc.utah.edu/common/home/kapheim-group2/nmel_immune_tagseq/kate_practice/nmel_tagseq/fastq_files/GSAF_files_prac/unzipped/11_S109.trim.fastq, /uufs/chpc.utah.edu/common/home/kapheim-group2/nmel_immune_tagseq/kate_practice/nmel_tagseq/fastq_files/GSAF_files_prac/unzipped/12_S116.trim.fastq, /uufs/chpc.utah.edu/common/home/kapheim-group2/nmel_immune_tagseq/kate_practice/nmel_tagseq/fastq_files/GSAF_files_prac/unzipped/10_S111.trim.fastq, /uufs/chpc.utah.edu/common/home/kapheim-group2/nmel_immune_tagseq/kate_practice/nmel_tagseq/genome/index_done.txt, /uufs/chpc.utah.edu/common/home/kapheim-group2/nmel_immune_tagseq/kate_practice/nmel_tagseq/fastq_files/GSAF_files_prac/unzipped/11_S109_BAM_done.txt, /uufs/chpc.utah.edu/common/home/kapheim-group2/nmel_immune_tagseq/kate_practice/nmel_tagseq/fastq_files/GSAF_files_prac/unzipped/12_S116_BAM_done.txt, /uufs/chpc.utah.edu/common/home/kapheim-group2/nmel_immune_tagseq/kate_practice/nmel_tagseq/fastq_files/GSAF_files_prac/unzipped/10_S111_BAM_done.txt
    jobid: 0

[Thu Feb 17 15:05:49 2022]
Finished job 0.
4 of 4 steps (100%) done
Complete log: /uufs/chpc.utah.edu/common/home/kapheim-group2/nmel_immune_tagseq/kate_practice/nmel_tagseq/scripts/snake/khprac/.snakemake/log/2022-02-17T150519.580650.snakemake.log
