Building DAG of jobs...
Using shell: /usr/bin/bash
Provided cluster nodes: 14
Job counts:
	count	jobs
	1	all
	3	convertSAMtoBAMsort
	3	featurecounts
	7

[Tue Sep 13 12:09:05 2022]
rule convertSAMtoBAMsort:
    input: /uufs/chpc.utah.edu/common/home/kapheim-group2/nmel_immune_tagseq/kate_practice/nmel_tagseq/fastq_files/GSAF_files_prac/SAM/10_S111/10_S111_Aligned.out.sam
    output: /uufs/chpc.utah.edu/common/home/kapheim-group2/nmel_immune_tagseq/kate_practice/nmel_tagseq/fastq_files/GSAF_files_prac/BAM/10_S111/10_S111_Aligned.out.bam, /uufs/chpc.utah.edu/common/home/kapheim-group2/nmel_immune_tagseq/kate_practice/nmel_tagseq/fastq_files/GSAF_files_prac/BAM/10_S111/sortedbycoord/10_S111namesort.bam
    jobid: 10
    wildcards: sample=10_S111
    resources: mem_mb=40000

Submitted job 10 with external jobid 'Submitted batch job 5702413 on cluster notchpeak'.

[Tue Sep 13 12:09:05 2022]
rule convertSAMtoBAMsort:
    input: /uufs/chpc.utah.edu/common/home/kapheim-group2/nmel_immune_tagseq/kate_practice/nmel_tagseq/fastq_files/GSAF_files_prac/SAM/12_S116/12_S116_Aligned.out.sam
    output: /uufs/chpc.utah.edu/common/home/kapheim-group2/nmel_immune_tagseq/kate_practice/nmel_tagseq/fastq_files/GSAF_files_prac/BAM/12_S116/12_S116_Aligned.out.bam, /uufs/chpc.utah.edu/common/home/kapheim-group2/nmel_immune_tagseq/kate_practice/nmel_tagseq/fastq_files/GSAF_files_prac/BAM/12_S116/sortedbycoord/12_S116namesort.bam
    jobid: 9
    wildcards: sample=12_S116
    resources: mem_mb=40000

Submitted job 9 with external jobid 'Submitted batch job 5702414 on cluster notchpeak'.

[Tue Sep 13 12:09:05 2022]
rule convertSAMtoBAMsort:
    input: /uufs/chpc.utah.edu/common/home/kapheim-group2/nmel_immune_tagseq/kate_practice/nmel_tagseq/fastq_files/GSAF_files_prac/SAM/11_S109/11_S109_Aligned.out.sam
    output: /uufs/chpc.utah.edu/common/home/kapheim-group2/nmel_immune_tagseq/kate_practice/nmel_tagseq/fastq_files/GSAF_files_prac/BAM/11_S109/11_S109_Aligned.out.bam, /uufs/chpc.utah.edu/common/home/kapheim-group2/nmel_immune_tagseq/kate_practice/nmel_tagseq/fastq_files/GSAF_files_prac/BAM/11_S109/sortedbycoord/11_S109namesort.bam
    jobid: 8
    wildcards: sample=11_S109
    resources: mem_mb=40000

Submitted job 8 with external jobid 'Submitted batch job 5702415 on cluster notchpeak'.
[Tue Sep 13 12:09:55 2022]
Error in rule convertSAMtoBAMsort:
    jobid: 10
    output: /uufs/chpc.utah.edu/common/home/kapheim-group2/nmel_immune_tagseq/kate_practice/nmel_tagseq/fastq_files/GSAF_files_prac/BAM/10_S111/10_S111_Aligned.out.bam, /uufs/chpc.utah.edu/common/home/kapheim-group2/nmel_immune_tagseq/kate_practice/nmel_tagseq/fastq_files/GSAF_files_prac/BAM/10_S111/sortedbycoord/10_S111namesort.bam
    shell:
        
              module load samtools/1.5
              samtools view -S -b /uufs/chpc.utah.edu/common/home/kapheim-group2/nmel_immune_tagseq/kate_practice/nmel_tagseq/fastq_files/GSAF_files_prac/SAM/10_S111/10_S111_Aligned.out.sam>/uufs/chpc.utah.edu/common/home/kapheim-group2/nmel_immune_tagseq/kate_practice/nmel_tagseq/fastq_files/GSAF_files_prac/BAM/10_S111/10_S111_Aligned.out.bam
              samtools sort /uufs/chpc.utah.edu/common/home/kapheim-group2/nmel_immune_tagseq/kate_practice/nmel_tagseq/fastq_files/GSAF_files_prac/BAM/10_S111/10_S111_Aligned.out.bam -o /uufs/chpc.utah.edu/common/home/kapheim-group2/nmel_immune_tagseq/kate_practice/nmel_tagseq/fastq_files/GSAF_files_prac/BAM/10_S111/sortedbycoord/10_S111namesort.bam 
              samtools 
              
        (one of the commands exited with non-zero exit code; note that snakemake uses bash strict mode!)
    cluster_jobid: Submitted batch job 5702413 on cluster notchpeak

Error executing rule convertSAMtoBAMsort on cluster (jobid: 10, external: Submitted batch job 5702413 on cluster notchpeak, jobscript: /uufs/chpc.utah.edu/common/home/kapheim-group2/nmel_immune_tagseq/kate_practice/nmel_tagseq/scripts/snake/khprac/.snakemake/tmp.p6lem_12/snakejob.convertSAMtoBAMsort.10.sh). For error details see the cluster log and the log files of the involved rule(s).
[Tue Sep 13 12:10:05 2022]
Error in rule convertSAMtoBAMsort:
    jobid: 8
    output: /uufs/chpc.utah.edu/common/home/kapheim-group2/nmel_immune_tagseq/kate_practice/nmel_tagseq/fastq_files/GSAF_files_prac/BAM/11_S109/11_S109_Aligned.out.bam, /uufs/chpc.utah.edu/common/home/kapheim-group2/nmel_immune_tagseq/kate_practice/nmel_tagseq/fastq_files/GSAF_files_prac/BAM/11_S109/sortedbycoord/11_S109namesort.bam
    shell:
        
              module load samtools/1.5
              samtools view -S -b /uufs/chpc.utah.edu/common/home/kapheim-group2/nmel_immune_tagseq/kate_practice/nmel_tagseq/fastq_files/GSAF_files_prac/SAM/11_S109/11_S109_Aligned.out.sam>/uufs/chpc.utah.edu/common/home/kapheim-group2/nmel_immune_tagseq/kate_practice/nmel_tagseq/fastq_files/GSAF_files_prac/BAM/11_S109/11_S109_Aligned.out.bam
              samtools sort /uufs/chpc.utah.edu/common/home/kapheim-group2/nmel_immune_tagseq/kate_practice/nmel_tagseq/fastq_files/GSAF_files_prac/BAM/11_S109/11_S109_Aligned.out.bam -o /uufs/chpc.utah.edu/common/home/kapheim-group2/nmel_immune_tagseq/kate_practice/nmel_tagseq/fastq_files/GSAF_files_prac/BAM/11_S109/sortedbycoord/11_S109namesort.bam 
              samtools 
              
        (one of the commands exited with non-zero exit code; note that snakemake uses bash strict mode!)
    cluster_jobid: Submitted batch job 5702415 on cluster notchpeak

Error executing rule convertSAMtoBAMsort on cluster (jobid: 8, external: Submitted batch job 5702415 on cluster notchpeak, jobscript: /uufs/chpc.utah.edu/common/home/kapheim-group2/nmel_immune_tagseq/kate_practice/nmel_tagseq/scripts/snake/khprac/.snakemake/tmp.p6lem_12/snakejob.convertSAMtoBAMsort.8.sh). For error details see the cluster log and the log files of the involved rule(s).
[Tue Sep 13 12:10:15 2022]
Error in rule convertSAMtoBAMsort:
    jobid: 9
    output: /uufs/chpc.utah.edu/common/home/kapheim-group2/nmel_immune_tagseq/kate_practice/nmel_tagseq/fastq_files/GSAF_files_prac/BAM/12_S116/12_S116_Aligned.out.bam, /uufs/chpc.utah.edu/common/home/kapheim-group2/nmel_immune_tagseq/kate_practice/nmel_tagseq/fastq_files/GSAF_files_prac/BAM/12_S116/sortedbycoord/12_S116namesort.bam
    shell:
        
              module load samtools/1.5
              samtools view -S -b /uufs/chpc.utah.edu/common/home/kapheim-group2/nmel_immune_tagseq/kate_practice/nmel_tagseq/fastq_files/GSAF_files_prac/SAM/12_S116/12_S116_Aligned.out.sam>/uufs/chpc.utah.edu/common/home/kapheim-group2/nmel_immune_tagseq/kate_practice/nmel_tagseq/fastq_files/GSAF_files_prac/BAM/12_S116/12_S116_Aligned.out.bam
              samtools sort /uufs/chpc.utah.edu/common/home/kapheim-group2/nmel_immune_tagseq/kate_practice/nmel_tagseq/fastq_files/GSAF_files_prac/BAM/12_S116/12_S116_Aligned.out.bam -o /uufs/chpc.utah.edu/common/home/kapheim-group2/nmel_immune_tagseq/kate_practice/nmel_tagseq/fastq_files/GSAF_files_prac/BAM/12_S116/sortedbycoord/12_S116namesort.bam 
              samtools 
              
        (one of the commands exited with non-zero exit code; note that snakemake uses bash strict mode!)
    cluster_jobid: Submitted batch job 5702414 on cluster notchpeak

Error executing rule convertSAMtoBAMsort on cluster (jobid: 9, external: Submitted batch job 5702414 on cluster notchpeak, jobscript: /uufs/chpc.utah.edu/common/home/kapheim-group2/nmel_immune_tagseq/kate_practice/nmel_tagseq/scripts/snake/khprac/.snakemake/tmp.p6lem_12/snakejob.convertSAMtoBAMsort.9.sh). For error details see the cluster log and the log files of the involved rule(s).
Shutting down, this might take some time.
Exiting because a job execution failed. Look above for error message
Complete log: /uufs/chpc.utah.edu/common/home/kapheim-group2/nmel_immune_tagseq/kate_practice/nmel_tagseq/scripts/snake/khprac/.snakemake/log/2022-09-13T120904.983754.snakemake.log
