Building DAG of jobs...
Using shell: /usr/bin/bash
Provided cluster nodes: 14
Job counts:
	count	jobs
	1	all
	1	combine_matrices_htseq
	3	counting
	3	featurecounts
	8

[Wed Sep 14 14:43:13 2022]
rule featurecounts:
    input: /uufs/chpc.utah.edu/common/home/kapheim-group2/nmel_immune_tagseq/kate_practice/nmel_tagseq/genome/genome_files/NMEL_OGS_v2.1.0.gff3, /uufs/chpc.utah.edu/common/home/kapheim-group2/nmel_immune_tagseq/kate_practice/nmel_tagseq/fastq_files/GSAF_files_prac/BAM/10_S111/sortedbycoord/10_S111namesort.bam
    output: /uufs/chpc.utah.edu/common/home/kapheim-group2/nmel_immune_tagseq/kate_practice/nmel_tagseq/fastq_files/GSAF_files_prac/featurecounts/strandedispositive/10_S111.txt
    jobid: 17
    wildcards: sample=10_S111
    resources: mem_mb=1000

Submitted job 17 with external jobid 'Submitted batch job 5707499 on cluster notchpeak'.

[Wed Sep 14 14:43:13 2022]
rule counting:
    input: /uufs/chpc.utah.edu/common/home/kapheim-group2/nmel_immune_tagseq/kate_practice/nmel_tagseq/fastq_files/GSAF_files_prac/BAM/12_S116/sortedbyname/12_S116namesort.bam
    output: /uufs/chpc.utah.edu/common/home/kapheim-group2/nmel_immune_tagseq/kate_practice/nmel_tagseq/fastq_files/GSAF_files_prac/htseq/strandedispositive/12_S116.txt
    jobid: 12
    wildcards: sample=12_S116
    resources: mem_mb=1000

Submitted job 12 with external jobid 'Submitted batch job 5707500 on cluster notchpeak'.

[Wed Sep 14 14:43:13 2022]
rule combine_matrices_htseq:
    input: /uufs/chpc.utah.edu/common/home/kapheim-group2/nmel_immune_tagseq/kate_practice/nmel_tagseq/fastq_files/GSAF_files_prac/htseq/strandedispositive
    output: /uufs/chpc.utah.edu/common/home/kapheim-group2/nmel_immune_tagseq/kate_practice/nmel_tagseq/fastq_files/GSAF_files_prac/htseq/strandedispositive/matrix.csv
    jobid: 14
    resources: mem_mb=1000

Submitted job 14 with external jobid 'Submitted batch job 5707501 on cluster notchpeak'.

[Wed Sep 14 14:43:14 2022]
rule featurecounts:
    input: /uufs/chpc.utah.edu/common/home/kapheim-group2/nmel_immune_tagseq/kate_practice/nmel_tagseq/genome/genome_files/NMEL_OGS_v2.1.0.gff3, /uufs/chpc.utah.edu/common/home/kapheim-group2/nmel_immune_tagseq/kate_practice/nmel_tagseq/fastq_files/GSAF_files_prac/BAM/12_S116/sortedbycoord/12_S116namesort.bam
    output: /uufs/chpc.utah.edu/common/home/kapheim-group2/nmel_immune_tagseq/kate_practice/nmel_tagseq/fastq_files/GSAF_files_prac/featurecounts/strandedispositive/12_S116.txt
    jobid: 16
    wildcards: sample=12_S116
    resources: mem_mb=1000

Submitted job 16 with external jobid 'Submitted batch job 5707502 on cluster notchpeak'.

[Wed Sep 14 14:43:14 2022]
rule counting:
    input: /uufs/chpc.utah.edu/common/home/kapheim-group2/nmel_immune_tagseq/kate_practice/nmel_tagseq/fastq_files/GSAF_files_prac/BAM/11_S109/sortedbyname/11_S109namesort.bam
    output: /uufs/chpc.utah.edu/common/home/kapheim-group2/nmel_immune_tagseq/kate_practice/nmel_tagseq/fastq_files/GSAF_files_prac/htseq/strandedispositive/11_S109.txt
    jobid: 11
    wildcards: sample=11_S109
    resources: mem_mb=1000

Submitted job 11 with external jobid 'Submitted batch job 5707503 on cluster notchpeak'.

[Wed Sep 14 14:43:14 2022]
rule counting:
    input: /uufs/chpc.utah.edu/common/home/kapheim-group2/nmel_immune_tagseq/kate_practice/nmel_tagseq/fastq_files/GSAF_files_prac/BAM/10_S111/sortedbyname/10_S111namesort.bam
    output: /uufs/chpc.utah.edu/common/home/kapheim-group2/nmel_immune_tagseq/kate_practice/nmel_tagseq/fastq_files/GSAF_files_prac/htseq/strandedispositive/10_S111.txt
    jobid: 13
    wildcards: sample=10_S111
    resources: mem_mb=1000

Submitted job 13 with external jobid 'Submitted batch job 5707504 on cluster notchpeak'.

[Wed Sep 14 14:43:14 2022]
rule featurecounts:
    input: /uufs/chpc.utah.edu/common/home/kapheim-group2/nmel_immune_tagseq/kate_practice/nmel_tagseq/genome/genome_files/NMEL_OGS_v2.1.0.gff3, /uufs/chpc.utah.edu/common/home/kapheim-group2/nmel_immune_tagseq/kate_practice/nmel_tagseq/fastq_files/GSAF_files_prac/BAM/11_S109/sortedbycoord/11_S109namesort.bam
    output: /uufs/chpc.utah.edu/common/home/kapheim-group2/nmel_immune_tagseq/kate_practice/nmel_tagseq/fastq_files/GSAF_files_prac/featurecounts/strandedispositive/11_S109.txt
    jobid: 15
    wildcards: sample=11_S109
    resources: mem_mb=1000

Submitted job 15 with external jobid 'Submitted batch job 5707505 on cluster notchpeak'.
[Wed Sep 14 14:43:23 2022]
Finished job 17.
1 of 8 steps (12%) done
[Wed Sep 14 14:43:23 2022]
Error in rule combine_matrices_htseq:
    jobid: 14
    output: /uufs/chpc.utah.edu/common/home/kapheim-group2/nmel_immune_tagseq/kate_practice/nmel_tagseq/fastq_files/GSAF_files_prac/htseq/strandedispositive/matrix.csv
    shell:
        
              cd /uufs/chpc.utah.edu/common/home/kapheim-group2/nmel_immune_tagseq/kate_practice/nmel_tagseq/fastq_files/GSAF_files_prac/htseq/strandedispositive
              module load R
              Rscript /uufs/chpc.utah.edu/common/home/kapheim-group2/nmel_immune_tagseq/kate_practice/nmel_tagseq/scripts/snake/khprac/Rstuff/htseq_scriptconcat.R
              
        (one of the commands exited with non-zero exit code; note that snakemake uses bash strict mode!)
    cluster_jobid: Submitted batch job 5707501 on cluster notchpeak

Error executing rule combine_matrices_htseq on cluster (jobid: 14, external: Submitted batch job 5707501 on cluster notchpeak, jobscript: /uufs/chpc.utah.edu/common/home/kapheim-group2/nmel_immune_tagseq/kate_practice/nmel_tagseq/scripts/snake/khprac/.snakemake/tmp.o1qrvfci/snakejob.combine_matrices_htseq.14.sh). For error details see the cluster log and the log files of the involved rule(s).
[Wed Sep 14 14:43:23 2022]
Finished job 16.
2 of 8 steps (25%) done
[Wed Sep 14 14:43:23 2022]
Finished job 15.
3 of 8 steps (38%) done
[Wed Sep 14 14:44:43 2022]
Finished job 11.
4 of 8 steps (50%) done
[Wed Sep 14 14:44:53 2022]
Finished job 12.
5 of 8 steps (62%) done
[Wed Sep 14 14:44:53 2022]
Finished job 13.
6 of 8 steps (75%) done
Shutting down, this might take some time.
Exiting because a job execution failed. Look above for error message
Complete log: /uufs/chpc.utah.edu/common/home/kapheim-group2/nmel_immune_tagseq/kate_practice/nmel_tagseq/scripts/snake/khprac/.snakemake/log/2022-09-14T144313.295286.snakemake.log
