Building DAG of jobs...
Using shell: /usr/bin/bash
Provided cluster nodes: 8
Job counts:
	count	jobs
	3	align_reads
	1	all
	3	counting
	7

[Wed Mar 16 16:53:36 2022]
rule align_reads:
    input: /uufs/chpc.utah.edu/common/home/kapheim-group2/nmel_immune_tagseq/kate_practice/nmel_tagseq/fastq_files/GSAF_files_prac/unzipped/11_S109.trim.fastq
    output: /uufs/chpc.utah.edu/common/home/kapheim-group2/nmel_immune_tagseq/kate_practice/nmel_tagseq/fastq_files/GSAF_files_prac/SAM/11_S109/11_S109_Aligned.out.sam
    jobid: 5
    wildcards: sample=11_S109
    resources: mem_mb=40000

Submitted job 5 with external jobid 'Submitted batch job 4146642 on cluster notchpeak'.

[Wed Mar 16 16:53:37 2022]
rule align_reads:
    input: /uufs/chpc.utah.edu/common/home/kapheim-group2/nmel_immune_tagseq/kate_practice/nmel_tagseq/fastq_files/GSAF_files_prac/unzipped/10_S111.trim.fastq
    output: /uufs/chpc.utah.edu/common/home/kapheim-group2/nmel_immune_tagseq/kate_practice/nmel_tagseq/fastq_files/GSAF_files_prac/SAM/10_S111/10_S111_Aligned.out.sam
    jobid: 7
    wildcards: sample=10_S111
    resources: mem_mb=40000

Submitted job 7 with external jobid 'Submitted batch job 4146643 on cluster notchpeak'.

[Wed Mar 16 16:53:37 2022]
rule align_reads:
    input: /uufs/chpc.utah.edu/common/home/kapheim-group2/nmel_immune_tagseq/kate_practice/nmel_tagseq/fastq_files/GSAF_files_prac/unzipped/12_S116.trim.fastq
    output: /uufs/chpc.utah.edu/common/home/kapheim-group2/nmel_immune_tagseq/kate_practice/nmel_tagseq/fastq_files/GSAF_files_prac/SAM/12_S116/12_S116_Aligned.out.sam
    jobid: 6
    wildcards: sample=12_S116
    resources: mem_mb=40000

Submitted job 6 with external jobid 'Submitted batch job 4146646 on cluster notchpeak'.
[Wed Mar 16 16:53:46 2022]
Error in rule align_reads:
    jobid: 5
    output: /uufs/chpc.utah.edu/common/home/kapheim-group2/nmel_immune_tagseq/kate_practice/nmel_tagseq/fastq_files/GSAF_files_prac/SAM/11_S109/11_S109_Aligned.out.sam
    shell:
        
              module load star
              STAR --runThreadN 12               --runMode alignReads               --genomeDir /uufs/chpc.utah.edu/common/home/kapheim-group2/nmel_immune_tagseq/kate_practice/nmel_tagseq/genome/indexing               --outSAMtype SAM Unsorted SortedByCoordinate              --readFilesIn /uufs/chpc.utah.edu/common/home/kapheim-group2/nmel_immune_tagseq/kate_practice/nmel_tagseq/fastq_files/GSAF_files_prac/unzipped/11_S109.trim.fastq               --outFileNamePrefix /uufs/chpc.utah.edu/common/home/kapheim-group2/nmel_immune_tagseq/kate_practice/nmel_tagseq/fastq_files/GSAF_files_prac/SAM/11_S109/
              
        (exited with non-zero exit code)
    cluster_jobid: Submitted batch job 4146642 on cluster notchpeak

Error executing rule align_reads on cluster (jobid: 5, external: Submitted batch job 4146642 on cluster notchpeak, jobscript: /uufs/chpc.utah.edu/common/home/kapheim-group2/nmel_immune_tagseq/kate_practice/nmel_tagseq/scripts/snake/khprac/.snakemake/tmp.yqy2htck/snakejob.align_reads.5.sh). For error details see the cluster log and the log files of the involved rule(s).
[Wed Mar 16 16:53:46 2022]
Error in rule align_reads:
    jobid: 7
    output: /uufs/chpc.utah.edu/common/home/kapheim-group2/nmel_immune_tagseq/kate_practice/nmel_tagseq/fastq_files/GSAF_files_prac/SAM/10_S111/10_S111_Aligned.out.sam
    shell:
        
              module load star
              STAR --runThreadN 12               --runMode alignReads               --genomeDir /uufs/chpc.utah.edu/common/home/kapheim-group2/nmel_immune_tagseq/kate_practice/nmel_tagseq/genome/indexing               --outSAMtype SAM Unsorted SortedByCoordinate              --readFilesIn /uufs/chpc.utah.edu/common/home/kapheim-group2/nmel_immune_tagseq/kate_practice/nmel_tagseq/fastq_files/GSAF_files_prac/unzipped/10_S111.trim.fastq               --outFileNamePrefix /uufs/chpc.utah.edu/common/home/kapheim-group2/nmel_immune_tagseq/kate_practice/nmel_tagseq/fastq_files/GSAF_files_prac/SAM/10_S111/
              
        (exited with non-zero exit code)
    cluster_jobid: Submitted batch job 4146643 on cluster notchpeak

Error executing rule align_reads on cluster (jobid: 7, external: Submitted batch job 4146643 on cluster notchpeak, jobscript: /uufs/chpc.utah.edu/common/home/kapheim-group2/nmel_immune_tagseq/kate_practice/nmel_tagseq/scripts/snake/khprac/.snakemake/tmp.yqy2htck/snakejob.align_reads.7.sh). For error details see the cluster log and the log files of the involved rule(s).
[Wed Mar 16 16:53:46 2022]
Error in rule align_reads:
    jobid: 6
    output: /uufs/chpc.utah.edu/common/home/kapheim-group2/nmel_immune_tagseq/kate_practice/nmel_tagseq/fastq_files/GSAF_files_prac/SAM/12_S116/12_S116_Aligned.out.sam
    shell:
        
              module load star
              STAR --runThreadN 12               --runMode alignReads               --genomeDir /uufs/chpc.utah.edu/common/home/kapheim-group2/nmel_immune_tagseq/kate_practice/nmel_tagseq/genome/indexing               --outSAMtype SAM Unsorted SortedByCoordinate              --readFilesIn /uufs/chpc.utah.edu/common/home/kapheim-group2/nmel_immune_tagseq/kate_practice/nmel_tagseq/fastq_files/GSAF_files_prac/unzipped/12_S116.trim.fastq               --outFileNamePrefix /uufs/chpc.utah.edu/common/home/kapheim-group2/nmel_immune_tagseq/kate_practice/nmel_tagseq/fastq_files/GSAF_files_prac/SAM/12_S116/
              
        (exited with non-zero exit code)
    cluster_jobid: Submitted batch job 4146646 on cluster notchpeak

Error executing rule align_reads on cluster (jobid: 6, external: Submitted batch job 4146646 on cluster notchpeak, jobscript: /uufs/chpc.utah.edu/common/home/kapheim-group2/nmel_immune_tagseq/kate_practice/nmel_tagseq/scripts/snake/khprac/.snakemake/tmp.yqy2htck/snakejob.align_reads.6.sh). For error details see the cluster log and the log files of the involved rule(s).
Shutting down, this might take some time.
Exiting because a job execution failed. Look above for error message
Complete log: /uufs/chpc.utah.edu/common/home/kapheim-group2/nmel_immune_tagseq/kate_practice/nmel_tagseq/scripts/snake/khprac/.snakemake/log/2022-03-16T165336.749997.snakemake.log
