Building DAG of jobs...
Using shell: /usr/bin/bash
Provided cluster nodes: 14
Job counts:
	count	jobs
	1	all
	1	combine_matrices_htseq
	3	featurecounts
	5

[Wed Sep 14 15:08:43 2022]
rule combine_matrices_htseq:
    input: /uufs/chpc.utah.edu/common/home/kapheim-group2/nmel_immune_tagseq/kate_practice/nmel_tagseq/fastq_files/GSAF_files_prac/htseq/strandedisno
    output: /uufs/chpc.utah.edu/common/home/kapheim-group2/nmel_immune_tagseq/kate_practice/nmel_tagseq/fastq_files/GSAF_files_prac/htseq/strandedisno/matrix.csv
    jobid: 14
    resources: mem_mb=1000

Submitted job 14 with external jobid 'Submitted batch job 5707572 on cluster notchpeak'.

[Wed Sep 14 15:08:43 2022]
rule featurecounts:
    input: /uufs/chpc.utah.edu/common/home/kapheim-group2/nmel_immune_tagseq/kate_practice/nmel_tagseq/genome/genome_files/NMEL_OGS_v2.1.0.gff3, /uufs/chpc.utah.edu/common/home/kapheim-group2/nmel_immune_tagseq/kate_practice/nmel_tagseq/fastq_files/GSAF_files_prac/BAM/12_S116/sortedbycoord/12_S116namesort.bam
    output: /uufs/chpc.utah.edu/common/home/kapheim-group2/nmel_immune_tagseq/kate_practice/nmel_tagseq/fastq_files/GSAF_files_prac/featurecounts/strandedisno/12_S116.txt
    jobid: 16
    wildcards: sample=12_S116
    resources: mem_mb=1000

Submitted job 16 with external jobid 'Submitted batch job 5707573 on cluster notchpeak'.

[Wed Sep 14 15:08:43 2022]
rule featurecounts:
    input: /uufs/chpc.utah.edu/common/home/kapheim-group2/nmel_immune_tagseq/kate_practice/nmel_tagseq/genome/genome_files/NMEL_OGS_v2.1.0.gff3, /uufs/chpc.utah.edu/common/home/kapheim-group2/nmel_immune_tagseq/kate_practice/nmel_tagseq/fastq_files/GSAF_files_prac/BAM/10_S111/sortedbycoord/10_S111namesort.bam
    output: /uufs/chpc.utah.edu/common/home/kapheim-group2/nmel_immune_tagseq/kate_practice/nmel_tagseq/fastq_files/GSAF_files_prac/featurecounts/strandedisno/10_S111.txt
    jobid: 17
    wildcards: sample=10_S111
    resources: mem_mb=1000

Submitted job 17 with external jobid 'Submitted batch job 5707574 on cluster notchpeak'.

[Wed Sep 14 15:08:43 2022]
rule featurecounts:
    input: /uufs/chpc.utah.edu/common/home/kapheim-group2/nmel_immune_tagseq/kate_practice/nmel_tagseq/genome/genome_files/NMEL_OGS_v2.1.0.gff3, /uufs/chpc.utah.edu/common/home/kapheim-group2/nmel_immune_tagseq/kate_practice/nmel_tagseq/fastq_files/GSAF_files_prac/BAM/11_S109/sortedbycoord/11_S109namesort.bam
    output: /uufs/chpc.utah.edu/common/home/kapheim-group2/nmel_immune_tagseq/kate_practice/nmel_tagseq/fastq_files/GSAF_files_prac/featurecounts/strandedisno/11_S109.txt
    jobid: 15
    wildcards: sample=11_S109
    resources: mem_mb=1000

Submitted job 15 with external jobid 'Submitted batch job 5707575 on cluster notchpeak'.
[Wed Sep 14 15:08:53 2022]
Finished job 14.
1 of 5 steps (20%) done
[Wed Sep 14 15:08:53 2022]
Finished job 16.
2 of 5 steps (40%) done
[Wed Sep 14 15:08:53 2022]
Finished job 17.
3 of 5 steps (60%) done
[Wed Sep 14 15:08:53 2022]
Finished job 15.
4 of 5 steps (80%) done

[Wed Sep 14 15:08:53 2022]
localrule all:
    input: /uufs/chpc.utah.edu/common/home/kapheim-group2/nmel_immune_tagseq/kate_practice/nmel_tagseq/fastq_files/GSAF_files_prac/11_S109_L099_R1_cmb.trim.fastq.gz, /uufs/chpc.utah.edu/common/home/kapheim-group2/nmel_immune_tagseq/kate_practice/nmel_tagseq/fastq_files/GSAF_files_prac/12_S116_L099_R1_cmb.trim.fastq.gz, /uufs/chpc.utah.edu/common/home/kapheim-group2/nmel_immune_tagseq/kate_practice/nmel_tagseq/fastq_files/GSAF_files_prac/10_S111_L099_R1_cmb.trim.fastq.gz, /uufs/chpc.utah.edu/common/home/kapheim-group2/nmel_immune_tagseq/kate_practice/nmel_tagseq/fastq_files/GSAF_files_prac/unzipped/11_S109.trim.fastq, /uufs/chpc.utah.edu/common/home/kapheim-group2/nmel_immune_tagseq/kate_practice/nmel_tagseq/fastq_files/GSAF_files_prac/unzipped/12_S116.trim.fastq, /uufs/chpc.utah.edu/common/home/kapheim-group2/nmel_immune_tagseq/kate_practice/nmel_tagseq/fastq_files/GSAF_files_prac/unzipped/10_S111.trim.fastq, /uufs/chpc.utah.edu/common/home/kapheim-group2/nmel_immune_tagseq/kate_practice/nmel_tagseq/genome/index_done.txt, /uufs/chpc.utah.edu/common/home/kapheim-group2/nmel_immune_tagseq/kate_practice/nmel_tagseq/fastq_files/GSAF_files_prac/SAM/11_S109/11_S109_Aligned.out.sam, /uufs/chpc.utah.edu/common/home/kapheim-group2/nmel_immune_tagseq/kate_practice/nmel_tagseq/fastq_files/GSAF_files_prac/SAM/12_S116/12_S116_Aligned.out.sam, /uufs/chpc.utah.edu/common/home/kapheim-group2/nmel_immune_tagseq/kate_practice/nmel_tagseq/fastq_files/GSAF_files_prac/SAM/10_S111/10_S111_Aligned.out.sam, /uufs/chpc.utah.edu/common/home/kapheim-group2/nmel_immune_tagseq/kate_practice/nmel_tagseq/fastq_files/GSAF_files_prac/BAM/11_S109/11_S109_Aligned.out.bam, /uufs/chpc.utah.edu/common/home/kapheim-group2/nmel_immune_tagseq/kate_practice/nmel_tagseq/fastq_files/GSAF_files_prac/BAM/12_S116/12_S116_Aligned.out.bam, /uufs/chpc.utah.edu/common/home/kapheim-group2/nmel_immune_tagseq/kate_practice/nmel_tagseq/fastq_files/GSAF_files_prac/BAM/10_S111/10_S111_Aligned.out.bam, /uufs/chpc.utah.edu/common/home/kapheim-group2/nmel_immune_tagseq/kate_practice/nmel_tagseq/fastq_files/GSAF_files_prac/BAM/11_S109/sortedbycoord/11_S109namesort.bam, /uufs/chpc.utah.edu/common/home/kapheim-group2/nmel_immune_tagseq/kate_practice/nmel_tagseq/fastq_files/GSAF_files_prac/BAM/12_S116/sortedbycoord/12_S116namesort.bam, /uufs/chpc.utah.edu/common/home/kapheim-group2/nmel_immune_tagseq/kate_practice/nmel_tagseq/fastq_files/GSAF_files_prac/BAM/10_S111/sortedbycoord/10_S111namesort.bam, /uufs/chpc.utah.edu/common/home/kapheim-group2/nmel_immune_tagseq/kate_practice/nmel_tagseq/fastq_files/GSAF_files_prac/htseq/strandedisno/11_S109.txt, /uufs/chpc.utah.edu/common/home/kapheim-group2/nmel_immune_tagseq/kate_practice/nmel_tagseq/fastq_files/GSAF_files_prac/htseq/strandedisno/12_S116.txt, /uufs/chpc.utah.edu/common/home/kapheim-group2/nmel_immune_tagseq/kate_practice/nmel_tagseq/fastq_files/GSAF_files_prac/htseq/strandedisno/10_S111.txt, /uufs/chpc.utah.edu/common/home/kapheim-group2/nmel_immune_tagseq/kate_practice/nmel_tagseq/fastq_files/GSAF_files_prac/htseq/strandedisno/matrix.csv, /uufs/chpc.utah.edu/common/home/kapheim-group2/nmel_immune_tagseq/kate_practice/nmel_tagseq/fastq_files/GSAF_files_prac/featurecounts/strandedisno/11_S109.txt, /uufs/chpc.utah.edu/common/home/kapheim-group2/nmel_immune_tagseq/kate_practice/nmel_tagseq/fastq_files/GSAF_files_prac/featurecounts/strandedisno/12_S116.txt, /uufs/chpc.utah.edu/common/home/kapheim-group2/nmel_immune_tagseq/kate_practice/nmel_tagseq/fastq_files/GSAF_files_prac/featurecounts/strandedisno/10_S111.txt
    jobid: 0

[Wed Sep 14 15:08:53 2022]
Finished job 0.
5 of 5 steps (100%) done
Complete log: /uufs/chpc.utah.edu/common/home/kapheim-group2/nmel_immune_tagseq/kate_practice/nmel_tagseq/scripts/snake/khprac/.snakemake/log/2022-09-14T150842.537705.snakemake.log
