Building DAG of jobs...
Using shell: /usr/bin/bash
Provided cluster nodes: 5
Job counts:
	count	jobs
	1	all
	2	clip
	2	combine
	5

[Mon Oct 17 16:31:33 2022]
rule combine:
    input: /uufs/chpc.utah.edu/common/home/kapheim-group2/nmel_immune_tagseq/kate_practice/nmel_tagseq/fastq_files/GSAF_files_prac/original_files/10_S102_L001_R1_001.fastq.gz, /uufs/chpc.utah.edu/common/home/kapheim-group2/nmel_immune_tagseq/kate_practice/nmel_tagseq/fastq_files/GSAF_files_prac/original_files/10_S102_L002_R1_001.fastq.gz
    output: /uufs/chpc.utah.edu/common/home/kapheim-group2/nmel_immune_tagseq/kate_practice/nmel_tagseq/fastq_files/GSAF_files_prac/concatenated/10_S102.cmb.fastq.gz
    jobid: 1
    wildcards: sample=10_S102
    resources: mem_mb=1000

Submitted job 1 with external jobid 'Submitted batch job 5941843 on cluster notchpeak'.

[Mon Oct 17 16:31:33 2022]
rule combine:
    input: /uufs/chpc.utah.edu/common/home/kapheim-group2/nmel_immune_tagseq/kate_practice/nmel_tagseq/fastq_files/GSAF_files_prac/original_files/11_S109_L001_R1_001.fastq.gz, /uufs/chpc.utah.edu/common/home/kapheim-group2/nmel_immune_tagseq/kate_practice/nmel_tagseq/fastq_files/GSAF_files_prac/original_files/11_S109_L002_R1_001.fastq.gz
    output: /uufs/chpc.utah.edu/common/home/kapheim-group2/nmel_immune_tagseq/kate_practice/nmel_tagseq/fastq_files/GSAF_files_prac/concatenated/11_S109.cmb.fastq.gz
    jobid: 2
    wildcards: sample=11_S109
    resources: mem_mb=1000

Submitted job 2 with external jobid 'Submitted batch job 5941844 on cluster notchpeak'.
[Mon Oct 17 16:34:03 2022]
Finished job 2.
1 of 5 steps (20%) done

[Mon Oct 17 16:34:03 2022]
rule clip:
    input: /uufs/chpc.utah.edu/common/home/kapheim-group2/nmel_immune_tagseq/kate_practice/nmel_tagseq/fastq_files/GSAF_files_prac/concatenated/11_S109.cmb.fastq.gz
    output: /uufs/chpc.utah.edu/common/home/kapheim-group2/nmel_immune_tagseq/kate_practice/nmel_tagseq/fastq_files/GSAF_files_prac/trimmed/11_S109.trim.fastq
    jobid: 4
    wildcards: sample=11_S109
    resources: mem_mb=1000

Submitted job 4 with external jobid 'Submitted batch job 5941847 on cluster notchpeak'.
