Building DAG of jobs...
Using shell: /usr/bin/bash
Provided cluster nodes: 5
Job counts:
	count	jobs
	1	all
	6	cutadapt
	7

[Wed Nov  2 16:22:16 2022]
rule cutadapt:
    input: /uufs/chpc.utah.edu/common/home/kapheim-group2/nmel_immune_tagseq/kate_practice/nmel_tagseq/fastq_files/GSAF_files_prac/trimmed/11_S109.trim.fastq
    output: /uufs/chpc.utah.edu/common/home/kapheim-group2/nmel_immune_tagseq/kate_practice/nmel_tagseq/fastq_files/GSAF_files_prac/qual_filter/cutadapt/11_S109.qualfilt
    jobid: 14
    wildcards: sample=11_S109
    resources: mem_mb=1000

RuleException in line 78 of /uufs/chpc.utah.edu/common/home/kapheim-group2/nmel_immune_tagseq/kate_practice/nmel_tagseq/scripts/snake/khprac/snakefile:
IndexError: list index out of range
  File "/uufs/chpc.utah.edu/sys/installdir/snakemake/6.4.1/lib/python3.7/site-packages/snakemake-6.4.1-py3.7.egg/snakemake/executors/__init__.py", line 140, in run_jobs
  File "/uufs/chpc.utah.edu/sys/installdir/snakemake/6.4.1/lib/python3.7/site-packages/snakemake-6.4.1-py3.7.egg/snakemake/executors/__init__.py", line 959, in run
  File "/uufs/chpc.utah.edu/sys/installdir/snakemake/6.4.1/lib/python3.7/site-packages/snakemake-6.4.1-py3.7.egg/snakemake/executors/__init__.py", line 728, in _run
  File "/uufs/chpc.utah.edu/sys/installdir/snakemake/6.4.1/lib/python3.7/site-packages/snakemake-6.4.1-py3.7.egg/snakemake/executors/__init__.py", line 230, in _run
  File "/uufs/chpc.utah.edu/sys/installdir/snakemake/6.4.1/lib/python3.7/site-packages/snakemake-6.4.1-py3.7.egg/snakemake/executors/__init__.py", line 156, in _run
  File "/uufs/chpc.utah.edu/sys/installdir/snakemake/6.4.1/lib/python3.7/site-packages/snakemake-6.4.1-py3.7.egg/snakemake/executors/__init__.py", line 162, in printjob
