Building DAG of jobs...
Using shell: /usr/bin/bash
Provided cluster nodes: 8
Job counts:
	count	jobs
	3	align_reads
	1	all
	3	counting
	7

[Thu Mar 17 13:37:08 2022]
rule align_reads:
    input: /uufs/chpc.utah.edu/common/home/kapheim-group2/nmel_immune_tagseq/kate_practice/nmel_tagseq/fastq_files/GSAF_files_prac/unzipped/10_S111.trim.fastq
    output: /uufs/chpc.utah.edu/common/home/kapheim-group2/nmel_immune_tagseq/kate_practice/nmel_tagseq/fastq_files/GSAF_files_prac/SAM/10_S111/10_S111_Aligned.out.sam
    jobid: 7
    wildcards: sample=10_S111
    resources: mem_mb=40000

Submitted job 7 with external jobid 'Submitted batch job 4152218 on cluster notchpeak'.

[Thu Mar 17 13:37:08 2022]
rule align_reads:
    input: /uufs/chpc.utah.edu/common/home/kapheim-group2/nmel_immune_tagseq/kate_practice/nmel_tagseq/fastq_files/GSAF_files_prac/unzipped/12_S116.trim.fastq
    output: /uufs/chpc.utah.edu/common/home/kapheim-group2/nmel_immune_tagseq/kate_practice/nmel_tagseq/fastq_files/GSAF_files_prac/SAM/12_S116/12_S116_Aligned.out.sam
    jobid: 6
    wildcards: sample=12_S116
    resources: mem_mb=40000

Submitted job 6 with external jobid 'Submitted batch job 4152219 on cluster notchpeak'.

[Thu Mar 17 13:37:09 2022]
rule align_reads:
    input: /uufs/chpc.utah.edu/common/home/kapheim-group2/nmel_immune_tagseq/kate_practice/nmel_tagseq/fastq_files/GSAF_files_prac/unzipped/11_S109.trim.fastq
    output: /uufs/chpc.utah.edu/common/home/kapheim-group2/nmel_immune_tagseq/kate_practice/nmel_tagseq/fastq_files/GSAF_files_prac/SAM/11_S109/11_S109_Aligned.out.sam
    jobid: 5
    wildcards: sample=11_S109
    resources: mem_mb=40000

Submitted job 5 with external jobid 'Submitted batch job 4152220 on cluster notchpeak'.
[Thu Mar 17 13:37:38 2022]
Finished job 7.
1 of 7 steps (14%) done

[Thu Mar 17 13:37:38 2022]
rule counting:
    input: /uufs/chpc.utah.edu/common/home/kapheim-group2/nmel_immune_tagseq/kate_practice/nmel_tagseq/fastq_files/GSAF_files_prac/SAM/10_S111/10_S111_Aligned.out.sam
    output: /uufs/chpc.utah.edu/common/home/kapheim-group2/nmel_immune_tagseq/kate_practice/nmel_tagseq/fastq_files/GSAF_files_prac/htseq/counts_10_S111.txt
    jobid: 10
    wildcards: sample=10_S111

[Thu Mar 17 13:37:38 2022]
Finished job 5.
2 of 7 steps (29%) done
WorkflowError in line 97 of /uufs/chpc.utah.edu/common/home/kapheim-group2/nmel_immune_tagseq/kate_practice/nmel_tagseq/scripts/snake/khprac/snakefile:
'Resources' object has no attribute 'mem_mb'
