Building DAG of jobs...
Using shell: /usr/bin/bash
Provided cluster nodes: 8
Job counts:
	count	jobs
	1	all
	1	genome_index
	2

[Mon Feb 14 17:10:15 2022]
rule genome_index:
    input: /uufs/chpc.utah.edu/common/home/kapheim-group2/nmel_immune_tagseq/kate_practice/nmel_tagseq/genome/NMEL_genome_v2.1.0.fasta
    output: /uufs/chpc.utah.edu/common/home/kapheim-group2/nmel_immune_tagseq/kate_practice/nmel_tagseq/genome/index_done.txt
    jobid: 1
    resources: mem_mb=1000

Submitted job 1 with external jobid 'Submitted batch job 3928319 on cluster notchpeak'.
[Mon Feb 14 17:10:25 2022]
Error in rule genome_index:
    jobid: 1
    output: /uufs/chpc.utah.edu/common/home/kapheim-group2/nmel_immune_tagseq/kate_practice/nmel_tagseq/genome/index_done.txt
    shell:
        
              module load star
              STAR --runThreadN 1               --runMode genomeGenerate               --genomeDir /uufs/chpc.utah.edu/common/home/kapheim-group2/nmel_immune_tagseq/kate_practice/nmel_tagseq/genome/               --genomeFastaFiles /uufs/chpc.utah.edu/common/home/kapheim-group2/nmel_immune_tagseq/kate_practice/nmel_tagseq/genome/.fasta               --sjdbGTFfile /uufs/chpc.utah.edu/common/home/kapheim-group2/nmel_immune_tagseq/kate_practice/nmel_tagseq/genome/NMEL_OGS_v2.1.0.gff3               --sjdbGTFtagExonParentTranscript Parent               --sjdbOverhang 73353               touch/uufs/chpc.utah.edu/common/home/kapheim-group2/nmel_immune_tagseq/kate_practice/nmel_tagseq/genome/index_done.txt
              
        (exited with non-zero exit code)
    cluster_jobid: Submitted batch job 3928319 on cluster notchpeak

Error executing rule genome_index on cluster (jobid: 1, external: Submitted batch job 3928319 on cluster notchpeak, jobscript: /uufs/chpc.utah.edu/common/home/kapheim-group2/nmel_immune_tagseq/kate_practice/nmel_tagseq/scripts/snake/khprac/.snakemake/tmp.akxnh57s/snakejob.genome_index.1.sh). For error details see the cluster log and the log files of the involved rule(s).
Shutting down, this might take some time.
Exiting because a job execution failed. Look above for error message
Complete log: /uufs/chpc.utah.edu/common/home/kapheim-group2/nmel_immune_tagseq/kate_practice/nmel_tagseq/scripts/snake/khprac/.snakemake/log/2022-02-14T171015.715967.snakemake.log
