Building DAG of jobs...
Using shell: /usr/bin/bash
Provided cluster nodes: 5
Job counts:
	count	jobs
	6	align_reads_SAM
	1	all
	1	cmboutput
	6	convertSAMtoBAMsort
	6	featurecounts
	1	joininginR
	1	summaryoutputs
	22

[Wed Jan 18 17:18:31 2023]
rule align_reads_SAM:
    input: /uufs/chpc.utah.edu/common/home/kapheim-group2/nmel_immune_tagseq/kate_practice/nmel_tagseq/fastq_files/GSAF_files_prac/qual_filter/cutadapt/33_S97.qualfilt
    output: /uufs/chpc.utah.edu/common/home/kapheim-group2/nmel_immune_tagseq/kate_practice/nmel_tagseq/fastq_files/GSAF_files_prac/SAM/33_S97/33_S97_Aligned.out.sam
    jobid: 34
    wildcards: sample=33_S97
    resources: mem_mb=40000

Submitted job 34 with external jobid 'Submitted batch job 6831366 on cluster notchpeak'.

[Wed Jan 18 17:18:31 2023]
rule align_reads_SAM:
    input: /uufs/chpc.utah.edu/common/home/kapheim-group2/nmel_immune_tagseq/kate_practice/nmel_tagseq/fastq_files/GSAF_files_prac/qual_filter/cutadapt/11_S109.qualfilt
    output: /uufs/chpc.utah.edu/common/home/kapheim-group2/nmel_immune_tagseq/kate_practice/nmel_tagseq/fastq_files/GSAF_files_prac/SAM/11_S109/11_S109_Aligned.out.sam
    jobid: 25
    wildcards: sample=11_S109
    resources: mem_mb=40000

Submitted job 25 with external jobid 'Submitted batch job 6831367 on cluster notchpeak'.

[Wed Jan 18 17:18:31 2023]
rule align_reads_SAM:
    input: /uufs/chpc.utah.edu/common/home/kapheim-group2/nmel_immune_tagseq/kate_practice/nmel_tagseq/fastq_files/GSAF_files_prac/qual_filter/cutadapt/29_S67.qualfilt
    output: /uufs/chpc.utah.edu/common/home/kapheim-group2/nmel_immune_tagseq/kate_practice/nmel_tagseq/fastq_files/GSAF_files_prac/SAM/29_S67/29_S67_Aligned.out.sam
    jobid: 31
    wildcards: sample=29_S67
    resources: mem_mb=40000

Submitted job 31 with external jobid 'Submitted batch job 6831368 on cluster notchpeak'.

[Wed Jan 18 17:18:31 2023]
rule align_reads_SAM:
    input: /uufs/chpc.utah.edu/common/home/kapheim-group2/nmel_immune_tagseq/kate_practice/nmel_tagseq/fastq_files/GSAF_files_prac/qual_filter/cutadapt/10_S102.qualfilt
    output: /uufs/chpc.utah.edu/common/home/kapheim-group2/nmel_immune_tagseq/kate_practice/nmel_tagseq/fastq_files/GSAF_files_prac/SAM/10_S102/10_S102_Aligned.out.sam
    jobid: 22
    wildcards: sample=10_S102
    resources: mem_mb=40000

Submitted job 22 with external jobid 'Submitted batch job 6831369 on cluster notchpeak'.

[Wed Jan 18 17:18:31 2023]
rule align_reads_SAM:
    input: /uufs/chpc.utah.edu/common/home/kapheim-group2/nmel_immune_tagseq/kate_practice/nmel_tagseq/fastq_files/GSAF_files_prac/qual_filter/cutadapt/21_S96.qualfilt
    output: /uufs/chpc.utah.edu/common/home/kapheim-group2/nmel_immune_tagseq/kate_practice/nmel_tagseq/fastq_files/GSAF_files_prac/SAM/21_S96/21_S96_Aligned.out.sam
    jobid: 28
    wildcards: sample=21_S96
    resources: mem_mb=40000

Submitted job 28 with external jobid 'Submitted batch job 6831370 on cluster notchpeak'.
[Wed Jan 18 17:19:01 2023]
Finished job 34.
1 of 22 steps (5%) done

[Wed Jan 18 17:19:01 2023]
rule convertSAMtoBAMsort:
    input: /uufs/chpc.utah.edu/common/home/kapheim-group2/nmel_immune_tagseq/kate_practice/nmel_tagseq/fastq_files/GSAF_files_prac/SAM/33_S97/33_S97_Aligned.out.sam
    output: /uufs/chpc.utah.edu/common/home/kapheim-group2/nmel_immune_tagseq/kate_practice/nmel_tagseq/fastq_files/GSAF_files_prac/BAM/33_S97/33_S97_Aligned.out.bam, /uufs/chpc.utah.edu/common/home/kapheim-group2/nmel_immune_tagseq/kate_practice/nmel_tagseq/fastq_files/GSAF_files_prac/BAM/33_S97/sortedbycoord/33_S97namesort.bam
    jobid: 33
    wildcards: sample=33_S97
    resources: mem_mb=40000

Submitted job 33 with external jobid 'Submitted batch job 6831371 on cluster notchpeak'.
[Wed Jan 18 17:19:11 2023]
Finished job 31.
2 of 22 steps (9%) done

[Wed Jan 18 17:19:11 2023]
rule convertSAMtoBAMsort:
    input: /uufs/chpc.utah.edu/common/home/kapheim-group2/nmel_immune_tagseq/kate_practice/nmel_tagseq/fastq_files/GSAF_files_prac/SAM/29_S67/29_S67_Aligned.out.sam
    output: /uufs/chpc.utah.edu/common/home/kapheim-group2/nmel_immune_tagseq/kate_practice/nmel_tagseq/fastq_files/GSAF_files_prac/BAM/29_S67/29_S67_Aligned.out.bam, /uufs/chpc.utah.edu/common/home/kapheim-group2/nmel_immune_tagseq/kate_practice/nmel_tagseq/fastq_files/GSAF_files_prac/BAM/29_S67/sortedbycoord/29_S67namesort.bam
    jobid: 30
    wildcards: sample=29_S67
    resources: mem_mb=40000

Submitted job 30 with external jobid 'Submitted batch job 6831372 on cluster notchpeak'.
[Wed Jan 18 17:19:21 2023]
Finished job 25.
3 of 22 steps (14%) done

[Wed Jan 18 17:19:21 2023]
rule convertSAMtoBAMsort:
    input: /uufs/chpc.utah.edu/common/home/kapheim-group2/nmel_immune_tagseq/kate_practice/nmel_tagseq/fastq_files/GSAF_files_prac/SAM/11_S109/11_S109_Aligned.out.sam
    output: /uufs/chpc.utah.edu/common/home/kapheim-group2/nmel_immune_tagseq/kate_practice/nmel_tagseq/fastq_files/GSAF_files_prac/BAM/11_S109/11_S109_Aligned.out.bam, /uufs/chpc.utah.edu/common/home/kapheim-group2/nmel_immune_tagseq/kate_practice/nmel_tagseq/fastq_files/GSAF_files_prac/BAM/11_S109/sortedbycoord/11_S109namesort.bam
    jobid: 24
    wildcards: sample=11_S109
    resources: mem_mb=40000

Submitted job 24 with external jobid 'Submitted batch job 6831373 on cluster notchpeak'.
[Wed Jan 18 17:19:31 2023]
Finished job 22.
4 of 22 steps (18%) done

[Wed Jan 18 17:19:31 2023]
rule convertSAMtoBAMsort:
    input: /uufs/chpc.utah.edu/common/home/kapheim-group2/nmel_immune_tagseq/kate_practice/nmel_tagseq/fastq_files/GSAF_files_prac/SAM/10_S102/10_S102_Aligned.out.sam
    output: /uufs/chpc.utah.edu/common/home/kapheim-group2/nmel_immune_tagseq/kate_practice/nmel_tagseq/fastq_files/GSAF_files_prac/BAM/10_S102/10_S102_Aligned.out.bam, /uufs/chpc.utah.edu/common/home/kapheim-group2/nmel_immune_tagseq/kate_practice/nmel_tagseq/fastq_files/GSAF_files_prac/BAM/10_S102/sortedbycoord/10_S102namesort.bam
    jobid: 21
    wildcards: sample=10_S102
    resources: mem_mb=40000

Submitted job 21 with external jobid 'Submitted batch job 6831374 on cluster notchpeak'.
[Wed Jan 18 17:20:11 2023]
Finished job 28.
5 of 22 steps (23%) done

[Wed Jan 18 17:20:11 2023]
rule convertSAMtoBAMsort:
    input: /uufs/chpc.utah.edu/common/home/kapheim-group2/nmel_immune_tagseq/kate_practice/nmel_tagseq/fastq_files/GSAF_files_prac/SAM/21_S96/21_S96_Aligned.out.sam
    output: /uufs/chpc.utah.edu/common/home/kapheim-group2/nmel_immune_tagseq/kate_practice/nmel_tagseq/fastq_files/GSAF_files_prac/BAM/21_S96/21_S96_Aligned.out.bam, /uufs/chpc.utah.edu/common/home/kapheim-group2/nmel_immune_tagseq/kate_practice/nmel_tagseq/fastq_files/GSAF_files_prac/BAM/21_S96/sortedbycoord/21_S96namesort.bam
    jobid: 27
    wildcards: sample=21_S96
    resources: mem_mb=40000

Submitted job 27 with external jobid 'Submitted batch job 6831379 on cluster notchpeak'.
[Wed Jan 18 17:20:31 2023]
Finished job 33.
6 of 22 steps (27%) done
[Wed Jan 18 17:20:31 2023]
Finished job 30.
7 of 22 steps (32%) done

[Wed Jan 18 17:20:31 2023]
rule align_reads_SAM:
    input: /uufs/chpc.utah.edu/common/home/kapheim-group2/nmel_immune_tagseq/kate_practice/nmel_tagseq/fastq_files/GSAF_files_prac/qual_filter/cutadapt/40_S60.qualfilt
    output: /uufs/chpc.utah.edu/common/home/kapheim-group2/nmel_immune_tagseq/kate_practice/nmel_tagseq/fastq_files/GSAF_files_prac/SAM/40_S60/40_S60_Aligned.out.sam
    jobid: 37
    wildcards: sample=40_S60
    resources: mem_mb=40000

[Wed Jan 18 17:20:31 2023]
Finished job 24.
8 of 22 steps (36%) done
Submitted job 37 with external jobid 'Submitted batch job 6831381 on cluster notchpeak'.

[Wed Jan 18 17:20:31 2023]
rule featurecounts:
    input: /uufs/chpc.utah.edu/common/home/kapheim-group2/nmel_immune_tagseq/kate_practice/nmel_tagseq/genome/genome_files/NMEL_OGS_v2.1.0.gff3, /uufs/chpc.utah.edu/common/home/kapheim-group2/nmel_immune_tagseq/kate_practice/nmel_tagseq/fastq_files/GSAF_files_prac/BAM/29_S67/sortedbycoord/29_S67namesort.bam
    output: /uufs/chpc.utah.edu/common/home/kapheim-group2/nmel_immune_tagseq/kate_practice/nmel_tagseq/fastq_files/GSAF_files_prac/featurecounts/29_S67.txt
    jobid: 29
    wildcards: sample=29_S67
    resources: mem_mb=1000

Submitted job 29 with external jobid 'Submitted batch job 6831382 on cluster notchpeak'.

[Wed Jan 18 17:20:31 2023]
rule featurecounts:
    input: /uufs/chpc.utah.edu/common/home/kapheim-group2/nmel_immune_tagseq/kate_practice/nmel_tagseq/genome/genome_files/NMEL_OGS_v2.1.0.gff3, /uufs/chpc.utah.edu/common/home/kapheim-group2/nmel_immune_tagseq/kate_practice/nmel_tagseq/fastq_files/GSAF_files_prac/BAM/33_S97/sortedbycoord/33_S97namesort.bam
    output: /uufs/chpc.utah.edu/common/home/kapheim-group2/nmel_immune_tagseq/kate_practice/nmel_tagseq/fastq_files/GSAF_files_prac/featurecounts/33_S97.txt
    jobid: 32
    wildcards: sample=33_S97
    resources: mem_mb=1000

Submitted job 32 with external jobid 'Submitted batch job 6831383 on cluster notchpeak'.
[Wed Jan 18 17:20:51 2023]
Finished job 21.
9 of 22 steps (41%) done

[Wed Jan 18 17:20:51 2023]
rule featurecounts:
    input: /uufs/chpc.utah.edu/common/home/kapheim-group2/nmel_immune_tagseq/kate_practice/nmel_tagseq/genome/genome_files/NMEL_OGS_v2.1.0.gff3, /uufs/chpc.utah.edu/common/home/kapheim-group2/nmel_immune_tagseq/kate_practice/nmel_tagseq/fastq_files/GSAF_files_prac/BAM/10_S102/sortedbycoord/10_S102namesort.bam
    output: /uufs/chpc.utah.edu/common/home/kapheim-group2/nmel_immune_tagseq/kate_practice/nmel_tagseq/fastq_files/GSAF_files_prac/featurecounts/10_S102.txt
    jobid: 20
    wildcards: sample=10_S102
    resources: mem_mb=1000

[Wed Jan 18 17:20:51 2023]
Finished job 29.
10 of 22 steps (45%) done
[Wed Jan 18 17:20:51 2023]
Finished job 32.
11 of 22 steps (50%) done
Submitted job 20 with external jobid 'Submitted batch job 6831385 on cluster notchpeak'.

[Wed Jan 18 17:20:51 2023]
rule featurecounts:
    input: /uufs/chpc.utah.edu/common/home/kapheim-group2/nmel_immune_tagseq/kate_practice/nmel_tagseq/genome/genome_files/NMEL_OGS_v2.1.0.gff3, /uufs/chpc.utah.edu/common/home/kapheim-group2/nmel_immune_tagseq/kate_practice/nmel_tagseq/fastq_files/GSAF_files_prac/BAM/11_S109/sortedbycoord/11_S109namesort.bam
    output: /uufs/chpc.utah.edu/common/home/kapheim-group2/nmel_immune_tagseq/kate_practice/nmel_tagseq/fastq_files/GSAF_files_prac/featurecounts/11_S109.txt
    jobid: 23
    wildcards: sample=11_S109
    resources: mem_mb=1000

Submitted job 23 with external jobid 'Submitted batch job 6831386 on cluster notchpeak'.
Waiting at most 10 seconds for missing files.
MissingOutputException in line 220 of /uufs/chpc.utah.edu/common/home/kapheim-group2/nmel_immune_tagseq/kate_practice/nmel_tagseq/scripts/snake/khprac/snakefile:
Job Missing files after 10 seconds:
/uufs/chpc.utah.edu/common/home/kapheim-group2/nmel_immune_tagseq/kate_practice/nmel_tagseq/fastq_files/GSAF_files_prac/featurecounts/10_S102.txt
This might be due to filesystem latency. If that is the case, consider to increase the wait time with --latency-wait.
Job id: 20 completed successfully, but some output files are missing. 20
  File "/uufs/chpc.utah.edu/sys/installdir/snakemake/6.4.1/lib/python3.7/site-packages/snakemake-6.4.1-py3.7.egg/snakemake/executors/__init__.py", line 848, in handle_job_success
  File "/uufs/chpc.utah.edu/sys/installdir/snakemake/6.4.1/lib/python3.7/site-packages/snakemake-6.4.1-py3.7.egg/snakemake/executors/__init__.py", line 259, in handle_job_success
Waiting at most 10 seconds for missing files.
MissingOutputException in line 220 of /uufs/chpc.utah.edu/common/home/kapheim-group2/nmel_immune_tagseq/kate_practice/nmel_tagseq/scripts/snake/khprac/snakefile:
Job Missing files after 10 seconds:
/uufs/chpc.utah.edu/common/home/kapheim-group2/nmel_immune_tagseq/kate_practice/nmel_tagseq/fastq_files/GSAF_files_prac/featurecounts/11_S109.txt
This might be due to filesystem latency. If that is the case, consider to increase the wait time with --latency-wait.
Job id: 23 completed successfully, but some output files are missing. 23
  File "/uufs/chpc.utah.edu/sys/installdir/snakemake/6.4.1/lib/python3.7/site-packages/snakemake-6.4.1-py3.7.egg/snakemake/executors/__init__.py", line 848, in handle_job_success
  File "/uufs/chpc.utah.edu/sys/installdir/snakemake/6.4.1/lib/python3.7/site-packages/snakemake-6.4.1-py3.7.egg/snakemake/executors/__init__.py", line 259, in handle_job_success
[Wed Jan 18 17:21:31 2023]
Finished job 27.
12 of 22 steps (55%) done
[Wed Jan 18 17:21:31 2023]
Finished job 37.
13 of 22 steps (59%) done
Shutting down, this might take some time.
Exiting because a job execution failed. Look above for error message
Complete log: /uufs/chpc.utah.edu/common/home/kapheim-group2/nmel_immune_tagseq/kate_practice/nmel_tagseq/scripts/snake/khprac/.snakemake/log/2023-01-18T171830.740503.snakemake.log
