Building DAG of jobs...
Job stats:
job              count    min threads    max threads
-------------  -------  -------------  -------------
all                  1              1              1
cmboutput            1              1              1
summaryoutput        1              1              1
total                3              1              1


[Tue Jan 17 16:00:19 2023]
rule summaryoutput:
    input: /uufs/chpc.utah.edu/common/home/kapheim-group2/nmel_immune_tagseq/kate_practice/nmel_tagseq/fastq_files/GSAF_files_prac/original_files, /uufs/chpc.utah.edu/common/home/kapheim-group2/nmel_immune_tagseq/kate_practice/nmel_tagseq/fastq_files/GSAF_files_prac/concatenated, /uufs/chpc.utah.edu/common/home/kapheim-group2/nmel_immune_tagseq/kate_practice/nmel_tagseq/fastq_files/GSAF_files_prac/trimmed, /uufs/chpc.utah.edu/common/home/kapheim-group2/nmel_immune_tagseq/kate_practice/nmel_tagseq/fastq_files/GSAF_files_prac/qual_filter/cutadapt
    output: /uufs/chpc.utah.edu/common/home/kapheim-group2/nmel_immune_tagseq/kate_practice/nmel_tagseq/fastq_files/GSAF_files_prac/outputsfolder/seqcounts.txt, /uufs/chpc.utah.edu/common/home/kapheim-group2/nmel_immune_tagseq/kate_practice/nmel_tagseq/fastq_files/GSAF_files_prac/outputsfolder/concat.txt, /uufs/chpc.utah.edu/common/home/kapheim-group2/nmel_immune_tagseq/kate_practice/nmel_tagseq/fastq_files/GSAF_files_prac/outputsfolder/trim.txt, /uufs/chpc.utah.edu/common/home/kapheim-group2/nmel_immune_tagseq/kate_practice/nmel_tagseq/fastq_files/GSAF_files_prac/outputsfolder/qual.txt
    jobid: 1
    reason: Missing output files: /uufs/chpc.utah.edu/common/home/kapheim-group2/nmel_immune_tagseq/kate_practice/nmel_tagseq/fastq_files/GSAF_files_prac/outputsfolder/trim.txt, /uufs/chpc.utah.edu/common/home/kapheim-group2/nmel_immune_tagseq/kate_practice/nmel_tagseq/fastq_files/GSAF_files_prac/outputsfolder/qual.txt; Code has changed since last execution
    resources: tmpdir=/tmp, mem_mb=1000

Some jobs were triggered by provenance information, see 'reason' section in the rule displays above.
If you prefer that only modification time is used to determine whether a job shall be executed, use the command line option '--rerun-triggers mtime' (also see --help).
If you are sure that a change for a certain output file (say, <outfile>) won't change the result (e.g. because you just changed the formatting of a script or environment definition), you can also wipe its metadata to skip such a trigger via 'snakemake --cleanup-metadata <outfile>'. 
Rules with provenance triggered jobs: summaryoutput

RuleException in rule summaryoutput in line 242 of /uufs/chpc.utah.edu/common/home/kapheim-group2/nmel_immune_tagseq/kate_practice/nmel_tagseq/scripts/snake/khprac/snakefile:
AttributeError: 'InputFiles' object has no attribute 'qual', when formatting the following:

             sh {params.bashscript_tab} {input.origfiles} originalseqs_totals {output.orig} 
             sh {params.bashscript_tab} {input.concatenated} concatenated_totals {output.concat}
             sh {params.bashscript_nonzip} {input.trimmed} trimmed_totals {output.trim} .fastq
             sh {params.bashscript_nonzip} {input.qual} qualcheck_totals {output.qual} .qualfilt
             
