Building DAG of jobs...
Using shell: /usr/bin/bash
Provided cluster nodes: 10
Job counts:
	count	jobs
	1	align_reads_SAM
	1	all
	1	clip
	1	combine
	1	convertSAMtoBAMsort
	1	cutadapt
	1	featurecounts
	1	summaryoutputs
	8

[Wed Jan 18 19:26:54 2023]
rule combine:
    input: /uufs/chpc.utah.edu/common/home/kapheim-group2/nmel_immune_tagseq/kate_practice/nmel_tagseq/fastq_files/GSAF_files_prac/original_files/11_S109_L001_R1_001.fastq.gz, /uufs/chpc.utah.edu/common/home/kapheim-group2/nmel_immune_tagseq/kate_practice/nmel_tagseq/fastq_files/GSAF_files_prac/original_files/11_S109_L002_R1_001.fastq.gz
    output: /uufs/chpc.utah.edu/common/home/kapheim-group2/nmel_immune_tagseq/kate_practice/nmel_tagseq/fastq_files/GSAF_files_prac/concatenated/11_S109.cmb.fastq.gz
    jobid: 3
    wildcards: sample=11_S109
    resources: mem_mb=1000

Submitted job 3 with external jobid 'Submitted batch job 6831837 on cluster notchpeak'.

[Wed Jan 18 19:26:55 2023]
rule summaryoutputs:
    input: /uufs/chpc.utah.edu/common/home/kapheim-group2/nmel_immune_tagseq/kate_practice/nmel_tagseq/fastq_files/GSAF_files_prac/original_files, /uufs/chpc.utah.edu/common/home/kapheim-group2/nmel_immune_tagseq/kate_practice/nmel_tagseq/fastq_files/GSAF_files_prac/concatenated, /uufs/chpc.utah.edu/common/home/kapheim-group2/nmel_immune_tagseq/kate_practice/nmel_tagseq/fastq_files/GSAF_files_prac/trimmed, /uufs/chpc.utah.edu/common/home/kapheim-group2/nmel_immune_tagseq/kate_practice/nmel_tagseq/fastq_files/GSAF_files_prac/qual_filter/cutadapt, /uufs/chpc.utah.edu/common/home/kapheim-group2/nmel_immune_tagseq/kate_practice/nmel_tagseq/fastq_files/GSAF_files_prac/SAM, /uufs/chpc.utah.edu/common/home/kapheim-group2/nmel_immune_tagseq/kate_practice/nmel_tagseq/fastq_files/GSAF_files_prac/featurecounts
    output: /uufs/chpc.utah.edu/common/home/kapheim-group2/nmel_immune_tagseq/kate_practice/nmel_tagseq/fastq_files/GSAF_files_prac/outputsfolder/seqcounts.txt, /uufs/chpc.utah.edu/common/home/kapheim-group2/nmel_immune_tagseq/kate_practice/nmel_tagseq/fastq_files/GSAF_files_prac/outputsfolder/concat.txt, /uufs/chpc.utah.edu/common/home/kapheim-group2/nmel_immune_tagseq/kate_practice/nmel_tagseq/fastq_files/GSAF_files_prac/outputsfolder/trim.txt, /uufs/chpc.utah.edu/common/home/kapheim-group2/nmel_immune_tagseq/kate_practice/nmel_tagseq/fastq_files/GSAF_files_prac/outputsfolder/qual.txt, /uufs/chpc.utah.edu/common/home/kapheim-group2/nmel_immune_tagseq/kate_practice/nmel_tagseq/fastq_files/GSAF_files_prac/outputsfolder/align.txt, /uufs/chpc.utah.edu/common/home/kapheim-group2/nmel_immune_tagseq/kate_practice/nmel_tagseq/fastq_files/GSAF_files_prac/outputsfolder/featurecounts.txt
    jobid: 20
    resources: mem_mb=1000

Submitted job 20 with external jobid 'Submitted batch job 6831838 on cluster notchpeak'.
[Wed Jan 18 19:28:35 2023]
Finished job 20.
1 of 8 steps (12%) done
[Wed Jan 18 19:29:25 2023]
Finished job 3.
2 of 8 steps (25%) done

[Wed Jan 18 19:29:25 2023]
rule clip:
    input: /uufs/chpc.utah.edu/common/home/kapheim-group2/nmel_immune_tagseq/kate_practice/nmel_tagseq/fastq_files/GSAF_files_prac/concatenated/11_S109.cmb.fastq.gz
    output: /uufs/chpc.utah.edu/common/home/kapheim-group2/nmel_immune_tagseq/kate_practice/nmel_tagseq/fastq_files/GSAF_files_prac/trimmed/11_S109.trim.fastq
    jobid: 6
    wildcards: sample=11_S109
    resources: mem_mb=1000

Submitted job 6 with external jobid 'Submitted batch job 6831841 on cluster notchpeak'.
[Wed Jan 18 19:30:05 2023]
Finished job 6.
3 of 8 steps (38%) done

[Wed Jan 18 19:30:05 2023]
rule cutadapt:
    input: /uufs/chpc.utah.edu/common/home/kapheim-group2/nmel_immune_tagseq/kate_practice/nmel_tagseq/fastq_files/GSAF_files_prac/trimmed/11_S109.trim.fastq
    output: /uufs/chpc.utah.edu/common/home/kapheim-group2/nmel_immune_tagseq/kate_practice/nmel_tagseq/fastq_files/GSAF_files_prac/qual_filter/cutadapt/11_S109.qualfilt
    jobid: 9
    wildcards: sample=11_S109
    resources: mem_mb=1000

Submitted job 9 with external jobid 'Submitted batch job 6831842 on cluster notchpeak'.
[Wed Jan 18 19:32:15 2023]
Finished job 9.
4 of 8 steps (50%) done

[Wed Jan 18 19:32:15 2023]
rule align_reads_SAM:
    input: /uufs/chpc.utah.edu/common/home/kapheim-group2/nmel_immune_tagseq/kate_practice/nmel_tagseq/fastq_files/GSAF_files_prac/qual_filter/cutadapt/11_S109.qualfilt
    output: /uufs/chpc.utah.edu/common/home/kapheim-group2/nmel_immune_tagseq/kate_practice/nmel_tagseq/fastq_files/GSAF_files_prac/SAM/11_S109/11_S109_Aligned.out.sam
    jobid: 13
    wildcards: sample=11_S109
    resources: mem_mb=40000

Submitted job 13 with external jobid 'Submitted batch job 6831847 on cluster notchpeak'.
[Wed Jan 18 19:32:45 2023]
Finished job 13.
5 of 8 steps (62%) done

[Wed Jan 18 19:32:45 2023]
rule convertSAMtoBAMsort:
    input: /uufs/chpc.utah.edu/common/home/kapheim-group2/nmel_immune_tagseq/kate_practice/nmel_tagseq/fastq_files/GSAF_files_prac/SAM/11_S109/11_S109_Aligned.out.sam
    output: /uufs/chpc.utah.edu/common/home/kapheim-group2/nmel_immune_tagseq/kate_practice/nmel_tagseq/fastq_files/GSAF_files_prac/BAM/11_S109/11_S109_Aligned.out.bam, /uufs/chpc.utah.edu/common/home/kapheim-group2/nmel_immune_tagseq/kate_practice/nmel_tagseq/fastq_files/GSAF_files_prac/BAM/11_S109/sortedbycoord/11_S109namesort.bam
    jobid: 16
    wildcards: sample=11_S109
    resources: mem_mb=40000

Submitted job 16 with external jobid 'Submitted batch job 6831848 on cluster notchpeak'.
[Wed Jan 18 19:33:55 2023]
Finished job 16.
6 of 8 steps (75%) done

[Wed Jan 18 19:33:55 2023]
rule featurecounts:
    input: /uufs/chpc.utah.edu/common/home/kapheim-group2/nmel_immune_tagseq/kate_practice/nmel_tagseq/genome/genome_files/NMEL_OGS_v2.1.0.gff3, /uufs/chpc.utah.edu/common/home/kapheim-group2/nmel_immune_tagseq/kate_practice/nmel_tagseq/fastq_files/GSAF_files_prac/BAM/11_S109/sortedbycoord/11_S109namesort.bam
    output: /uufs/chpc.utah.edu/common/home/kapheim-group2/nmel_immune_tagseq/kate_practice/nmel_tagseq/fastq_files/GSAF_files_prac/featurecounts/11_S109.txt
    jobid: 19
    wildcards: sample=11_S109
    resources: mem_mb=1000

Submitted job 19 with external jobid 'Submitted batch job 6831849 on cluster notchpeak'.
[Wed Jan 18 19:34:05 2023]
Finished job 19.
7 of 8 steps (88%) done

[Wed Jan 18 19:34:05 2023]
localrule all:
    input: /uufs/chpc.utah.edu/common/home/kapheim-group2/nmel_immune_tagseq/kate_practice/nmel_tagseq/fastq_files/GSAF_files_prac/original_files/10_S102_L001_R1_001.fastq.gz, /uufs/chpc.utah.edu/common/home/kapheim-group2/nmel_immune_tagseq/kate_practice/nmel_tagseq/fastq_files/GSAF_files_prac/original_files/29_S67_L001_R1_001.fastq.gz, /uufs/chpc.utah.edu/common/home/kapheim-group2/nmel_immune_tagseq/kate_practice/nmel_tagseq/fastq_files/GSAF_files_prac/original_files/11_S109_L001_R1_001.fastq.gz, /uufs/chpc.utah.edu/common/home/kapheim-group2/nmel_immune_tagseq/kate_practice/nmel_tagseq/fastq_files/GSAF_files_prac/concatenated/10_S102.cmb.fastq.gz, /uufs/chpc.utah.edu/common/home/kapheim-group2/nmel_immune_tagseq/kate_practice/nmel_tagseq/fastq_files/GSAF_files_prac/concatenated/29_S67.cmb.fastq.gz, /uufs/chpc.utah.edu/common/home/kapheim-group2/nmel_immune_tagseq/kate_practice/nmel_tagseq/fastq_files/GSAF_files_prac/concatenated/11_S109.cmb.fastq.gz, /uufs/chpc.utah.edu/common/home/kapheim-group2/nmel_immune_tagseq/kate_practice/nmel_tagseq/fastq_files/GSAF_files_prac/trimmed/10_S102.trim.fastq, /uufs/chpc.utah.edu/common/home/kapheim-group2/nmel_immune_tagseq/kate_practice/nmel_tagseq/fastq_files/GSAF_files_prac/trimmed/29_S67.trim.fastq, /uufs/chpc.utah.edu/common/home/kapheim-group2/nmel_immune_tagseq/kate_practice/nmel_tagseq/fastq_files/GSAF_files_prac/trimmed/11_S109.trim.fastq, /uufs/chpc.utah.edu/common/home/kapheim-group2/nmel_immune_tagseq/kate_practice/nmel_tagseq/fastq_files/GSAF_files_prac/qual_filter/cutadapt/10_S102.qualfilt, /uufs/chpc.utah.edu/common/home/kapheim-group2/nmel_immune_tagseq/kate_practice/nmel_tagseq/fastq_files/GSAF_files_prac/qual_filter/cutadapt/29_S67.qualfilt, /uufs/chpc.utah.edu/common/home/kapheim-group2/nmel_immune_tagseq/kate_practice/nmel_tagseq/fastq_files/GSAF_files_prac/qual_filter/cutadapt/11_S109.qualfilt, /uufs/chpc.utah.edu/common/home/kapheim-group2/nmel_immune_tagseq/kate_practice/nmel_tagseq/genome/index_done.txt, /uufs/chpc.utah.edu/common/home/kapheim-group2/nmel_immune_tagseq/kate_practice/nmel_tagseq/fastq_files/GSAF_files_prac/SAM/10_S102/10_S102_Aligned.out.sam, /uufs/chpc.utah.edu/common/home/kapheim-group2/nmel_immune_tagseq/kate_practice/nmel_tagseq/fastq_files/GSAF_files_prac/SAM/29_S67/29_S67_Aligned.out.sam, /uufs/chpc.utah.edu/common/home/kapheim-group2/nmel_immune_tagseq/kate_practice/nmel_tagseq/fastq_files/GSAF_files_prac/SAM/11_S109/11_S109_Aligned.out.sam, /uufs/chpc.utah.edu/common/home/kapheim-group2/nmel_immune_tagseq/kate_practice/nmel_tagseq/fastq_files/GSAF_files_prac/BAM/10_S102/10_S102_Aligned.out.bam, /uufs/chpc.utah.edu/common/home/kapheim-group2/nmel_immune_tagseq/kate_practice/nmel_tagseq/fastq_files/GSAF_files_prac/BAM/29_S67/29_S67_Aligned.out.bam, /uufs/chpc.utah.edu/common/home/kapheim-group2/nmel_immune_tagseq/kate_practice/nmel_tagseq/fastq_files/GSAF_files_prac/BAM/11_S109/11_S109_Aligned.out.bam, /uufs/chpc.utah.edu/common/home/kapheim-group2/nmel_immune_tagseq/kate_practice/nmel_tagseq/fastq_files/GSAF_files_prac/BAM/10_S102/sortedbycoord/10_S102namesort.bam, /uufs/chpc.utah.edu/common/home/kapheim-group2/nmel_immune_tagseq/kate_practice/nmel_tagseq/fastq_files/GSAF_files_prac/BAM/29_S67/sortedbycoord/29_S67namesort.bam, /uufs/chpc.utah.edu/common/home/kapheim-group2/nmel_immune_tagseq/kate_practice/nmel_tagseq/fastq_files/GSAF_files_prac/BAM/11_S109/sortedbycoord/11_S109namesort.bam, /uufs/chpc.utah.edu/common/home/kapheim-group2/nmel_immune_tagseq/kate_practice/nmel_tagseq/fastq_files/GSAF_files_prac/featurecounts/10_S102.txt, /uufs/chpc.utah.edu/common/home/kapheim-group2/nmel_immune_tagseq/kate_practice/nmel_tagseq/fastq_files/GSAF_files_prac/featurecounts/29_S67.txt, /uufs/chpc.utah.edu/common/home/kapheim-group2/nmel_immune_tagseq/kate_practice/nmel_tagseq/fastq_files/GSAF_files_prac/featurecounts/11_S109.txt, /uufs/chpc.utah.edu/common/home/kapheim-group2/nmel_immune_tagseq/kate_practice/nmel_tagseq/fastq_files/GSAF_files_prac/outputsfolder/seqcounts.txt, /uufs/chpc.utah.edu/common/home/kapheim-group2/nmel_immune_tagseq/kate_practice/nmel_tagseq/fastq_files/GSAF_files_prac/outputsfolder/concat.txt
    jobid: 0

[Wed Jan 18 19:34:05 2023]
Finished job 0.
8 of 8 steps (100%) done
Complete log: /uufs/chpc.utah.edu/common/home/kapheim-group2/nmel_immune_tagseq/kate_practice/nmel_tagseq/scripts/snake/khprac/.snakemake/log/2023-01-18T192654.545792.snakemake.log
