Building DAG of jobs...
Using shell: /usr/bin/bash
Provided cluster nodes: 4
Job counts:
	count	jobs
	1	all
	1	joininginR
	2

[Mon Jan 23 11:33:16 2023]
rule joininginR:
    input: /uufs/chpc.utah.edu/common/home/kapheim-group2/kate_projects/nmel_tagseq/analysis/GSAF_files_prac/outputsfolder/cmb_orig.txt, /uufs/chpc.utah.edu/common/home/kapheim-group2/kate_projects/nmel_tagseq/analysis/GSAF_files_prac/outputsfolder/concat.txt, /uufs/chpc.utah.edu/common/home/kapheim-group2/kate_projects/nmel_tagseq/analysis/GSAF_files_prac/outputsfolder/trim.txt, /uufs/chpc.utah.edu/common/home/kapheim-group2/kate_projects/nmel_tagseq/analysis/GSAF_files_prac/outputsfolder/qual.txt, /uufs/chpc.utah.edu/common/home/kapheim-group2/kate_projects/nmel_tagseq/analysis/GSAF_files_prac/outputsfolder/align.txt, /uufs/chpc.utah.edu/common/home/kapheim-group2/kate_projects/nmel_tagseq/analysis/GSAF_files_prac/outputsfolder/featurecounts.txt
    output: /uufs/chpc.utah.edu/common/home/kapheim-group2/kate_projects/nmel_tagseq/analysis/GSAF_files_prac/outputsfolder/Rcombtable.txt, /uufs/chpc.utah.edu/common/home/kapheim-group2/kate_projects/nmel_tagseq/analysis/GSAF_files_prac/outputsfolder/joined_tables.txt, /uufs/chpc.utah.edu/common/home/kapheim-group2/kate_projects/nmel_tagseq/analysis/GSAF_files_prac/outputsfolder/joined_long.txt
    jobid: 22
    resources: mem_mb=1000

Submitted job 22 with external jobid 'Submitted batch job 6880631 on cluster notchpeak'.
[Mon Jan 23 11:33:26 2023]
Error in rule joininginR:
    jobid: 22
    output: /uufs/chpc.utah.edu/common/home/kapheim-group2/kate_projects/nmel_tagseq/analysis/GSAF_files_prac/outputsfolder/Rcombtable.txt, /uufs/chpc.utah.edu/common/home/kapheim-group2/kate_projects/nmel_tagseq/analysis/GSAF_files_prac/outputsfolder/joined_tables.txt, /uufs/chpc.utah.edu/common/home/kapheim-group2/kate_projects/nmel_tagseq/analysis/GSAF_files_prac/outputsfolder/joined_long.txt
    shell:
        
             cd /uufs/chpc.utah.edu/common/home/kapheim-group2/kate_projects/nmel_tagseq/analysis/GSAF_files_prac/outputsfolder/
             Rscript /uufs/chpc.utah.edu/common/home/kapheim-group2/kate_projects/nmel_tagseq/scripts/R_scripts/comb_tables.R /uufs/chpc.utah.edu/common/home/kapheim-group2/kate_projects/nmel_tagseq/analysis/GSAF_files_prac/outputsfolder/cmb_orig.txt /uufs/chpc.utah.edu/common/home/kapheim-group2/kate_projects/nmel_tagseq/analysis/GSAF_files_prac/outputsfolder/concat.txt /uufs/chpc.utah.edu/common/home/kapheim-group2/kate_projects/nmel_tagseq/analysis/GSAF_files_prac/outputsfolder/trim.txt /uufs/chpc.utah.edu/common/home/kapheim-group2/kate_projects/nmel_tagseq/analysis/GSAF_files_prac/outputsfolder/qual.txt /uufs/chpc.utah.edu/common/home/kapheim-group2/kate_projects/nmel_tagseq/analysis/GSAF_files_prac/outputsfolder/align.txt /uufs/chpc.utah.edu/common/home/kapheim-group2/kate_projects/nmel_tagseq/analysis/GSAF_files_prac/outputsfolder/featurecounts.txt Rcombtable.txt 
             column -t /uufs/chpc.utah.edu/common/home/kapheim-group2/kate_projects/nmel_tagseq/analysis/GSAF_files_prac/outputsfolder/Rcombtable.txt> /uufs/chpc.utah.edu/common/home/kapheim-group2/kate_projects/nmel_tagseq/analysis/GSAF_files_prac/outputsfolder/joined_tables.txt
             awk -f /uufs/chpc.utah.edu/common/home/kapheim-group2/kate_projects/nmel_tagseq/scripts/awk_scripts/tst.awk /uufs/chpc.utah.edu/common/home/kapheim-group2/kate_projects/nmel_tagseq/analysis/GSAF_files_prac/outputsfolder/joined_tables.txt | column -t > /uufs/chpc.utah.edu/common/home/kapheim-group2/kate_projects/nmel_tagseq/analysis/GSAF_files_prac/outputsfolder/joined_long.txt
             
        (one of the commands exited with non-zero exit code; note that snakemake uses bash strict mode!)
    cluster_jobid: Submitted batch job 6880631 on cluster notchpeak

Error executing rule joininginR on cluster (jobid: 22, external: Submitted batch job 6880631 on cluster notchpeak, jobscript: /uufs/chpc.utah.edu/common/home/kapheim-group2/kate_projects/nmel_tagseq/scripts/snake/kh_snakes/.snakemake/tmp.h9jmbqq2/snakejob.joininginR.22.sh). For error details see the cluster log and the log files of the involved rule(s).
Shutting down, this might take some time.
Exiting because a job execution failed. Look above for error message
Complete log: /uufs/chpc.utah.edu/common/home/kapheim-group2/kate_projects/nmel_tagseq/scripts/snake/kh_snakes/.snakemake/log/2023-01-23T113315.789161.snakemake.log
