Building DAG of jobs...
Using shell: /usr/bin/bash
Provided cluster nodes: 10
Job counts:
	count	jobs
	1	align_reads_SAM
	1	all
	1	cmboutput
	1	convertSAMtoBAMsort
	1	cutadapt
	1	featurecounts
	1	joininginR
	1	summaryoutputs
	8

[Wed Jan 18 18:41:45 2023]
rule cutadapt:
    input: /uufs/chpc.utah.edu/common/home/kapheim-group2/nmel_immune_tagseq/kate_practice/nmel_tagseq/fastq_files/GSAF_files_prac/trimmed/21_S96.trim.fastq
    output: /uufs/chpc.utah.edu/common/home/kapheim-group2/nmel_immune_tagseq/kate_practice/nmel_tagseq/fastq_files/GSAF_files_prac/qual_filter/cutadapt/21_S96.qualfilt
    jobid: 15
    wildcards: sample=21_S96
    resources: mem_mb=1000

Submitted job 15 with external jobid 'Submitted batch job 6831768 on cluster notchpeak'.
[Wed Jan 18 18:41:54 2023]
Error in rule cutadapt:
    jobid: 15
    output: /uufs/chpc.utah.edu/common/home/kapheim-group2/nmel_immune_tagseq/kate_practice/nmel_tagseq/fastq_files/GSAF_files_prac/qual_filter/cutadapt/21_S96.qualfilt
    shell:
        
             cd /uufs/chpc.utah.edu/common/home/kapheim-group2/nmel_immune_tagseq/kate_practice/nmel_tagseq/fastq_files/GSAF_files_prac/trimmed/
             module load fastx_toolkit
             module load cutadapt
             cutadapt -a AAAAAAAAA -m 20 -O 4 -q 20 /uufs/chpc.utah.edu/common/home/kapheim-group2/nmel_immune_tagseq/kate_practice/nmel_tagseq/fastq_files/GSAF_files_prac/trimmed/21_S96.trim.fastq |              cutadapt -a AGATCGGAAG -m 20 -O 7 -q 20 - |              fastq_quality_filter -Q33 -q 10 -p 90 > /uufs/chpc.utah.edu/common/home/kapheim-group2/nmel_immune_tagseq/kate_practice/nmel_tagseq/fastq_files/GSAF_files_prac/qual_filter/cutadapt/21_S96.qualfilt
             
        (one of the commands exited with non-zero exit code; note that snakemake uses bash strict mode!)
    cluster_jobid: Submitted batch job 6831768 on cluster notchpeak

Error executing rule cutadapt on cluster (jobid: 15, external: Submitted batch job 6831768 on cluster notchpeak, jobscript: /uufs/chpc.utah.edu/common/home/kapheim-group2/nmel_immune_tagseq/kate_practice/nmel_tagseq/scripts/snake/khprac/.snakemake/tmp.ll4px2fr/snakejob.cutadapt.15.sh). For error details see the cluster log and the log files of the involved rule(s).
Shutting down, this might take some time.
Exiting because a job execution failed. Look above for error message
Complete log: /uufs/chpc.utah.edu/common/home/kapheim-group2/nmel_immune_tagseq/kate_practice/nmel_tagseq/scripts/snake/khprac/.snakemake/log/2023-01-18T184144.472093.snakemake.log
