Building DAG of jobs...
Job stats:
job               count    min threads    max threads
--------------  -------  -------------  -------------
all                   1              1              1
cmboutput             1              1              1
joininginR            1              1              1
summaryoutputs        1              1              1
total                 4              1              1


[Wed Jan 18 15:40:32 2023]
rule summaryoutputs:
    input: /uufs/chpc.utah.edu/common/home/kapheim-group2/nmel_immune_tagseq/kate_practice/nmel_tagseq/fastq_files/GSAF_files_prac/original_files, /uufs/chpc.utah.edu/common/home/kapheim-group2/nmel_immune_tagseq/kate_practice/nmel_tagseq/fastq_files/GSAF_files_prac/concatenated, /uufs/chpc.utah.edu/common/home/kapheim-group2/nmel_immune_tagseq/kate_practice/nmel_tagseq/fastq_files/GSAF_files_prac/trimmed, /uufs/chpc.utah.edu/common/home/kapheim-group2/nmel_immune_tagseq/kate_practice/nmel_tagseq/fastq_files/GSAF_files_prac/qual_filter/cutadapt, /uufs/chpc.utah.edu/common/home/kapheim-group2/nmel_immune_tagseq/kate_practice/nmel_tagseq/fastq_files/GSAF_files_prac/SAM/KHfiles, /uufs/chpc.utah.edu/common/home/kapheim-group2/nmel_immune_tagseq/kate_practice/nmel_tagseq/fastq_files/GSAF_files_prac/featurecounts/stranded_checks/strandedisunstranded
    output: /uufs/chpc.utah.edu/common/home/kapheim-group2/nmel_immune_tagseq/kate_practice/nmel_tagseq/fastq_files/GSAF_files_prac/outputsfolder/seqcounts.txt, /uufs/chpc.utah.edu/common/home/kapheim-group2/nmel_immune_tagseq/kate_practice/nmel_tagseq/fastq_files/GSAF_files_prac/outputsfolder/concat.txt, /uufs/chpc.utah.edu/common/home/kapheim-group2/nmel_immune_tagseq/kate_practice/nmel_tagseq/fastq_files/GSAF_files_prac/outputsfolder/trim.txt, /uufs/chpc.utah.edu/common/home/kapheim-group2/nmel_immune_tagseq/kate_practice/nmel_tagseq/fastq_files/GSAF_files_prac/outputsfolder/qual.txt, /uufs/chpc.utah.edu/common/home/kapheim-group2/nmel_immune_tagseq/kate_practice/nmel_tagseq/fastq_files/GSAF_files_prac/outputsfolder/align.txt, /uufs/chpc.utah.edu/common/home/kapheim-group2/nmel_immune_tagseq/kate_practice/nmel_tagseq/fastq_files/GSAF_files_prac/outputsfolder/featurecounts.txt
    jobid: 1
    reason: Code has changed since last execution
    resources: tmpdir=/tmp, mem_mb=1000


[Wed Jan 18 15:40:32 2023]
rule cmboutput:
    input: /uufs/chpc.utah.edu/common/home/kapheim-group2/nmel_immune_tagseq/kate_practice/nmel_tagseq/fastq_files/GSAF_files_prac/outputsfolder/seqcounts.txt
    output: /uufs/chpc.utah.edu/common/home/kapheim-group2/nmel_immune_tagseq/kate_practice/nmel_tagseq/fastq_files/GSAF_files_prac/outputsfolder/cmb_orig.txt
    jobid: 2
    reason: Input files updated by another job: /uufs/chpc.utah.edu/common/home/kapheim-group2/nmel_immune_tagseq/kate_practice/nmel_tagseq/fastq_files/GSAF_files_prac/outputsfolder/seqcounts.txt
    resources: tmpdir=/tmp, mem_mb=1000


[Wed Jan 18 15:40:32 2023]
rule joininginR:
    input: /uufs/chpc.utah.edu/common/home/kapheim-group2/nmel_immune_tagseq/kate_practice/nmel_tagseq/fastq_files/GSAF_files_prac/outputsfolder/cmb_orig.txt, /uufs/chpc.utah.edu/common/home/kapheim-group2/nmel_immune_tagseq/kate_practice/nmel_tagseq/fastq_files/GSAF_files_prac/outputsfolder/concat.txt, /uufs/chpc.utah.edu/common/home/kapheim-group2/nmel_immune_tagseq/kate_practice/nmel_tagseq/fastq_files/GSAF_files_prac/outputsfolder/trim.txt, /uufs/chpc.utah.edu/common/home/kapheim-group2/nmel_immune_tagseq/kate_practice/nmel_tagseq/fastq_files/GSAF_files_prac/outputsfolder/qual.txt, /uufs/chpc.utah.edu/common/home/kapheim-group2/nmel_immune_tagseq/kate_practice/nmel_tagseq/fastq_files/GSAF_files_prac/outputsfolder/align.txt
    output: /uufs/chpc.utah.edu/common/home/kapheim-group2/nmel_immune_tagseq/kate_practice/nmel_tagseq/fastq_files/GSAF_files_prac/outputsfolder/Rcombtable.txt, /uufs/chpc.utah.edu/common/home/kapheim-group2/nmel_immune_tagseq/kate_practice/nmel_tagseq/fastq_files/GSAF_files_prac/outputsfolder/joined_tables.txt, /uufs/chpc.utah.edu/common/home/kapheim-group2/nmel_immune_tagseq/kate_practice/nmel_tagseq/fastq_files/GSAF_files_prac/outputsfolder/joined_long.txt
    jobid: 3
    reason: Input files updated by another job: /uufs/chpc.utah.edu/common/home/kapheim-group2/nmel_immune_tagseq/kate_practice/nmel_tagseq/fastq_files/GSAF_files_prac/outputsfolder/qual.txt, /uufs/chpc.utah.edu/common/home/kapheim-group2/nmel_immune_tagseq/kate_practice/nmel_tagseq/fastq_files/GSAF_files_prac/outputsfolder/align.txt, /uufs/chpc.utah.edu/common/home/kapheim-group2/nmel_immune_tagseq/kate_practice/nmel_tagseq/fastq_files/GSAF_files_prac/outputsfolder/cmb_orig.txt, /uufs/chpc.utah.edu/common/home/kapheim-group2/nmel_immune_tagseq/kate_practice/nmel_tagseq/fastq_files/GSAF_files_prac/outputsfolder/trim.txt, /uufs/chpc.utah.edu/common/home/kapheim-group2/nmel_immune_tagseq/kate_practice/nmel_tagseq/fastq_files/GSAF_files_prac/outputsfolder/concat.txt
    resources: tmpdir=/tmp, mem_mb=1000

Some jobs were triggered by provenance information, see 'reason' section in the rule displays above.
If you prefer that only modification time is used to determine whether a job shall be executed, use the command line option '--rerun-triggers mtime' (also see --help).
If you are sure that a change for a certain output file (say, <outfile>) won't change the result (e.g. because you just changed the formatting of a script or environment definition), you can also wipe its metadata to skip such a trigger via 'snakemake --cleanup-metadata <outfile>'. 
Rules with provenance triggered jobs: summaryoutputs

RuleException in rule joininginR in line 301 of /uufs/chpc.utah.edu/common/home/kapheim-group2/nmel_immune_tagseq/kate_practice/nmel_tagseq/scripts/snake/khprac/snakefile:
AttributeError: 'Params' object has no attribute 'tablename', when formatting the following:

             cd {params.outdir}
             Rscript {params.r_merge} {input.first} {input.sec} {input.third} {input.sectolast} {input.last} {params.tablename} 
             column -t {output.R_table}> {output.tall_table}
             awk -f {params.awk_script} {output.tall_table} | column -t > {output.long_table}
             
