Building DAG of jobs...
Using shell: /usr/bin/bash
Provided cluster nodes: 5
Job counts:
	count	jobs
	1	all
	4	concatenate_files
	5

[Fri Dec 17 14:35:16 2021]
rule concatenate_files:
    input: /uufs/chpc.utah.edu/common/home/kapheim-group2/nmel_immune_tagseq/kate_practice/nmel_tagseq/fastq_practice/11_S109_L001.fastq
    output: /uufs/chpc.utah.edu/common/home/kapheim-group2/nmel_immune_tagseq/kate_practice/nmel_tagseq/fastq_practice/11_S109_L001.fq
    jobid: 7
    wildcards: sample=11_S109, lane=1
    resources: mem_mb=1000

Submitted job 7 with external jobid 'Submitted batch job 3720424 on cluster notchpeak'.

[Fri Dec 17 14:35:16 2021]
rule concatenate_files:
    input: /uufs/chpc.utah.edu/common/home/kapheim-group2/nmel_immune_tagseq/kate_practice/nmel_tagseq/fastq_practice/10_S102_L002.fastq
    output: /uufs/chpc.utah.edu/common/home/kapheim-group2/nmel_immune_tagseq/kate_practice/nmel_tagseq/fastq_practice/10_S102_L002.fq
    jobid: 6
    wildcards: sample=10_S102, lane=2
    resources: mem_mb=1000

Submitted job 6 with external jobid 'Submitted batch job 3720425 on cluster notchpeak'.

[Fri Dec 17 14:35:17 2021]
rule concatenate_files:
    input: /uufs/chpc.utah.edu/common/home/kapheim-group2/nmel_immune_tagseq/kate_practice/nmel_tagseq/fastq_practice/11_S109_L002.fastq
    output: /uufs/chpc.utah.edu/common/home/kapheim-group2/nmel_immune_tagseq/kate_practice/nmel_tagseq/fastq_practice/11_S109_L002.fq
    jobid: 8
    wildcards: sample=11_S109, lane=2
    resources: mem_mb=1000

Submitted job 8 with external jobid 'Submitted batch job 3720426 on cluster notchpeak'.

[Fri Dec 17 14:35:17 2021]
rule concatenate_files:
    input: /uufs/chpc.utah.edu/common/home/kapheim-group2/nmel_immune_tagseq/kate_practice/nmel_tagseq/fastq_practice/10_S102_L001.fastq
    output: /uufs/chpc.utah.edu/common/home/kapheim-group2/nmel_immune_tagseq/kate_practice/nmel_tagseq/fastq_practice/10_S102_L001.fq
    jobid: 5
    wildcards: sample=10_S102, lane=1
    resources: mem_mb=1000

Submitted job 5 with external jobid 'Submitted batch job 3720427 on cluster notchpeak'.
[Fri Dec 17 14:35:36 2021]
Error in rule concatenate_files:
    jobid: 7
    output: /uufs/chpc.utah.edu/common/home/kapheim-group2/nmel_immune_tagseq/kate_practice/nmel_tagseq/fastq_practice/11_S109_L001.fq
    shell:
        
             cd /uufs/chpc.utah.edu/common/home/kapheim-group2/nmel_immune_tagseq/kate_practice/nmel_tagseq/fastq_practice/ perl ngs_concat.pl '' '(.+)_L'
             
        (exited with non-zero exit code)
    cluster_jobid: Submitted batch job 3720424 on cluster notchpeak

Error executing rule concatenate_files on cluster (jobid: 7, external: Submitted batch job 3720424 on cluster notchpeak, jobscript: /uufs/chpc.utah.edu/common/home/kapheim-group2/nmel_immune_tagseq/kate_practice/nmel_tagseq/scripts/snake/khprac/.snakemake/tmp.ehi5_9rf/snakejob.concatenate_files.7.sh). For error details see the cluster log and the log files of the involved rule(s).
[Fri Dec 17 14:35:36 2021]
Error in rule concatenate_files:
    jobid: 6
    output: /uufs/chpc.utah.edu/common/home/kapheim-group2/nmel_immune_tagseq/kate_practice/nmel_tagseq/fastq_practice/10_S102_L002.fq
    shell:
        
             cd /uufs/chpc.utah.edu/common/home/kapheim-group2/nmel_immune_tagseq/kate_practice/nmel_tagseq/fastq_practice/ perl ngs_concat.pl '' '(.+)_L'
             
        (exited with non-zero exit code)
    cluster_jobid: Submitted batch job 3720425 on cluster notchpeak

Error executing rule concatenate_files on cluster (jobid: 6, external: Submitted batch job 3720425 on cluster notchpeak, jobscript: /uufs/chpc.utah.edu/common/home/kapheim-group2/nmel_immune_tagseq/kate_practice/nmel_tagseq/scripts/snake/khprac/.snakemake/tmp.ehi5_9rf/snakejob.concatenate_files.6.sh). For error details see the cluster log and the log files of the involved rule(s).
[Fri Dec 17 14:35:36 2021]
Error in rule concatenate_files:
    jobid: 8
    output: /uufs/chpc.utah.edu/common/home/kapheim-group2/nmel_immune_tagseq/kate_practice/nmel_tagseq/fastq_practice/11_S109_L002.fq
    shell:
        
             cd /uufs/chpc.utah.edu/common/home/kapheim-group2/nmel_immune_tagseq/kate_practice/nmel_tagseq/fastq_practice/ perl ngs_concat.pl '' '(.+)_L'
             
        (exited with non-zero exit code)
    cluster_jobid: Submitted batch job 3720426 on cluster notchpeak

Error executing rule concatenate_files on cluster (jobid: 8, external: Submitted batch job 3720426 on cluster notchpeak, jobscript: /uufs/chpc.utah.edu/common/home/kapheim-group2/nmel_immune_tagseq/kate_practice/nmel_tagseq/scripts/snake/khprac/.snakemake/tmp.ehi5_9rf/snakejob.concatenate_files.8.sh). For error details see the cluster log and the log files of the involved rule(s).
[Fri Dec 17 14:35:36 2021]
Error in rule concatenate_files:
    jobid: 5
    output: /uufs/chpc.utah.edu/common/home/kapheim-group2/nmel_immune_tagseq/kate_practice/nmel_tagseq/fastq_practice/10_S102_L001.fq
    shell:
        
             cd /uufs/chpc.utah.edu/common/home/kapheim-group2/nmel_immune_tagseq/kate_practice/nmel_tagseq/fastq_practice/ perl ngs_concat.pl '' '(.+)_L'
             
        (exited with non-zero exit code)
    cluster_jobid: Submitted batch job 3720427 on cluster notchpeak

Error executing rule concatenate_files on cluster (jobid: 5, external: Submitted batch job 3720427 on cluster notchpeak, jobscript: /uufs/chpc.utah.edu/common/home/kapheim-group2/nmel_immune_tagseq/kate_practice/nmel_tagseq/scripts/snake/khprac/.snakemake/tmp.ehi5_9rf/snakejob.concatenate_files.5.sh). For error details see the cluster log and the log files of the involved rule(s).
Shutting down, this might take some time.
Exiting because a job execution failed. Look above for error message
Complete log: /uufs/chpc.utah.edu/common/home/kapheim-group2/nmel_immune_tagseq/kate_practice/nmel_tagseq/scripts/snake/khprac/.snakemake/log/2021-12-17T143516.691053.snakemake.log
